#
# A fatal error has been detected by the Java Runtime Environment:
#
#  EXCEPTION_UNCAUGHT_CXX_EXCEPTION (0xe06d7363) at pc=0x757f812f, pid=3772, tid=7512
#
# JRE version: 7.0_25-b17
# Java VM: Java HotSpot(TM) Client VM (23.25-b01 mixed mode, sharing windows-x86 )
# Problematic frame:
# C  [KERNELBASE.dll+0x812f]  RaiseException+0x54
#
# Failed to write core dump. Minidumps are not enabled by default on client versions of Windows
#
# If you would like to submit a bug report, please visit:
#   http://bugreport.sun.com/bugreport/crash.jsp
# The crash happened outside the Java Virtual Machine in native code.
# See problematic frame for where to report the bug.
#

---------------  T H R E A D  ---------------

Current thread (0x03e4d400):  JavaThread "Thread-3" [_thread_in_native, id=7512, stack(0x04820000,0x04870000)]

siginfo: ExceptionCode=0xe06d7363, ExceptionInformation=0x19930520 0x0485bc60 0x61214a88 

Registers:
EAX=0x0485bbbc, EBX=0x00000d4a, ECX=0x00000003, EDX=0x00000000
ESP=0x0485bbbc, EBP=0x0485bc0c, ESI=0x0486d2bc, EDI=0x61371ec6
EIP=0x757f812f, EFLAGS=0x00000202

Top of Stack: (sp=0x0485bbbc)
0x0485bbbc:   e06d7363 00000001 00000000 757f812f
0x0485bbcc:   00000003 19930520 0485bc60 61214a88
0x0485bbdc:   00000000 03e27e68 0485bcc4 0485bbd0
0x0485bbec:   0485bcc4 00000031 0485bc14 610440fe
0x0485bbfc:   03e27e68 03e27e20 00000031 0486d2bc
0x0485bc0c:   0485bc44 61387819 e06d7363 00000001
0x0485bc1c:   00000003 0485bc38 e06d7363 00000001
0x0485bc2c:   00000000 00000000 00000003 19930520 

Instructions: (pc=0x757f812f)
0x757f810f:   89 45 c0 c1 e0 02 50 ff 75 14 8d 45 c4 50 e8 18
0x757f811f:   e7 ff ff 83 c4 0c 8d 45 b0 50 ff 15 5c 11 7f 75
0x757f812f:   c9 c2 10 00 89 45 c0 eb ed 3d 01 01 00 00 0f 85
0x757f813f:   6d 96 ff ff e9 49 96 ff ff 8d 4d b8 ff 15 4c 10 


Register to memory mapping:

EAX=0x0485bbbc is pointing into the stack for thread: 0x03e4d400
EBX=0x00000d4a is an unknown value
ECX=0x00000003 is an unknown value
EDX=0x00000000 is an unknown value
ESP=0x0485bbbc is pointing into the stack for thread: 0x03e4d400
EBP=0x0485bc0c is pointing into the stack for thread: 0x03e4d400
ESI=0x0486d2bc is pointing into the stack for thread: 0x03e4d400
EDI=0x61371ec6 is an unknown value


Stack: [0x04820000,0x04870000],  sp=0x0485bbbc,  free space=238k
Native frames: (J=compiled Java code, j=interpreted, Vv=VM code, C=native code)
C  [KERNELBASE.dll+0x812f]  RaiseException+0x54
C  [msvcr100.dll+0x27819]  CxxThrowException+0x45

Java frames: (J=compiled Java code, j=interpreted, Vv=VM code)
j  com.googlecode.javacv.cpp.opencv_imgproc.cvCvtColor(Lcom/googlecode/javacv/cpp/opencv_core$CvArr;Lcom/googlecode/javacv/cpp/opencv_core$CvArr;I)V+0
j  com.futurecam.abe.ColoredObjectTrack.getThresholdImage(Lcom/googlecode/javacv/cpp/opencv_core$IplImage;)Lcom/googlecode/javacv/cpp/opencv_core$IplImage;+26
j  com.futurecam.abe.ColoredObjectTrack.run()V+35
j  java.lang.Thread.run()V+11
v  ~StubRoutines::call_stub

---------------  P R O C E S S  ---------------

Java Threads: ( => current thread )
  0x0047dc00 JavaThread "DestroyJavaVM" [_thread_blocked, id=2552, stack(0x00a60000,0x00ab0000)]
=>0x03e4d400 JavaThread "Thread-3" [_thread_in_native, id=7512, stack(0x04820000,0x04870000)]
  0x03e1a800 JavaThread "AWT-EventQueue-0" [_thread_blocked, id=7412, stack(0x046f0000,0x04740000)]
  0x03e0a000 JavaThread "AWT-Windows" daemon [_thread_in_native, id=7980, stack(0x03f70000,0x03fc0000)]
  0x03e09800 JavaThread "AWT-Shutdown" [_thread_blocked, id=5544, stack(0x040f0000,0x04140000)]
  0x03e00800 JavaThread "Java2D Disposer" daemon [_thread_blocked, id=7452, stack(0x04090000,0x040e0000)]
  0x00599000 JavaThread "Service Thread" daemon [_thread_blocked, id=4504, stack(0x03bd0000,0x03c20000)]
  0x0058ec00 JavaThread "C1 CompilerThread0" daemon [_thread_blocked, id=6616, stack(0x03ab0000,0x03b00000)]
  0x0058dc00 JavaThread "Attach Listener" daemon [_thread_blocked, id=5188, stack(0x03a10000,0x03a60000)]
  0x0058a800 JavaThread "Signal Dispatcher" daemon [_thread_blocked, id=7548, stack(0x03c60000,0x03cb0000)]
  0x00579000 JavaThread "Finalizer" daemon [_thread_blocked, id=6984, stack(0x03b50000,0x03ba0000)]
  0x00574400 JavaThread "Reference Handler" daemon [_thread_blocked, id=7992, stack(0x00cd0000,0x00d20000)]

Other Threads:
  0x00573000 VMThread [stack: 0x03a60000,0x03ab0000] [id=1416]
  0x005ab000 WatcherThread [stack: 0x00c50000,0x00ca0000] [id=4520]

VM state:not at safepoint (normal execution)

VM Mutex/Monitor currently owned by a thread: None

Heap
 def new generation   total 4928K, used 3653K [0x23cc0000, 0x24210000, 0x29210000)
  eden space 4416K,  71% used [0x23cc0000, 0x23fd15c0, 0x24110000)
  from space 512K, 100% used [0x24190000, 0x24210000, 0x24210000)
  to   space 512K,   0% used [0x24110000, 0x24110000, 0x24190000)
 tenured generation   total 10944K, used 379K [0x29210000, 0x29cc0000, 0x33cc0000)
   the space 10944K,   3% used [0x29210000, 0x2926eda0, 0x2926ee00, 0x29cc0000)
 compacting perm gen  total 12288K, used 1661K [0x33cc0000, 0x348c0000, 0x37cc0000)
   the space 12288K,  13% used [0x33cc0000, 0x33e5f628, 0x33e5f800, 0x348c0000)
    ro space 10240K,  42% used [0x37cc0000, 0x38104240, 0x38104400, 0x386c0000)
    rw space 12288K,  54% used [0x386c0000, 0x38d44d58, 0x38d44e00, 0x392c0000)

Card table byte_map: [0x00b10000,0x00bc0000] byte_map_base: 0x009f1a00

Polling page: 0x00450000

Code Cache  [0x01a00000, 0x01ad8000, 0x03a00000)
 total_blobs=397 nmethods=166 adapters=166 free_code_cache=31927Kb largest_free_block=32693248

Compilation events (10 events):
Event: 2.215 Thread 0x0058ec00  162             java.lang.String::indexOf (7 bytes)
Event: 2.216 Thread 0x0058ec00 nmethod 162 0x01ad1808 code [0x01ad1910, 0x01ad19dc]
Event: 2.219 Thread 0x0058ec00  163             java.net.URL::getFile (5 bytes)
Event: 2.220 Thread 0x0058ec00 nmethod 163 0x01ad1b08 code [0x01ad1c00, 0x01ad1c80]
Event: 2.225 Thread 0x0058ec00  164             java.lang.Integer::valueOf (54 bytes)
Event: 2.226 Thread 0x0058ec00 nmethod 164 0x01ad1cc8 code [0x01ad1dc0, 0x01ad1eb0]
Event: 2.227 Thread 0x0058ec00  165             java.lang.ref.Reference::get (5 bytes)
Event: 2.227 Thread 0x0058ec00 nmethod 165 0x01ad1f88 code [0x01ad2080, 0x01ad2100]
Event: 2.233 Thread 0x0058ec00  166             java.util.Hashtable$Enumerator::hasMoreElements (53 bytes)
Event: 2.233 Thread 0x0058ec00 nmethod 166 0x01ad2148 code [0x01ad2240, 0x01ad2320]

GC Heap History (2 events):
Event: 0.732 GC heap before
{Heap before GC invocations=0 (full 0):
 def new generation   total 4928K, used 4416K [0x23cc0000, 0x24210000, 0x29210000)
  eden space 4416K, 100% used [0x23cc0000, 0x24110000, 0x24110000)
  from space 512K,   0% used [0x24110000, 0x24110000, 0x24190000)
  to   space 512K,   0% used [0x24190000, 0x24190000, 0x24210000)
 tenured generation   total 10944K, used 0K [0x29210000, 0x29cc0000, 0x33cc0000)
   the space 10944K,   0% used [0x29210000, 0x29210000, 0x29210200, 0x29cc0000)
 compacting perm gen  total 12288K, used 873K [0x33cc0000, 0x348c0000, 0x37cc0000)
   the space 12288K,   7% used [0x33cc0000, 0x33d9a7f0, 0x33d9a800, 0x348c0000)
    ro space 10240K,  42% used [0x37cc0000, 0x38104240, 0x38104400, 0x386c0000)
    rw space 12288K,  54% used [0x386c0000, 0x38d44d58, 0x38d44e00, 0x392c0000)
Event: 0.738 GC heap after
Heap after GC invocations=1 (full 0):
 def new generation   total 4928K, used 512K [0x23cc0000, 0x24210000, 0x29210000)
  eden space 4416K,   0% used [0x23cc0000, 0x23cc0000, 0x24110000)
  from space 512K, 100% used [0x24190000, 0x24210000, 0x24210000)
  to   space 512K,   0% used [0x24110000, 0x24110000, 0x24190000)
 tenured generation   total 10944K, used 379K [0x29210000, 0x29cc0000, 0x33cc0000)
   the space 10944K,   3% used [0x29210000, 0x2926eda0, 0x2926ee00, 0x29cc0000)
 compacting perm gen  total 12288K, used 873K [0x33cc0000, 0x348c0000, 0x37cc0000)
   the space 12288K,   7% used [0x33cc0000, 0x33d9a7f0, 0x33d9a800, 0x348c0000)
    ro space 10240K,  42% used [0x37cc0000, 0x38104240, 0x38104400, 0x386c0000)
    rw space 12288K,  54% used [0x386c0000, 0x38d44d58, 0x38d44e00, 0x392c0000)
}

Deoptimization events (0 events):
No events

Internal exceptions (10 events):
Event: 2.219 Thread 0x03e4d400 Threw 0x23f953d8 at C:\jdk7u2_32P\jdk7u25\hotspot\src\share\vm\prims\jvm.cpp:1235
Event: 2.220 Thread 0x03e4d400 Threw 0x23f9aa98 at C:\jdk7u2_32P\jdk7u25\hotspot\src\share\vm\prims\jvm.cpp:1235
Event: 2.222 Thread 0x03e4d400 Threw 0x23f9fad0 at C:\jdk7u2_32P\jdk7u25\hotspot\src\share\vm\prims\jvm.cpp:1235
Event: 2.224 Thread 0x03e4d400 Threw 0x23fa4a58 at C:\jdk7u2_32P\jdk7u25\hotspot\src\share\vm\prims\jvm.cpp:1235
Event: 2.225 Thread 0x03e4d400 Threw 0x23faad08 at C:\jdk7u2_32P\jdk7u25\hotspot\src\share\vm\prims\jvm.cpp:1235
Event: 2.227 Thread 0x03e4d400 Threw 0x23fb0578 at C:\jdk7u2_32P\jdk7u25\hotspot\src\share\vm\prims\jvm.cpp:1235
Event: 2.228 Thread 0x03e4d400 Threw 0x23fb43f8 at C:\jdk7u2_32P\jdk7u25\hotspot\src\share\vm\prims\jvm.cpp:1235
Event: 2.229 Thread 0x03e4d400 Threw 0x23fb8988 at C:\jdk7u2_32P\jdk7u25\hotspot\src\share\vm\prims\jvm.cpp:1235
Event: 2.231 Thread 0x03e4d400 Threw 0x23fbcec0 at C:\jdk7u2_32P\jdk7u25\hotspot\src\share\vm\prims\jvm.cpp:1235
Event: 2.232 Thread 0x03e4d400 Threw 0x23fc0b30 at C:\jdk7u2_32P\jdk7u25\hotspot\src\share\vm\prims\jvm.cpp:1235

Events (10 events):
Event: 2.228 loading class 0x03e27b98
Event: 2.228 loading class 0x03e27b98 done
Event: 2.229 loading class 0x03e4ed30
Event: 2.229 loading class 0x03e4ed30 done
Event: 2.230 loading class 0x03e4eb00
Event: 2.231 loading class 0x03e4eb00 done
Event: 2.231 loading class 0x03e4ece0
Event: 2.232 loading class 0x03e4ece0 done
Event: 2.235 loading class 0x392f4158
Event: 2.235 loading class 0x392f4158 done


Dynamic libraries:
0x00dd0000 - 0x00dff000 	C:\Program Files\Java\jre7\bin\javaw.exe
0x77730000 - 0x7786c000 	C:\Windows\SYSTEM32\ntdll.dll
0x77340000 - 0x77414000 	C:\Windows\system32\kernel32.dll
0x757f0000 - 0x7583b000 	C:\Windows\system32\KERNELBASE.dll
0x76720000 - 0x767c0000 	C:\Windows\system32\ADVAPI32.dll
0x778b0000 - 0x7795c000 	C:\Windows\system32\msvcrt.dll
0x77890000 - 0x778a9000 	C:\Windows\SYSTEM32\sechost.dll
0x76ba0000 - 0x76c42000 	C:\Windows\system32\RPCRT4.dll
0x77030000 - 0x770f9000 	C:\Windows\system32\USER32.dll
0x76d20000 - 0x76d6e000 	C:\Windows\system32\GDI32.dll
0x77870000 - 0x7787a000 	C:\Windows\system32\LPK.dll
0x76f10000 - 0x76fad000 	C:\Windows\system32\USP10.dll
0x745e0000 - 0x7477e000 	C:\Windows\WinSxS\x86_microsoft.windows.common-controls_6595b64144ccf1df_6.0.7601.17514_none_41e6975e2bd6f2b2\COMCTL32.dll
0x76fd0000 - 0x77027000 	C:\Windows\system32\SHLWAPI.dll
0x76fb0000 - 0x76fcf000 	C:\Windows\system32\IMM32.DLL
0x76c50000 - 0x76d1c000 	C:\Windows\system32\MSCTF.dll
0x61360000 - 0x6141e000 	C:\Program Files\Java\jre7\bin\msvcr100.dll
0x58110000 - 0x58452000 	C:\Program Files\Java\jre7\bin\client\jvm.dll
0x714b0000 - 0x714b7000 	C:\Windows\system32\WSOCK32.dll
0x76ed0000 - 0x76f05000 	C:\Windows\system32\WS2_32.dll
0x77880000 - 0x77886000 	C:\Windows\system32\NSI.dll
0x71010000 - 0x71042000 	C:\Windows\system32\WINMM.dll
0x76b60000 - 0x76b65000 	C:\Windows\system32\PSAPI.DLL
0x719f0000 - 0x719fc000 	C:\Program Files\Java\jre7\bin\verify.dll
0x68b10000 - 0x68b30000 	C:\Program Files\Java\jre7\bin\java.dll
0x71660000 - 0x71673000 	C:\Program Files\Java\jre7\bin\zip.dll
0x61250000 - 0x612b9000 	C:\Windows\System32\msvcp100.dll
0x61040000 - 0x61244000 	C:\opencv\build\x86\vc10\bin\opencv_core246.dll
0x615e0000 - 0x61655000 	C:\Users\USER\AppData\Local\Temp\javacpp25106814708496\jniopencv_core.dll
0x5ff80000 - 0x600c4000 	C:\Program Files\Java\jre7\bin\awt.dll
0x775c0000 - 0x7764f000 	C:\Windows\system32\OLEAUT32.dll
0x76d70000 - 0x76ecc000 	C:\Windows\system32\ole32.dll
0x74130000 - 0x74143000 	C:\Windows\system32\DWMAPI.DLL
0x74460000 - 0x744a0000 	C:\Windows\system32\uxtheme.dll
0x756f0000 - 0x756fc000 	C:\Windows\system32\CRYPTBASE.dll
0x75ad0000 - 0x7671a000 	C:\Windows\system32\SHELL32.dll
0x61000000 - 0x61031000 	C:\Program Files\Java\jre7\bin\fontmanager.dll
0x10000000 - 0x10038000 	C:\Program Files\Lenovo\Bluetooth Software\btmmhook.dll
0x71a00000 - 0x71a19000 	C:\Users\USER\AppData\Local\Temp\javacpp25106814708496\jnivideoInputLib.dll
0x776a0000 - 0x77723000 	C:\Windows\system32\CLBCatQ.DLL
0x6f8e0000 - 0x6f8f4000 	C:\Windows\system32\devenum.dll
0x77420000 - 0x775bd000 	C:\Windows\system32\setupapi.dll
0x75840000 - 0x75867000 	C:\Windows\system32\CFGMGR32.dll
0x75ab0000 - 0x75ac2000 	C:\Windows\system32\DEVOBJ.dll
0x74a40000 - 0x74a61000 	C:\Windows\system32\ntmarta.dll
0x77650000 - 0x77695000 	C:\Windows\system32\WLDAP32.dll
0x75930000 - 0x7595e000 	C:\Windows\system32\WINTRUST.dll
0x75960000 - 0x75a80000 	C:\Windows\system32\CRYPT32.dll
0x757e0000 - 0x757ec000 	C:\Windows\system32\MSASN1.dll
0x71ea0000 - 0x71eab000 	C:\Windows\system32\msdmo.dll
0x71570000 - 0x715a2000 	C:\Windows\system32\qcap.dll
0x6daf0000 - 0x6db11000 	C:\Windows\system32\MSVFW32.dll
0x74c60000 - 0x74c69000 	C:\Windows\system32\VERSION.dll
0x60e50000 - 0x60fc7000 	C:\Windows\system32\quartz.dll
0x68ce0000 - 0x68d13000 	C:\Windows\system32\ksproxy.ax
0x71e90000 - 0x71e94000 	C:\Windows\system32\ksuser.dll
0x6dc40000 - 0x6de03000 	C:\Windows\system32\d3d9.dll
0x6f0d0000 - 0x6f0d6000 	C:\Windows\system32\d3d8thk.dll
0x72270000 - 0x72279000 	C:\Windows\system32\vidcap.ax
0x72030000 - 0x7204d000 	C:\Windows\system32\kswdmcap.ax
0x61be0000 - 0x61cfc000 	C:\Windows\system32\MFC42.dll
0x61fd0000 - 0x6205c000 	C:\Windows\system32\ODBC32.dll
0x68ca0000 - 0x68cd8000 	C:\Windows\system32\odbcint.dll
0x03b00000 - 0x03b37000 	C:\Windows\system32\370prop.ax
0x77100000 - 0x7717b000 	C:\Windows\system32\COMDLG32.dll
0x60980000 - 0x60a00000 	C:\Windows\System32\qedit.dll
0x742d0000 - 0x74460000 	C:\Windows\WinSxS\x86_microsoft.windows.gdiplus_6595b64144ccf1df_1.1.7601.18120_none_72d2e82386681b36\gdiplus.dll
0x6de10000 - 0x6def7000 	C:\Windows\system32\DDRAW.dll
0x6f0e0000 - 0x6f0e6000 	C:\Windows\system32\DCIMAN32.dll
0x60580000 - 0x6064c000 	C:\Windows\system32\D3DIM700.DLL
0x716c0000 - 0x716c9000 	C:\Windows\system32\msyuv.dll
0x5d9a0000 - 0x5dc0a000 	C:\opencv\build\x86\vc10\bin\opencv_imgproc246.dll
0x61700000 - 0x61739000 	C:\Users\USER\AppData\Local\Temp\javacpp25106814708496\jniopencv_imgproc.dll
0x6a2a0000 - 0x6a38b000 	C:\Windows\system32\dbghelp.dll

VM Arguments:
jvm_args: -Dfile.encoding=Cp1252 -Xbootclasspath:C:\Program Files\Java\jre7\lib\resources.jar;C:\Program Files\Java\jre7\lib\rt.jar;C:\Program Files\Java\jre7\lib\jsse.jar;C:\Program Files\Java\jre7\lib\jce.jar;C:\Program Files\Java\jre7\lib\charsets.jar;C:\Program Files\Java\jre7\lib\jfr.jar;C:\Users\USER\Downloads\google-api-services-drive-v2-rev89-java-1.15.0-rc\drive\google-api-services-drive-v2-rev89-1.15.0-rc.jar;C:\Users\USER\Downloads\google-api-services-drive-v2-rev89-java-1.15.0-rc\drive\google-api-services-drive-v2-rev89-1.15.0-rc-javadoc.jar;C:\Users\USER\Downloads\google-api-services-drive-v2-rev89-java-1.15.0-rc\drive\google-api-services-drive-v2-rev89-1.15.0-rc-sources.jar;C:\Users\USER\Downloads\google-api-services-drive-v2-rev89-java-1.15.0-rc\drive\libs-sources\commons-logging-1.1.1-sources.jar;C:\Users\USER\Downloads\google-api-services-drive-v2-rev89-java-1.15.0-rc\drive\libs-sources\google-api-client-1.15.0-rc-sources.jar;C:\Users\USER\Downloads\google-api-services-drive-v2-rev89-java-1.15.0-rc\drive\libs-sources\google-api-client-android-1.15.0-rc-sources.jar;C:\Users\USER\Downloads\google-api-services-drive-v2-rev89-java-1.15.0-rc\drive\libs-sources\google-api-client-appengine-1.15.0-rc-sources.jar;C:\Users\USER\Downloads\google-api-services-drive-v2-rev89-java-1.15.0-rc\drive\libs-sources\google-api-client-java6-1.15.0-rc-sources.jar;C:\Users\USER\Downloads\google-api-services-drive-v2-rev89-java-1.15.0-rc\drive\libs-sources\google-api-client-servlet-1.15.0-rc-sources.jar;C:\Users\USER\Downloads\google-api-services-drive-v2-rev89-java-1.15.0-rc\drive\libs-sources\google-http-client-1.15.0-rc-sources.jar;C:\Users\USER\Downloads\google-api-services-drive-v2-rev89-java-1.15.0-rc\drive\libs-sources\google-http-client-android-1.15.0-rc-sources.jar;C:\Users\USER\Downloads\google-api-services-drive-v2-rev89-java-1.15.0-rc\drive\libs-sources\google-http-client-appengine-1.15.0-rc-sources.jar;C:\Users\USER\Downloads\google-api-services-drive-v2-rev89-java-1.15.0-rc\drive\libs-source
java_command: com.futurecam.abe.ColoredObjectTrack
Launcher Type: SUN_STANDARD

Environment Variables:
PATH=C:/Program Files/Java/jre7/bin/client;C:/Program Files/Java/jre7/bin;C:/Program Files/Java/jre7/lib/i386;C:\Windows\system32;C:\Windows;C:\Windows\System32\Wbem;C:\Windows\System32\WindowsPowerShell\v1.0\;C:\Program Files\Lenovo\Bluetooth Software\;C:\Eclipse\adt-bundle-windows-x86-20130522\eclipse;
USERNAME=USER
OS=Windows_NT
PROCESSOR_IDENTIFIER=x86 Family 6 Model 23 Stepping 10, GenuineIntel



---------------  S Y S T E M  ---------------

OS: Windows 7 Build 7601 Service Pack 1

CPU:total 2 (2 cores per cpu, 1 threads per core) family 6 model 23 stepping 10, cmov, cx8, fxsr, mmx, sse, sse2, sse3, ssse3, tsc

Memory: 4k page, physical 3105384k(1131124k free), swap 6209016k(3091520k free)

vm_info: Java HotSpot(TM) Client VM (23.25-b01) for windows-x86 JRE (1.7.0_25-b17), built on Jun 21 2013 13:06:48 by "java_re" with unknown MS VC++:1600

time: Sat Oct 12 00:21:33 2013
elapsed time: 2 seconds

