#
# A fatal error has been detected by the Java Runtime Environment:
#
#  EXCEPTION_UNCAUGHT_CXX_EXCEPTION (0xe06d7363) at pc=0x7594812f, pid=4620, tid=5036
#
# JRE version: 7.0_25-b17
# Java VM: Java HotSpot(TM) Client VM (23.25-b01 mixed mode, sharing windows-x86 )
# Problematic frame:
# C  [KERNELBASE.dll+0x812f]  RaiseException+0x54
#
# Failed to write core dump. Minidumps are not enabled by default on client versions of Windows
#
# If you would like to submit a bug report, please visit:
#   http://bugreport.sun.com/bugreport/crash.jsp
# The crash happened outside the Java Virtual Machine in native code.
# See problematic frame for where to report the bug.
#

---------------  T H R E A D  ---------------

Current thread (0x03b79800):  JavaThread "Thread-3" [_thread_in_native, id=5036, stack(0x04fe0000,0x05030000)]

siginfo: ExceptionCode=0xe06d7363, ExceptionInformation=0x19930520 0x0501f67c 0x64e94a88 

Registers:
EAX=0x0501f5d8, EBX=0x00000f48, ECX=0x00000003, EDX=0x00000000
ESP=0x0501f5d8, EBP=0x0501f628, ESI=0x0502f790, EDI=0x705d1ec6
EIP=0x7594812f, EFLAGS=0x00000216

Top of Stack: (sp=0x0501f5d8)
0x0501f5d8:   e06d7363 00000001 00000000 7594812f
0x0501f5e8:   00000003 19930520 0501f67c 64e94a88
0x0501f5f8:   00000000 05a44078 0501f6e0 0501f5ec
0x0501f608:   0501f6e0 00000031 0501f630 64cc40fe
0x0501f618:   05a44078 05a44030 00000031 0502f790
0x0501f628:   0501f660 705e7819 e06d7363 00000001
0x0501f638:   00000003 0501f654 e06d7363 00000001
0x0501f648:   00000000 00000000 00000003 19930520 

Instructions: (pc=0x7594812f)
0x7594810f:   89 45 c0 c1 e0 02 50 ff 75 14 8d 45 c4 50 e8 18
0x7594811f:   e7 ff ff 83 c4 0c 8d 45 b0 50 ff 15 5c 11 94 75
0x7594812f:   c9 c2 10 00 89 45 c0 eb ed 3d 01 01 00 00 0f 85
0x7594813f:   6d 96 ff ff e9 49 96 ff ff 8d 4d b8 ff 15 4c 10 


Register to memory mapping:

EAX=0x0501f5d8 is pointing into the stack for thread: 0x03b79800
EBX=0x00000f48 is an unknown value
ECX=0x00000003 is an unknown value
EDX=0x00000000 is an unknown value
ESP=0x0501f5d8 is pointing into the stack for thread: 0x03b79800
EBP=0x0501f628 is pointing into the stack for thread: 0x03b79800
ESI=0x0502f790 is pointing into the stack for thread: 0x03b79800
EDI=0x705d1ec6 is an unknown value


Stack: [0x04fe0000,0x05030000],  sp=0x0501f5d8,  free space=253k
Native frames: (J=compiled Java code, j=interpreted, Vv=VM code, C=native code)
C  [KERNELBASE.dll+0x812f]  RaiseException+0x54
C  [msvcr100.dll+0x27819]  CxxThrowException+0x45

Java frames: (J=compiled Java code, j=interpreted, Vv=VM code)
j  com.googlecode.javacv.cpp.opencv_imgproc.cvCvtColor(Lcom/googlecode/javacv/cpp/opencv_core$CvArr;Lcom/googlecode/javacv/cpp/opencv_core$CvArr;I)V+0
j  com.futurecam.abe.ColoredObjectTrack.getThresholdImage(Lcom/googlecode/javacv/cpp/opencv_core$IplImage;)Lcom/googlecode/javacv/cpp/opencv_core$IplImage;+30
j  com.futurecam.abe.ColoredObjectTrack.run()V+43
j  java.lang.Thread.run()V+11
v  ~StubRoutines::call_stub

---------------  P R O C E S S  ---------------

Java Threads: ( => current thread )
  0x0011dc00 JavaThread "DestroyJavaVM" [_thread_blocked, id=1628, stack(0x01310000,0x01360000)]
=>0x03b79800 JavaThread "Thread-3" [_thread_in_native, id=5036, stack(0x04fe0000,0x05030000)]
  0x03b6b000 JavaThread "AWT-EventQueue-0" [_thread_blocked, id=2540, stack(0x03cb0000,0x03d00000)]
  0x03b4e800 JavaThread "AWT-Windows" daemon [_thread_in_native, id=3452, stack(0x03de0000,0x03e30000)]
  0x03b4cc00 JavaThread "AWT-Shutdown" [_thread_blocked, id=3936, stack(0x03d90000,0x03de0000)]
  0x03b5d800 JavaThread "Java2D Disposer" daemon [_thread_blocked, id=3756, stack(0x03d10000,0x03d60000)]
  0x01299000 JavaThread "Service Thread" daemon [_thread_blocked, id=3848, stack(0x039b0000,0x03a00000)]
  0x0128ec00 JavaThread "C1 CompilerThread0" daemon [_thread_blocked, id=4356, stack(0x038a0000,0x038f0000)]
  0x0128dc00 JavaThread "Attach Listener" daemon [_thread_blocked, id=672, stack(0x03660000,0x036b0000)]
  0x0128a800 JavaThread "Signal Dispatcher" daemon [_thread_blocked, id=2200, stack(0x037e0000,0x03830000)]
  0x01279000 JavaThread "Finalizer" daemon [_thread_blocked, id=3944, stack(0x036d0000,0x03720000)]
  0x01274400 JavaThread "Reference Handler" daemon [_thread_blocked, id=4688, stack(0x035f0000,0x03640000)]

Other Threads:
  0x01273000 VMThread [stack: 0x03520000,0x03570000] [id=4648]
  0x012ab000 WatcherThread [stack: 0x03c50000,0x03ca0000] [id=4472]

VM state:not at safepoint (normal execution)

VM Mutex/Monitor currently owned by a thread: None

Heap
 def new generation   total 4928K, used 2340K [0x23cc0000, 0x24210000, 0x29210000)
  eden space 4416K,  43% used [0x23cc0000, 0x23e9b228, 0x24110000)
  from space 512K,  85% used [0x24110000, 0x2417e0c8, 0x24190000)
  to   space 512K,   0% used [0x24190000, 0x24190000, 0x24210000)
 tenured generation   total 10944K, used 2566K [0x29210000, 0x29cc0000, 0x33cc0000)
   the space 10944K,  23% used [0x29210000, 0x29491a48, 0x29491c00, 0x29cc0000)
 compacting perm gen  total 12288K, used 1685K [0x33cc0000, 0x348c0000, 0x37cc0000)
   the space 12288K,  13% used [0x33cc0000, 0x33e656f8, 0x33e65800, 0x348c0000)
    ro space 10240K,  42% used [0x37cc0000, 0x38104240, 0x38104400, 0x386c0000)
    rw space 12288K,  54% used [0x386c0000, 0x38d44d58, 0x38d44e00, 0x392c0000)

Card table byte_map: [0x013e0000,0x01490000] byte_map_base: 0x012c1a00

Polling page: 0x00100000

Code Cache  [0x014e0000, 0x015b8000, 0x034e0000)
 total_blobs=405 nmethods=174 adapters=166 free_code_cache=31911Kb largest_free_block=32677504

Compilation events (10 events):
Event: 2.481 Thread 0x0128ec00  169             java.lang.String::indexOf (7 bytes)
Event: 2.481 Thread 0x0128ec00 nmethod 169 0x015b5588 code [0x015b5690, 0x015b575c]
Event: 2.486 Thread 0x0128ec00  170             java.net.URL::getFile (5 bytes)
Event: 2.486 Thread 0x0128ec00 nmethod 170 0x015b5888 code [0x015b5980, 0x015b5a00]
Event: 2.490 Thread 0x0128ec00  171             java.lang.ref.Reference::get (5 bytes)
Event: 2.491 Thread 0x0128ec00 nmethod 171 0x015b5a48 code [0x015b5b40, 0x015b5bc0]
Event: 2.491 Thread 0x0128ec00  172             java.lang.Integer::valueOf (54 bytes)
Event: 2.492 Thread 0x0128ec00 nmethod 172 0x015b5c08 code [0x015b5d00, 0x015b5df0]
Event: 2.499 Thread 0x0128ec00  173             java.util.Hashtable$Enumerator::hasMoreElements (53 bytes)
Event: 2.499 Thread 0x0128ec00 nmethod 173 0x015b5ec8 code [0x015b5fc0, 0x015b60a0]

GC Heap History (4 events):
Event: 0.890 GC heap before
{Heap before GC invocations=0 (full 0):
 def new generation   total 4928K, used 4416K [0x23cc0000, 0x24210000, 0x29210000)
  eden space 4416K, 100% used [0x23cc0000, 0x24110000, 0x24110000)
  from space 512K,   0% used [0x24110000, 0x24110000, 0x24190000)
  to   space 512K,   0% used [0x24190000, 0x24190000, 0x24210000)
 tenured generation   total 10944K, used 0K [0x29210000, 0x29cc0000, 0x33cc0000)
   the space 10944K,   0% used [0x29210000, 0x29210000, 0x29210200, 0x29cc0000)
 compacting perm gen  total 12288K, used 874K [0x33cc0000, 0x348c0000, 0x37cc0000)
   the space 12288K,   7% used [0x33cc0000, 0x33d9a800, 0x33d9a800, 0x348c0000)
    ro space 10240K,  42% used [0x37cc0000, 0x38104240, 0x38104400, 0x386c0000)
    rw space 12288K,  54% used [0x386c0000, 0x38d44d58, 0x38d44e00, 0x392c0000)
Event: 0.897 GC heap after
Heap after GC invocations=1 (full 0):
 def new generation   total 4928K, used 512K [0x23cc0000, 0x24210000, 0x29210000)
  eden space 4416K,   0% used [0x23cc0000, 0x23cc0000, 0x24110000)
  from space 512K, 100% used [0x24190000, 0x24210000, 0x24210000)
  to   space 512K,   0% used [0x24110000, 0x24110000, 0x24190000)
 tenured generation   total 10944K, used 379K [0x29210000, 0x29cc0000, 0x33cc0000)
   the space 10944K,   3% used [0x29210000, 0x2926edb8, 0x2926ee00, 0x29cc0000)
 compacting perm gen  total 12288K, used 874K [0x33cc0000, 0x348c0000, 0x37cc0000)
   the space 12288K,   7% used [0x33cc0000, 0x33d9a800, 0x33d9a800, 0x348c0000)
    ro space 10240K,  42% used [0x37cc0000, 0x38104240, 0x38104400, 0x386c0000)
    rw space 12288K,  54% used [0x386c0000, 0x38d44d58, 0x38d44e00, 0x392c0000)
}
Event: 2.256 GC heap before
{Heap before GC invocations=1 (full 0):
 def new generation   total 4928K, used 4637K [0x23cc0000, 0x24210000, 0x29210000)
  eden space 4416K,  93% used [0x23cc0000, 0x240c7598, 0x24110000)
  from space 512K, 100% used [0x24190000, 0x24210000, 0x24210000)
  to   space 512K,   0% used [0x24110000, 0x24110000, 0x24190000)
 tenured generation   total 10944K, used 379K [0x29210000, 0x29cc0000, 0x33cc0000)
   the space 10944K,   3% used [0x29210000, 0x2926edb8, 0x2926ee00, 0x29cc0000)
 compacting perm gen  total 12288K, used 1560K [0x33cc0000, 0x348c0000, 0x37cc0000)
   the space 12288K,  12% used [0x33cc0000, 0x33e46290, 0x33e46400, 0x348c0000)
    ro space 10240K,  42% used [0x37cc0000, 0x38104240, 0x38104400, 0x386c0000)
    rw space 12288K,  54% used [0x386c0000, 0x38d44d58, 0x38d44e00, 0x392c0000)
Event: 2.272 GC heap after
Heap after GC invocations=2 (full 0):
 def new generation   total 4928K, used 440K [0x23cc0000, 0x24210000, 0x29210000)
  eden space 4416K,   0% used [0x23cc0000, 0x23cc0000, 0x24110000)
  from space 512K,  85% used [0x24110000, 0x2417e0c8, 0x24190000)
  to   space 512K,   0% used [0x24190000, 0x24190000, 0x24210000)
 tenured generation   total 10944K, used 2566K [0x29210000, 0x29cc0000, 0x33cc0000)
   the space 10944K,  23% used [0x29210000, 0x29491a48, 0x29491c00, 0x29cc0000)
 compacting perm gen  total 12288K, used 1560K [0x33cc0000, 0x348c0000, 0x37cc0000)
   the space 12288K,  12% used [0x33cc0000, 0x33e46290, 0x33e46400, 0x348c0000)
    ro space 10240K,  42% used [0x37cc0000, 0x38104240, 0x38104400, 0x386c0000)
    rw space 12288K,  54% used [0x386c0000, 0x38d44d58, 0x38d44e00, 0x392c0000)
}

Deoptimization events (0 events):
No events

Internal exceptions (10 events):
Event: 2.486 Thread 0x03b79800 Threw 0x23e5fad8 at C:\jdk7u2_32P\jdk7u25\hotspot\src\share\vm\prims\jvm.cpp:1235
Event: 2.488 Thread 0x03b79800 Threw 0x23e651d0 at C:\jdk7u2_32P\jdk7u25\hotspot\src\share\vm\prims\jvm.cpp:1235
Event: 2.489 Thread 0x03b79800 Threw 0x23e6a208 at C:\jdk7u2_32P\jdk7u25\hotspot\src\share\vm\prims\jvm.cpp:1235
Event: 2.490 Thread 0x03b79800 Threw 0x23e6f1e0 at C:\jdk7u2_32P\jdk7u25\hotspot\src\share\vm\prims\jvm.cpp:1235
Event: 2.492 Thread 0x03b79800 Threw 0x23e755f0 at C:\jdk7u2_32P\jdk7u25\hotspot\src\share\vm\prims\jvm.cpp:1235
Event: 2.493 Thread 0x03b79800 Threw 0x23e7adf0 at C:\jdk7u2_32P\jdk7u25\hotspot\src\share\vm\prims\jvm.cpp:1235
Event: 2.494 Thread 0x03b79800 Threw 0x23e7ecf0 at C:\jdk7u2_32P\jdk7u25\hotspot\src\share\vm\prims\jvm.cpp:1235
Event: 2.495 Thread 0x03b79800 Threw 0x23e83280 at C:\jdk7u2_32P\jdk7u25\hotspot\src\share\vm\prims\jvm.cpp:1235
Event: 2.496 Thread 0x03b79800 Threw 0x23e87730 at C:\jdk7u2_32P\jdk7u25\hotspot\src\share\vm\prims\jvm.cpp:1235
Event: 2.497 Thread 0x03b79800 Threw 0x23e8b3a0 at C:\jdk7u2_32P\jdk7u25\hotspot\src\share\vm\prims\jvm.cpp:1235

Events (10 events):
Event: 2.494 loading class 0x03b78840
Event: 2.494 loading class 0x03b78840 done
Event: 2.495 loading class 0x03b9fe48
Event: 2.495 loading class 0x03b9fe48 done
Event: 2.496 loading class 0x03b9fc18
Event: 2.496 loading class 0x03b9fc18 done
Event: 2.497 loading class 0x03b9fdf8
Event: 2.497 loading class 0x03b9fdf8 done
Event: 2.500 loading class 0x392f4158
Event: 2.501 loading class 0x392f4158 done


Dynamic libraries:
0x00140000 - 0x0016f000 	C:\Program Files\Java\jre7\bin\javaw.exe
0x77800000 - 0x7793c000 	C:\Windows\SYSTEM32\ntdll.dll
0x76ee0000 - 0x76fb4000 	C:\Windows\system32\kernel32.dll
0x75940000 - 0x7598b000 	C:\Windows\system32\KERNELBASE.dll
0x75b90000 - 0x75c30000 	C:\Windows\system32\ADVAPI32.dll
0x76910000 - 0x769bc000 	C:\Windows\system32\msvcrt.dll
0x77970000 - 0x77989000 	C:\Windows\SYSTEM32\sechost.dll
0x77380000 - 0x77422000 	C:\Windows\system32\RPCRT4.dll
0x77070000 - 0x77139000 	C:\Windows\system32\USER32.dll
0x76cb0000 - 0x76cfe000 	C:\Windows\system32\GDI32.dll
0x77990000 - 0x7799a000 	C:\Windows\system32\LPK.dll
0x77430000 - 0x774cd000 	C:\Windows\system32\USP10.dll
0x746b0000 - 0x7484e000 	C:\Windows\WinSxS\x86_microsoft.windows.common-controls_6595b64144ccf1df_6.0.7601.17514_none_41e6975e2bd6f2b2\COMCTL32.dll
0x774d0000 - 0x77527000 	C:\Windows\system32\SHLWAPI.dll
0x77a10000 - 0x77a2f000 	C:\Windows\system32\IMM32.DLL
0x77530000 - 0x775fc000 	C:\Windows\system32\MSCTF.dll
0x705c0000 - 0x7067e000 	C:\Program Files\Java\jre7\bin\msvcr100.dll
0x64ed0000 - 0x65212000 	C:\Program Files\Java\jre7\bin\client\jvm.dll
0x6fad0000 - 0x6fad7000 	C:\Windows\system32\WSOCK32.dll
0x76ea0000 - 0x76ed5000 	C:\Windows\system32\WS2_32.dll
0x77950000 - 0x77956000 	C:\Windows\system32\NSI.dll
0x721a0000 - 0x721d2000 	C:\Windows\system32\WINMM.dll
0x779a0000 - 0x779a5000 	C:\Windows\system32\PSAPI.DLL
0x6b180000 - 0x6b18c000 	C:\Program Files\Java\jre7\bin\verify.dll
0x6b160000 - 0x6b180000 	C:\Program Files\Java\jre7\bin\java.dll
0x6b140000 - 0x6b153000 	C:\Program Files\Java\jre7\bin\zip.dll
0x667c0000 - 0x66829000 	C:\Windows\System32\msvcp100.dll
0x64cc0000 - 0x64ec4000 	C:\opencv\build\x86\vc10\bin\opencv_core246.dll
0x636e0000 - 0x63755000 	C:\Users\USER\AppData\Local\Temp\javacpp2516648904276\jniopencv_core.dll
0x61850000 - 0x61994000 	C:\Program Files\Java\jre7\bin\awt.dll
0x77140000 - 0x771cf000 	C:\Windows\system32\OLEAUT32.dll
0x771d0000 - 0x7732c000 	C:\Windows\system32\ole32.dll
0x74200000 - 0x74213000 	C:\Windows\system32\DWMAPI.DLL
0x74530000 - 0x74570000 	C:\Windows\system32\uxtheme.dll
0x75790000 - 0x7579c000 	C:\Windows\system32\CRYPTBASE.dll
0x75cc0000 - 0x7690a000 	C:\Windows\system32\SHELL32.dll
0x709a0000 - 0x709d1000 	C:\Program Files\Java\jre7\bin\fontmanager.dll
0x10000000 - 0x10038000 	C:\Program Files\Lenovo\Bluetooth Software\btmmhook.dll
0x72d30000 - 0x72d49000 	C:\Users\USER\AppData\Local\Temp\javacpp2516648904276\jnivideoInputLib.dll
0x75c30000 - 0x75cb3000 	C:\Windows\system32\CLBCatQ.DLL
0x6b530000 - 0x6b544000 	C:\Windows\system32\devenum.dll
0x76d00000 - 0x76e9d000 	C:\Windows\system32\setupapi.dll
0x75900000 - 0x75927000 	C:\Windows\system32\CFGMGR32.dll
0x75b50000 - 0x75b62000 	C:\Windows\system32\DEVOBJ.dll
0x74b10000 - 0x74b31000 	C:\Windows\system32\ntmarta.dll
0x77330000 - 0x77375000 	C:\Windows\system32\WLDAP32.dll
0x758d0000 - 0x758fe000 	C:\Windows\system32\WINTRUST.dll
0x75a30000 - 0x75b50000 	C:\Windows\system32\CRYPT32.dll
0x758b0000 - 0x758bc000 	C:\Windows\system32\MSASN1.dll
0x70a40000 - 0x70a4b000 	C:\Windows\system32\msdmo.dll
0x703a0000 - 0x703d2000 	C:\Windows\system32\qcap.dll
0x70f30000 - 0x70f51000 	C:\Windows\system32\MSVFW32.dll
0x74bc0000 - 0x74bc9000 	C:\Windows\system32\VERSION.dll
0x616d0000 - 0x61847000 	C:\Windows\system32\quartz.dll
0x70310000 - 0x70343000 	C:\Windows\system32\ksproxy.ax
0x6e4a0000 - 0x6e4a4000 	C:\Windows\system32\ksuser.dll
0x71150000 - 0x71313000 	C:\Windows\system32\d3d9.dll
0x719f0000 - 0x719f6000 	C:\Windows\system32\d3d8thk.dll
0x71db0000 - 0x71db9000 	C:\Windows\system32\vidcap.ax
0x70980000 - 0x7099d000 	C:\Windows\system32\kswdmcap.ax
0x615b0000 - 0x616cc000 	C:\Windows\system32\MFC42.dll
0x63650000 - 0x636dc000 	C:\Windows\system32\ODBC32.dll
0x6f7d0000 - 0x6f808000 	C:\Windows\system32\odbcint.dll
0x034e0000 - 0x03517000 	C:\Windows\system32\370prop.ax
0x76fc0000 - 0x7703b000 	C:\Windows\system32\COMDLG32.dll
0x62840000 - 0x628c0000 	C:\Windows\System32\qedit.dll
0x743a0000 - 0x74530000 	C:\Windows\WinSxS\x86_microsoft.windows.gdiplus_6595b64144ccf1df_1.1.7601.18120_none_72d2e82386681b36\gdiplus.dll
0x71320000 - 0x71407000 	C:\Windows\system32\DDRAW.dll
0x71a00000 - 0x71a06000 	C:\Windows\system32\DCIMAN32.dll
0x614e0000 - 0x615ac000 	C:\Windows\system32\D3DIM700.DLL
0x71da0000 - 0x71da9000 	C:\Windows\system32\msyuv.dll
0x61270000 - 0x614da000 	C:\opencv\build\x86\vc10\bin\opencv_imgproc246.dll
0x66290000 - 0x662c9000 	C:\Users\USER\AppData\Local\Temp\javacpp2516648904276\jniopencv_imgproc.dll
0x72030000 - 0x7211b000 	C:\Windows\system32\dbghelp.dll

VM Arguments:
jvm_args: -Dfile.encoding=Cp1252 -Xbootclasspath:C:\Program Files\Java\jre7\lib\resources.jar;C:\Program Files\Java\jre7\lib\rt.jar;C:\Program Files\Java\jre7\lib\jsse.jar;C:\Program Files\Java\jre7\lib\jce.jar;C:\Program Files\Java\jre7\lib\charsets.jar;C:\Program Files\Java\jre7\lib\jfr.jar;C:\Users\USER\Downloads\google-api-services-drive-v2-rev89-java-1.15.0-rc\drive\google-api-services-drive-v2-rev89-1.15.0-rc.jar;C:\Users\USER\Downloads\google-api-services-drive-v2-rev89-java-1.15.0-rc\drive\google-api-services-drive-v2-rev89-1.15.0-rc-javadoc.jar;C:\Users\USER\Downloads\google-api-services-drive-v2-rev89-java-1.15.0-rc\drive\google-api-services-drive-v2-rev89-1.15.0-rc-sources.jar;C:\Users\USER\Downloads\google-api-services-drive-v2-rev89-java-1.15.0-rc\drive\libs-sources\commons-logging-1.1.1-sources.jar;C:\Users\USER\Downloads\google-api-services-drive-v2-rev89-java-1.15.0-rc\drive\libs-sources\google-api-client-1.15.0-rc-sources.jar;C:\Users\USER\Downloads\google-api-services-drive-v2-rev89-java-1.15.0-rc\drive\libs-sources\google-api-client-android-1.15.0-rc-sources.jar;C:\Users\USER\Downloads\google-api-services-drive-v2-rev89-java-1.15.0-rc\drive\libs-sources\google-api-client-appengine-1.15.0-rc-sources.jar;C:\Users\USER\Downloads\google-api-services-drive-v2-rev89-java-1.15.0-rc\drive\libs-sources\google-api-client-java6-1.15.0-rc-sources.jar;C:\Users\USER\Downloads\google-api-services-drive-v2-rev89-java-1.15.0-rc\drive\libs-sources\google-api-client-servlet-1.15.0-rc-sources.jar;C:\Users\USER\Downloads\google-api-services-drive-v2-rev89-java-1.15.0-rc\drive\libs-sources\google-http-client-1.15.0-rc-sources.jar;C:\Users\USER\Downloads\google-api-services-drive-v2-rev89-java-1.15.0-rc\drive\libs-sources\google-http-client-android-1.15.0-rc-sources.jar;C:\Users\USER\Downloads\google-api-services-drive-v2-rev89-java-1.15.0-rc\drive\libs-sources\google-http-client-appengine-1.15.0-rc-sources.jar;C:\Users\USER\Downloads\google-api-services-drive-v2-rev89-java-1.15.0-rc\drive\libs-source
java_command: com.futurecam.abe.ColoredObjectTrack
Launcher Type: SUN_STANDARD

Environment Variables:
PATH=C:/Program Files/Java/jre7/bin/client;C:/Program Files/Java/jre7/bin;C:/Program Files/Java/jre7/lib/i386;C:\Windows\system32;C:\Windows;C:\Windows\System32\Wbem;C:\Windows\System32\WindowsPowerShell\v1.0\;C:\Program Files\Lenovo\Bluetooth Software\;C:\Eclipse\adt-bundle-windows-x86-20130522\eclipse;
USERNAME=USER
OS=Windows_NT
PROCESSOR_IDENTIFIER=x86 Family 6 Model 23 Stepping 10, GenuineIntel



---------------  S Y S T E M  ---------------

OS: Windows 7 Build 7601 Service Pack 1

CPU:total 2 (2 cores per cpu, 1 threads per core) family 6 model 23 stepping 10, cmov, cx8, fxsr, mmx, sse, sse2, sse3, ssse3, tsc

Memory: 4k page, physical 3105384k(874864k free), swap 6209016k(3554204k free)

vm_info: Java HotSpot(TM) Client VM (23.25-b01) for windows-x86 JRE (1.7.0_25-b17), built on Jun 21 2013 13:06:48 by "java_re" with unknown MS VC++:1600

time: Sat Oct 12 08:58:54 2013
elapsed time: 2 seconds

