#
# A fatal error has been detected by the Java Runtime Environment:
#
#  EXCEPTION_UNCAUGHT_CXX_EXCEPTION (0xe06d7363) at pc=0x759f812f, pid=4880, tid=7900
#
# JRE version: Java(TM) SE Runtime Environment (7.0_45-b18) (build 1.7.0_45-b18)
# Java VM: Java HotSpot(TM) Client VM (24.45-b08 mixed mode, sharing windows-x86 )
# Problematic frame:
# C  [KERNELBASE.dll+0x812f]
#
# Failed to write core dump. Minidumps are not enabled by default on client versions of Windows
#
# If you would like to submit a bug report, please visit:
#   http://bugreport.sun.com/bugreport/crash.jsp
# The crash happened outside the Java Virtual Machine in native code.
# See problematic frame for where to report the bug.
#

---------------  T H R E A D  ---------------

Current thread (0x03aee400):  JavaThread "Thread-3" [_thread_in_native, id=7900, stack(0x03f00000,0x03f50000)]

siginfo: ExceptionCode=0xe06d7363, ExceptionInformation=0x19930520 0x03f3ed70 0x5c3b4a88 

Registers:
EAX=0x03f3eccc, EBX=0x00000671, ECX=0x00000003, EDX=0x00000000
ESP=0x03f3eccc, EBP=0x03f3ed1c, ESI=0x03f4ee8c, EDI=0x73593a30
EIP=0x759f812f, EFLAGS=0x00000206

Top of Stack: (sp=0x03f3eccc)
0x03f3eccc:   e06d7363 00000001 00000000 759f812f
0x03f3ecdc:   00000003 19930520 03f3ed70 5c3b4a88
0x03f3ecec:   00000000 03b25e30 03f3edd4 03f3ece0
0x03f3ecfc:   03f3edd4 00000032 03f3ed24 5c1e40fe
0x03f3ed0c:   03b25e30 03b25da0 00000032 03f4ee8c
0x03f3ed1c:   03f3ed54 735a872d e06d7363 00000001
0x03f3ed2c:   00000003 03f3ed48 e06d7363 00000001
0x03f3ed3c:   00000000 00000000 00000003 19930520 

Instructions: (pc=0x759f812f)
0x759f810f:   89 45 c0 c1 e0 02 50 ff 75 14 8d 45 c4 50 e8 18
0x759f811f:   e7 ff ff 83 c4 0c 8d 45 b0 50 ff 15 5c 11 9f 75
0x759f812f:   c9 c2 10 00 89 45 c0 eb ed 3d 01 01 00 00 0f 85
0x759f813f:   6d 96 ff ff e9 49 96 ff ff 8d 4d b8 ff 15 4c 10 


Register to memory mapping:

EAX=0x03f3eccc is pointing into the stack for thread: 0x03aee400
EBX=0x00000671 is an unknown value
ECX=0x00000003 is an unknown value
EDX=0x00000000 is an unknown value
ESP=0x03f3eccc is pointing into the stack for thread: 0x03aee400
EBP=0x03f3ed1c is pointing into the stack for thread: 0x03aee400
ESI=0x03f4ee8c is pointing into the stack for thread: 0x03aee400
EDI=0x73593a30 is an unknown value


Stack: [0x03f00000,0x03f50000],  sp=0x03f3eccc,  free space=251k
Native frames: (J=compiled Java code, j=interpreted, Vv=VM code, C=native code)
C  [KERNELBASE.dll+0x812f]
C  [msvcr100.dll+0x2872d]

Java frames: (J=compiled Java code, j=interpreted, Vv=VM code)
j  com.googlecode.javacv.cpp.opencv_imgproc.cvSmooth(Lcom/googlecode/javacv/cpp/opencv_core$CvArr;Lcom/googlecode/javacv/cpp/opencv_core$CvArr;IIIDD)V+0
j  com.googlecode.javacv.cpp.opencv_imgproc.cvSmooth(Lcom/googlecode/javacv/cpp/opencv_core$CvArr;Lcom/googlecode/javacv/cpp/opencv_core$CvArr;II)V+7
j  com.futurecam.here.ColoredObjectTrack.getThresholdImage(Lcom/googlecode/javacv/cpp/opencv_core$IplImage;)Lcom/googlecode/javacv/cpp/opencv_core$IplImage;+27
j  com.futurecam.here.ColoredObjectTrack.run()V+69
j  java.lang.Thread.run()V+11
v  ~StubRoutines::call_stub

---------------  P R O C E S S  ---------------

Java Threads: ( => current thread )
  0x014fbc00 JavaThread "DestroyJavaVM" [_thread_blocked, id=2988, stack(0x013f0000,0x01440000)]
=>0x03aee400 JavaThread "Thread-3" [_thread_in_native, id=7900, stack(0x03f00000,0x03f50000)]
  0x03ae5400 JavaThread "AWT-EventQueue-0" [_thread_blocked, id=7788, stack(0x03f50000,0x03fa0000)]
  0x03ac9400 JavaThread "AWT-Windows" daemon [_thread_in_native, id=4128, stack(0x03e90000,0x03ee0000)]
  0x03ac8c00 JavaThread "AWT-Shutdown" [_thread_blocked, id=4400, stack(0x03c50000,0x03ca0000)]
  0x03ad0800 JavaThread "Java2D Disposer" daemon [_thread_blocked, id=6876, stack(0x03d60000,0x03db0000)]
  0x0117d000 JavaThread "Service Thread" daemon [_thread_blocked, id=7412, stack(0x039d0000,0x03a20000)]
  0x01172c00 JavaThread "C1 CompilerThread0" daemon [_thread_blocked, id=6800, stack(0x03580000,0x035d0000)]
  0x01171c00 JavaThread "Attach Listener" daemon [_thread_blocked, id=5480, stack(0x037b0000,0x03800000)]
  0x0116e800 JavaThread "Signal Dispatcher" daemon [_thread_blocked, id=7520, stack(0x038b0000,0x03900000)]
  0x01105800 JavaThread "Finalizer" daemon [_thread_blocked, id=6256, stack(0x035f0000,0x03640000)]
  0x01100800 JavaThread "Reference Handler" daemon [_thread_blocked, id=2460, stack(0x03650000,0x036a0000)]

Other Threads:
  0x010ff000 VMThread [stack: 0x036e0000,0x03730000] [id=6924]
  0x01197400 WatcherThread [stack: 0x03840000,0x03890000] [id=3948]

VM state:not at safepoint (normal execution)

VM Mutex/Monitor currently owned by a thread: None

Heap
 def new generation   total 4928K, used 3531K [0x238f0000, 0x23e40000, 0x28e40000)
  eden space 4416K,  68% used [0x238f0000, 0x23be5650, 0x23d40000)
  from space 512K,  98% used [0x23d40000, 0x23dbd930, 0x23dc0000)
  to   space 512K,   0% used [0x23dc0000, 0x23dc0000, 0x23e40000)
 tenured generation   total 10944K, used 2752K [0x28e40000, 0x298f0000, 0x338f0000)
   the space 10944K,  25% used [0x28e40000, 0x290f0378, 0x290f0400, 0x298f0000)
 compacting perm gen  total 12288K, used 1640K [0x338f0000, 0x344f0000, 0x378f0000)
   the space 12288K,  13% used [0x338f0000, 0x33a8a0c8, 0x33a8a200, 0x344f0000)
    ro space 10240K,  41% used [0x378f0000, 0x37d21a78, 0x37d21c00, 0x382f0000)
    rw space 12288K,  52% used [0x382f0000, 0x389362c0, 0x38936400, 0x38ef0000)

Card table byte_map: [0x01440000,0x014f0000] byte_map_base: 0x01323880

Polling page: 0x00320000

Code Cache  [0x01500000, 0x015d8000, 0x03500000)
 total_blobs=399 nmethods=171 adapters=165 free_code_cache=31919Kb largest_free_block=32685888

Compilation events (10 events):
Event: 2.369 Thread 0x01172c00  167             java.io.Win32FileSystem::prefixLength (91 bytes)
Event: 2.370 Thread 0x01172c00 nmethod 167 0x015d2808 code [0x015d2950, 0x015d2ce4]
Event: 2.592 Thread 0x01172c00  168             java.lang.String::indexOf (7 bytes)
Event: 2.593 Thread 0x01172c00 nmethod 168 0x015d3188 code [0x015d3290, 0x015d335c]
Event: 2.599 Thread 0x01172c00  169             java.util.jar.JarFile::getEntry (22 bytes)
Event: 2.599 Thread 0x01172c00 nmethod 169 0x015d3488 code [0x015d35a0, 0x015d36c8]
Event: 2.599 Thread 0x01172c00  170   !         java.util.zip.ZipFile::getEntry (86 bytes)
Event: 2.600 Thread 0x01172c00 nmethod 170 0x015d3788 code [0x015d38d0, 0x015d3c78]
Event: 2.600 Thread 0x01172c00  171             java.lang.ref.Reference::get (5 bytes)
Event: 2.600 Thread 0x01172c00 nmethod 171 0x015d3f08 code [0x015d4000, 0x015d4080]

GC Heap History (4 events):
Event: 0.790 GC heap before
{Heap before GC invocations=0 (full 0):
 def new generation   total 4928K, used 4415K [0x238f0000, 0x23e40000, 0x28e40000)
  eden space 4416K,  99% used [0x238f0000, 0x23d3fea8, 0x23d40000)
  from space 512K,   0% used [0x23d40000, 0x23d40000, 0x23dc0000)
  to   space 512K,   0% used [0x23dc0000, 0x23dc0000, 0x23e40000)
 tenured generation   total 10944K, used 0K [0x28e40000, 0x298f0000, 0x338f0000)
   the space 10944K,   0% used [0x28e40000, 0x28e40000, 0x28e40200, 0x298f0000)
 compacting perm gen  total 12288K, used 886K [0x338f0000, 0x344f0000, 0x378f0000)
   the space 12288K,   7% used [0x338f0000, 0x339cdbd0, 0x339cdc00, 0x344f0000)
    ro space 10240K,  41% used [0x378f0000, 0x37d21a78, 0x37d21c00, 0x382f0000)
    rw space 12288K,  52% used [0x382f0000, 0x389362c0, 0x38936400, 0x38ef0000)
Event: 0.796 GC heap after
Heap after GC invocations=1 (full 0):
 def new generation   total 4928K, used 511K [0x238f0000, 0x23e40000, 0x28e40000)
  eden space 4416K,   0% used [0x238f0000, 0x238f0000, 0x23d40000)
  from space 512K,  99% used [0x23dc0000, 0x23e3fff8, 0x23e40000)
  to   space 512K,   0% used [0x23d40000, 0x23d40000, 0x23dc0000)
 tenured generation   total 10944K, used 297K [0x28e40000, 0x298f0000, 0x338f0000)
   the space 10944K,   2% used [0x28e40000, 0x28e8a4f8, 0x28e8a600, 0x298f0000)
 compacting perm gen  total 12288K, used 886K [0x338f0000, 0x344f0000, 0x378f0000)
   the space 12288K,   7% used [0x338f0000, 0x339cdbd0, 0x339cdc00, 0x344f0000)
    ro space 10240K,  41% used [0x378f0000, 0x37d21a78, 0x37d21c00, 0x382f0000)
    rw space 12288K,  52% used [0x382f0000, 0x389362c0, 0x38936400, 0x38ef0000)
}
Event: 2.310 GC heap before
{Heap before GC invocations=1 (full 0):
 def new generation   total 4928K, used 4614K [0x238f0000, 0x23e40000, 0x28e40000)
  eden space 4416K,  92% used [0x238f0000, 0x23cf1838, 0x23d40000)
  from space 512K,  99% used [0x23dc0000, 0x23e3fff8, 0x23e40000)
  to   space 512K,   0% used [0x23d40000, 0x23d40000, 0x23dc0000)
 tenured generation   total 10944K, used 297K [0x28e40000, 0x298f0000, 0x338f0000)
   the space 10944K,   2% used [0x28e40000, 0x28e8a4f8, 0x28e8a600, 0x298f0000)
 compacting perm gen  total 12288K, used 1540K [0x338f0000, 0x344f0000, 0x378f0000)
   the space 12288K,  12% used [0x338f0000, 0x33a710b0, 0x33a71200, 0x344f0000)
    ro space 10240K,  41% used [0x378f0000, 0x37d21a78, 0x37d21c00, 0x382f0000)
    rw space 12288K,  52% used [0x382f0000, 0x389362c0, 0x38936400, 0x38ef0000)
Event: 2.327 GC heap after
Heap after GC invocations=2 (full 0):
 def new generation   total 4928K, used 502K [0x238f0000, 0x23e40000, 0x28e40000)
  eden space 4416K,   0% used [0x238f0000, 0x238f0000, 0x23d40000)
  from space 512K,  98% used [0x23d40000, 0x23dbd930, 0x23dc0000)
  to   space 512K,   0% used [0x23dc0000, 0x23dc0000, 0x23e40000)
 tenured generation   total 10944K, used 2752K [0x28e40000, 0x298f0000, 0x338f0000)
   the space 10944K,  25% used [0x28e40000, 0x290f0378, 0x290f0400, 0x298f0000)
 compacting perm gen  total 12288K, used 1540K [0x338f0000, 0x344f0000, 0x378f0000)
   the space 12288K,  12% used [0x338f0000, 0x33a710b0, 0x33a71200, 0x344f0000)
    ro space 10240K,  41% used [0x378f0000, 0x37d21a78, 0x37d21c00, 0x382f0000)
    rw space 12288K,  52% used [0x382f0000, 0x389362c0, 0x38936400, 0x38ef0000)
}

Deoptimization events (0 events):
No events

Internal exceptions (10 events):
Event: 2.589 Thread 0x03aee400 Threw 0x23baa858 at C:\re\jdk7u45\229\hotspot\src\share\vm\prims\jvm.cpp:1244
Event: 2.591 Thread 0x03aee400 Threw 0x23baff18 at C:\re\jdk7u45\229\hotspot\src\share\vm\prims\jvm.cpp:1244
Event: 2.592 Thread 0x03aee400 Threw 0x23bb4f50 at C:\re\jdk7u45\229\hotspot\src\share\vm\prims\jvm.cpp:1244
Event: 2.594 Thread 0x03aee400 Threw 0x23bb9f50 at C:\re\jdk7u45\229\hotspot\src\share\vm\prims\jvm.cpp:1244
Event: 2.595 Thread 0x03aee400 Threw 0x23bc0358 at C:\re\jdk7u45\229\hotspot\src\share\vm\prims\jvm.cpp:1244
Event: 2.597 Thread 0x03aee400 Threw 0x23bc5c58 at C:\re\jdk7u45\229\hotspot\src\share\vm\prims\jvm.cpp:1244
Event: 2.598 Thread 0x03aee400 Threw 0x23bc9b60 at C:\re\jdk7u45\229\hotspot\src\share\vm\prims\jvm.cpp:1244
Event: 2.600 Thread 0x03aee400 Threw 0x23bce3c8 at C:\re\jdk7u45\229\hotspot\src\share\vm\prims\jvm.cpp:1244
Event: 2.602 Thread 0x03aee400 Threw 0x23bd2818 at C:\re\jdk7u45\229\hotspot\src\share\vm\prims\jvm.cpp:1244
Event: 2.603 Thread 0x03aee400 Threw 0x23bd64c8 at C:\re\jdk7u45\229\hotspot\src\share\vm\prims\jvm.cpp:1244

Events (10 events):
Event: 2.598 loading class 0x03ac2b48
Event: 2.598 loading class 0x03ac2b48 done
Event: 2.600 loading class 0x03b19540
Event: 2.600 loading class 0x03b19540 done
Event: 2.601 loading class 0x03b19360
Event: 2.601 loading class 0x03b19360 done
Event: 2.602 loading class 0x03b194f0
Event: 2.603 loading class 0x03b194f0 done
Event: 2.606 loading class 0x38f238e8
Event: 2.606 loading class 0x38f238e8 done


Dynamic libraries:
0x01320000 - 0x0134f000 	C:\Program Files\Java\jre7\bin\javaw.exe
0x778e0000 - 0x77a1c000 	C:\Windows\SYSTEM32\ntdll.dll
0x75d20000 - 0x75df4000 	C:\Windows\system32\kernel32.dll
0x759f0000 - 0x75a3b000 	C:\Windows\system32\KERNELBASE.dll
0x77230000 - 0x772d0000 	C:\Windows\system32\ADVAPI32.dll
0x76300000 - 0x763ac000 	C:\Windows\system32\msvcrt.dll
0x75c90000 - 0x75ca9000 	C:\Windows\SYSTEM32\sechost.dll
0x77310000 - 0x773b2000 	C:\Windows\system32\RPCRT4.dll
0x77600000 - 0x776c9000 	C:\Windows\system32\USER32.dll
0x776d0000 - 0x7771e000 	C:\Windows\system32\GDI32.dll
0x75e00000 - 0x75e0a000 	C:\Windows\system32\LPK.dll
0x75f00000 - 0x75f9d000 	C:\Windows\system32\USP10.dll
0x747a0000 - 0x7493e000 	C:\Windows\WinSxS\x86_microsoft.windows.common-controls_6595b64144ccf1df_6.0.7601.17514_none_41e6975e2bd6f2b2\COMCTL32.dll
0x77ab0000 - 0x77b07000 	C:\Windows\system32\SHLWAPI.dll
0x75cb0000 - 0x75ccf000 	C:\Windows\system32\IMM32.DLL
0x75e10000 - 0x75edc000 	C:\Windows\system32\MSCTF.dll
0x73580000 - 0x7363f000 	C:\Program Files\Java\jre7\bin\msvcr100.dll
0x5c3f0000 - 0x5c770000 	C:\Program Files\Java\jre7\bin\client\jvm.dll
0x73e10000 - 0x73e17000 	C:\Windows\system32\WSOCK32.dll
0x772d0000 - 0x77305000 	C:\Windows\system32\WS2_32.dll
0x75ef0000 - 0x75ef6000 	C:\Windows\system32\NSI.dll
0x726f0000 - 0x72722000 	C:\Windows\system32\WINMM.dll
0x77a20000 - 0x77a25000 	C:\Windows\system32\PSAPI.DLL
0x73a90000 - 0x73a9c000 	C:\Program Files\Java\jre7\bin\verify.dll
0x73a70000 - 0x73a90000 	C:\Program Files\Java\jre7\bin\java.dll
0x73a50000 - 0x73a63000 	C:\Program Files\Java\jre7\bin\zip.dll
0x73760000 - 0x737c9000 	C:\Windows\System32\msvcp100.dll
0x5c1e0000 - 0x5c3e4000 	C:\opencv\build\x86\vc10\bin\opencv_core246.dll
0x5fde0000 - 0x5fe55000 	C:\Users\USER\AppData\Local\Temp\javacpp19346816235866\jniopencv_core.dll
0x6ac80000 - 0x6adc3000 	C:\Program Files\Java\jre7\bin\awt.dll
0x77450000 - 0x774df000 	C:\Windows\system32\OLEAUT32.dll
0x761a0000 - 0x762fc000 	C:\Windows\system32\ole32.dll
0x742f0000 - 0x74303000 	C:\Windows\system32\DWMAPI.DLL
0x74620000 - 0x74660000 	C:\Windows\system32\uxtheme.dll
0x758b0000 - 0x758bc000 	C:\Windows\system32\CRYPTBASE.dll
0x76550000 - 0x7719a000 	C:\Windows\system32\SHELL32.dll
0x736a0000 - 0x736d8000 	C:\Program Files\Java\jre7\bin\fontmanager.dll
0x10000000 - 0x10038000 	C:\Program Files\Lenovo\Bluetooth Software\btmmhook.dll
0x70fc0000 - 0x71d59000 	C:\opencv\build\x86\vc10\bin\opencv_ffmpeg246.dll
0x5bf70000 - 0x5c1da000 	C:\opencv\build\x86\vc10\bin\opencv_imgproc246.dll
0x5bd60000 - 0x5bf6a000 	C:\opencv\build\x86\vc10\bin\opencv_highgui246.dll
0x6f9b0000 - 0x6f9c9000 	C:\Windows\system32\AVIFIL32.dll
0x6e170000 - 0x6e184000 	C:\Windows\system32\MSACM32.dll
0x036a0000 - 0x036c1000 	C:\Windows\system32\MSVFW32.dll
0x69310000 - 0x69323000 	C:\Windows\system32\AVICAP32.dll
0x74e20000 - 0x74e29000 	C:\Windows\system32\VERSION.dll
0x73660000 - 0x7366f000 	C:\Users\USER\AppData\Local\Temp\javacpp19346816235866\jniopencv_highgui.dll
0x771a0000 - 0x77223000 	C:\Windows\system32\CLBCatQ.DLL
0x638e0000 - 0x638f4000 	C:\Windows\system32\devenum.dll
0x763b0000 - 0x7654d000 	C:\Windows\system32\setupapi.dll
0x759c0000 - 0x759e7000 	C:\Windows\system32\CFGMGR32.dll
0x75c40000 - 0x75c52000 	C:\Windows\system32\DEVOBJ.dll
0x74a40000 - 0x74a61000 	C:\Windows\system32\ntmarta.dll
0x75cd0000 - 0x75d15000 	C:\Windows\system32\WLDAP32.dll
0x75a40000 - 0x75a6e000 	C:\Windows\system32\WINTRUST.dll
0x75a70000 - 0x75b90000 	C:\Windows\system32\CRYPT32.dll
0x759a0000 - 0x759ac000 	C:\Windows\system32\MSASN1.dll
0x64040000 - 0x6404b000 	C:\Windows\system32\msdmo.dll
0x73540000 - 0x73572000 	C:\Windows\system32\qcap.dll
0x6ab00000 - 0x6ac77000 	C:\Windows\system32\quartz.dll
0x73500000 - 0x73533000 	C:\Windows\system32\ksproxy.ax
0x6f280000 - 0x6f284000 	C:\Windows\system32\ksuser.dll
0x695e0000 - 0x697a3000 	C:\Windows\system32\d3d9.dll
0x697b0000 - 0x697b6000 	C:\Windows\system32\d3d8thk.dll
0x73690000 - 0x73699000 	C:\Windows\system32\vidcap.ax
0x73670000 - 0x7368d000 	C:\Windows\system32\kswdmcap.ax
0x73360000 - 0x7347c000 	C:\Windows\system32\MFC42.dll
0x6e0d0000 - 0x6e15c000 	C:\Windows\system32\ODBC32.dll
0x734c0000 - 0x734f8000 	C:\Windows\system32\odbcint.dll
0x03ca0000 - 0x03cd7000 	C:\Windows\system32\370prop.ax
0x77a30000 - 0x77aab000 	C:\Windows\system32\COMDLG32.dll
0x6b450000 - 0x6b4d0000 	C:\Windows\System32\qedit.dll
0x74490000 - 0x74620000 	C:\Windows\WinSxS\x86_microsoft.windows.gdiplus_6595b64144ccf1df_1.1.7601.18120_none_72d2e82386681b36\gdiplus.dll
0x697c0000 - 0x698a7000 	C:\Windows\system32\DDRAW.dll
0x698b0000 - 0x698b6000 	C:\Windows\system32\DCIMAN32.dll
0x62c30000 - 0x62cfc000 	C:\Windows\system32\D3DIM700.DLL
0x734b0000 - 0x734b9000 	C:\Windows\system32\msyuv.dll
0x61730000 - 0x61769000 	C:\Users\USER\AppData\Local\Temp\javacpp19346816235866\jniopencv_imgproc.dll
0x63690000 - 0x6377b000 	C:\Windows\system32\dbghelp.dll

VM Arguments:
jvm_args: -Dfile.encoding=Cp1252 
java_command: com.futurecam.here.ColoredObjectTrack
Launcher Type: SUN_STANDARD

Environment Variables:
PATH=C:/Program Files/Java/jre7/bin/client;C:/Program Files/Java/jre7/bin;C:/Program Files/Java/jre7/lib/i386;C:\Windows\system32;C:\Windows;C:\Windows\System32\Wbem;C:\Windows\System32\WindowsPowerShell\v1.0\;C:\Program Files\Lenovo\Bluetooth Software\;C:\Program Files\Tesseract-OCR;C:\Eclipse\adt-bundle-windows-x86-20130522\eclipse;
USERNAME=USER
OS=Windows_NT
PROCESSOR_IDENTIFIER=x86 Family 6 Model 23 Stepping 10, GenuineIntel



---------------  S Y S T E M  ---------------

OS: Windows 7 Build 7601 Service Pack 1

CPU:total 2 (2 cores per cpu, 1 threads per core) family 6 model 23 stepping 10, cmov, cx8, fxsr, mmx, sse, sse2, sse3, ssse3, tsc

Memory: 4k page, physical 3105384k(1042612k free), swap 6209016k(2898624k free)

vm_info: Java HotSpot(TM) Client VM (24.45-b08) for windows-x86 JRE (1.7.0_45-b18), built on Oct  8 2013 06:02:43 by "java_re" with unknown MS VC++:1600

time: Sat Nov 16 19:56:59 2013
elapsed time: 2 seconds

