#
# A fatal error has been detected by the Java Runtime Environment:
#
#  EXCEPTION_UNCAUGHT_CXX_EXCEPTION (0xe06d7363) at pc=0x757f812f, pid=4104, tid=8024
#
# JRE version: 7.0_25-b17
# Java VM: Java HotSpot(TM) Client VM (23.25-b01 mixed mode, sharing windows-x86 )
# Problematic frame:
# C  [KERNELBASE.dll+0x812f]  RaiseException+0x54
#
# Failed to write core dump. Minidumps are not enabled by default on client versions of Windows
#
# If you would like to submit a bug report, please visit:
#   http://bugreport.sun.com/bugreport/crash.jsp
# The crash happened outside the Java Virtual Machine in native code.
# See problematic frame for where to report the bug.
#

---------------  T H R E A D  ---------------

Current thread (0x03edb000):  JavaThread "Thread-3" [_thread_in_native, id=8024, stack(0x04980000,0x049d0000)]

siginfo: ExceptionCode=0xe06d7363, ExceptionInformation=0x19930520 0x049bbbe0 0x61214a88 

Registers:
EAX=0x049bbb3c, EBX=0x00000d4a, ECX=0x00000003, EDX=0x00000000
ESP=0x049bbb3c, EBP=0x049bbb8c, ESI=0x049cd23c, EDI=0x61371ec6
EIP=0x757f812f, EFLAGS=0x00000206

Top of Stack: (sp=0x049bbb3c)
0x049bbb3c:   e06d7363 00000001 00000000 757f812f
0x049bbb4c:   00000003 19930520 049bbbe0 61214a88
0x049bbb5c:   00000000 03eda930 049bbc44 049bbb50
0x049bbb6c:   049bbc44 00000031 049bbb94 610440fe
0x049bbb7c:   03eda930 03eda8e8 00000031 049cd23c
0x049bbb8c:   049bbbc4 61387819 e06d7363 00000001
0x049bbb9c:   00000003 049bbbb8 e06d7363 00000001
0x049bbbac:   00000000 00000000 00000003 19930520 

Instructions: (pc=0x757f812f)
0x757f810f:   89 45 c0 c1 e0 02 50 ff 75 14 8d 45 c4 50 e8 18
0x757f811f:   e7 ff ff 83 c4 0c 8d 45 b0 50 ff 15 5c 11 7f 75
0x757f812f:   c9 c2 10 00 89 45 c0 eb ed 3d 01 01 00 00 0f 85
0x757f813f:   6d 96 ff ff e9 49 96 ff ff 8d 4d b8 ff 15 4c 10 


Register to memory mapping:

EAX=0x049bbb3c is pointing into the stack for thread: 0x03edb000
EBX=0x00000d4a is an unknown value
ECX=0x00000003 is an unknown value
EDX=0x00000000 is an unknown value
ESP=0x049bbb3c is pointing into the stack for thread: 0x03edb000
EBP=0x049bbb8c is pointing into the stack for thread: 0x03edb000
ESI=0x049cd23c is pointing into the stack for thread: 0x03edb000
EDI=0x61371ec6 is an unknown value


Stack: [0x04980000,0x049d0000],  sp=0x049bbb3c,  free space=238k
Native frames: (J=compiled Java code, j=interpreted, Vv=VM code, C=native code)
C  [KERNELBASE.dll+0x812f]  RaiseException+0x54
C  [msvcr100.dll+0x27819]  CxxThrowException+0x45

Java frames: (J=compiled Java code, j=interpreted, Vv=VM code)
j  com.googlecode.javacv.cpp.opencv_imgproc.cvCvtColor(Lcom/googlecode/javacv/cpp/opencv_core$CvArr;Lcom/googlecode/javacv/cpp/opencv_core$CvArr;I)V+0
j  com.futurecam.abe.ColoredObjectTrack.getThresholdImage(Lcom/googlecode/javacv/cpp/opencv_core$IplImage;)Lcom/googlecode/javacv/cpp/opencv_core$IplImage;+17
j  com.futurecam.abe.ColoredObjectTrack.run()V+35
j  java.lang.Thread.run()V+11
v  ~StubRoutines::call_stub

---------------  P R O C E S S  ---------------

Java Threads: ( => current thread )
  0x017adc00 JavaThread "DestroyJavaVM" [_thread_blocked, id=6824, stack(0x016f0000,0x01740000)]
=>0x03edb000 JavaThread "Thread-3" [_thread_in_native, id=8024, stack(0x04980000,0x049d0000)]
  0x03ecd400 JavaThread "AWT-EventQueue-0" [_thread_blocked, id=6476, stack(0x047f0000,0x04840000)]
  0x03ebc800 JavaThread "AWT-Windows" daemon [_thread_in_native, id=6208, stack(0x04190000,0x041e0000)]
  0x03ebc000 JavaThread "AWT-Shutdown" [_thread_blocked, id=2984, stack(0x040f0000,0x04140000)]
  0x03eb7400 JavaThread "Java2D Disposer" daemon [_thread_blocked, id=7300, stack(0x04080000,0x040d0000)]
  0x01899000 JavaThread "Service Thread" daemon [_thread_blocked, id=6640, stack(0x03960000,0x039b0000)]
  0x0188ec00 JavaThread "C1 CompilerThread0" daemon [_thread_blocked, id=5440, stack(0x03d10000,0x03d60000)]
  0x0188dc00 JavaThread "Attach Listener" daemon [_thread_blocked, id=5016, stack(0x03a40000,0x03a90000)]
  0x0188a800 JavaThread "Signal Dispatcher" daemon [_thread_blocked, id=3920, stack(0x03c00000,0x03c50000)]
  0x01879000 JavaThread "Finalizer" daemon [_thread_blocked, id=6884, stack(0x039b0000,0x03a00000)]
  0x01874400 JavaThread "Reference Handler" daemon [_thread_blocked, id=5604, stack(0x03b20000,0x03b70000)]

Other Threads:
  0x01873000 VMThread [stack: 0x03ad0000,0x03b20000] [id=5872]
  0x018ab000 WatcherThread [stack: 0x03cc0000,0x03d10000] [id=6500]

VM state:not at safepoint (normal execution)

VM Mutex/Monitor currently owned by a thread: None

Heap
 def new generation   total 4928K, used 3653K [0x23cc0000, 0x24210000, 0x29210000)
  eden space 4416K,  71% used [0x23cc0000, 0x23fd15c0, 0x24110000)
  from space 512K, 100% used [0x24190000, 0x24210000, 0x24210000)
  to   space 512K,   0% used [0x24110000, 0x24110000, 0x24190000)
 tenured generation   total 10944K, used 379K [0x29210000, 0x29cc0000, 0x33cc0000)
   the space 10944K,   3% used [0x29210000, 0x2926eda0, 0x2926ee00, 0x29cc0000)
 compacting perm gen  total 12288K, used 1661K [0x33cc0000, 0x348c0000, 0x37cc0000)
   the space 12288K,  13% used [0x33cc0000, 0x33e5f640, 0x33e5f800, 0x348c0000)
    ro space 10240K,  42% used [0x37cc0000, 0x38104240, 0x38104400, 0x386c0000)
    rw space 12288K,  54% used [0x386c0000, 0x38d44d58, 0x38d44e00, 0x392c0000)

Card table byte_map: [0x038b0000,0x03960000] byte_map_base: 0x03791a00

Polling page: 0x00120000

Code Cache  [0x018b0000, 0x01988000, 0x038b0000)
 total_blobs=397 nmethods=166 adapters=166 free_code_cache=31927Kb largest_free_block=32693248

Compilation events (10 events):
Event: 1.959 Thread 0x0188ec00  162             java.lang.String::indexOf (7 bytes)
Event: 1.959 Thread 0x0188ec00 nmethod 162 0x01981808 code [0x01981910, 0x019819dc]
Event: 1.964 Thread 0x0188ec00  163             java.net.URL::getFile (5 bytes)
Event: 1.964 Thread 0x0188ec00 nmethod 163 0x01981b08 code [0x01981c00, 0x01981c80]
Event: 1.969 Thread 0x0188ec00  164             java.lang.Integer::valueOf (54 bytes)
Event: 1.969 Thread 0x0188ec00 nmethod 164 0x01981cc8 code [0x01981dc0, 0x01981eb0]
Event: 1.970 Thread 0x0188ec00  165             java.lang.ref.Reference::get (5 bytes)
Event: 1.970 Thread 0x0188ec00 nmethod 165 0x01981f88 code [0x01982080, 0x01982100]
Event: 1.977 Thread 0x0188ec00  166             java.util.Hashtable$Enumerator::hasMoreElements (53 bytes)
Event: 1.979 Thread 0x0188ec00 nmethod 166 0x01982148 code [0x01982240, 0x01982320]

GC Heap History (2 events):
Event: 0.669 GC heap before
{Heap before GC invocations=0 (full 0):
 def new generation   total 4928K, used 4416K [0x23cc0000, 0x24210000, 0x29210000)
  eden space 4416K, 100% used [0x23cc0000, 0x24110000, 0x24110000)
  from space 512K,   0% used [0x24110000, 0x24110000, 0x24190000)
  to   space 512K,   0% used [0x24190000, 0x24190000, 0x24210000)
 tenured generation   total 10944K, used 0K [0x29210000, 0x29cc0000, 0x33cc0000)
   the space 10944K,   0% used [0x29210000, 0x29210000, 0x29210200, 0x29cc0000)
 compacting perm gen  total 12288K, used 873K [0x33cc0000, 0x348c0000, 0x37cc0000)
   the space 12288K,   7% used [0x33cc0000, 0x33d9a7f8, 0x33d9a800, 0x348c0000)
    ro space 10240K,  42% used [0x37cc0000, 0x38104240, 0x38104400, 0x386c0000)
    rw space 12288K,  54% used [0x386c0000, 0x38d44d58, 0x38d44e00, 0x392c0000)
Event: 0.675 GC heap after
Heap after GC invocations=1 (full 0):
 def new generation   total 4928K, used 512K [0x23cc0000, 0x24210000, 0x29210000)
  eden space 4416K,   0% used [0x23cc0000, 0x23cc0000, 0x24110000)
  from space 512K, 100% used [0x24190000, 0x24210000, 0x24210000)
  to   space 512K,   0% used [0x24110000, 0x24110000, 0x24190000)
 tenured generation   total 10944K, used 379K [0x29210000, 0x29cc0000, 0x33cc0000)
   the space 10944K,   3% used [0x29210000, 0x2926eda0, 0x2926ee00, 0x29cc0000)
 compacting perm gen  total 12288K, used 873K [0x33cc0000, 0x348c0000, 0x37cc0000)
   the space 12288K,   7% used [0x33cc0000, 0x33d9a7f8, 0x33d9a800, 0x348c0000)
    ro space 10240K,  42% used [0x37cc0000, 0x38104240, 0x38104400, 0x386c0000)
    rw space 12288K,  54% used [0x386c0000, 0x38d44d58, 0x38d44e00, 0x392c0000)
}

Deoptimization events (0 events):
No events

Internal exceptions (10 events):
Event: 1.963 Thread 0x03edb000 Threw 0x23f953d8 at C:\jdk7u2_32P\jdk7u25\hotspot\src\share\vm\prims\jvm.cpp:1235
Event: 1.965 Thread 0x03edb000 Threw 0x23f9aa98 at C:\jdk7u2_32P\jdk7u25\hotspot\src\share\vm\prims\jvm.cpp:1235
Event: 1.966 Thread 0x03edb000 Threw 0x23f9fad0 at C:\jdk7u2_32P\jdk7u25\hotspot\src\share\vm\prims\jvm.cpp:1235
Event: 1.967 Thread 0x03edb000 Threw 0x23fa4a58 at C:\jdk7u2_32P\jdk7u25\hotspot\src\share\vm\prims\jvm.cpp:1235
Event: 1.969 Thread 0x03edb000 Threw 0x23faad08 at C:\jdk7u2_32P\jdk7u25\hotspot\src\share\vm\prims\jvm.cpp:1235
Event: 1.970 Thread 0x03edb000 Threw 0x23fb0578 at C:\jdk7u2_32P\jdk7u25\hotspot\src\share\vm\prims\jvm.cpp:1235
Event: 1.971 Thread 0x03edb000 Threw 0x23fb43f8 at C:\jdk7u2_32P\jdk7u25\hotspot\src\share\vm\prims\jvm.cpp:1235
Event: 1.973 Thread 0x03edb000 Threw 0x23fb8988 at C:\jdk7u2_32P\jdk7u25\hotspot\src\share\vm\prims\jvm.cpp:1235
Event: 1.974 Thread 0x03edb000 Threw 0x23fbcec0 at C:\jdk7u2_32P\jdk7u25\hotspot\src\share\vm\prims\jvm.cpp:1235
Event: 1.975 Thread 0x03edb000 Threw 0x23fc0b30 at C:\jdk7u2_32P\jdk7u25\hotspot\src\share\vm\prims\jvm.cpp:1235

Events (10 events):
Event: 1.971 loading class 0x03eda660
Event: 1.971 loading class 0x03eda660 done
Event: 1.973 loading class 0x03edc950
Event: 1.973 loading class 0x03edc950 done
Event: 1.974 loading class 0x03edc720
Event: 1.974 loading class 0x03edc720 done
Event: 1.975 loading class 0x03edc900
Event: 1.975 loading class 0x03edc900 done
Event: 1.979 loading class 0x392f4158
Event: 1.980 loading class 0x392f4158 done


Dynamic libraries:
0x003e0000 - 0x0040f000 	C:\Program Files\Java\jre7\bin\javaw.exe
0x77730000 - 0x7786c000 	C:\Windows\SYSTEM32\ntdll.dll
0x77340000 - 0x77414000 	C:\Windows\system32\kernel32.dll
0x757f0000 - 0x7583b000 	C:\Windows\system32\KERNELBASE.dll
0x76720000 - 0x767c0000 	C:\Windows\system32\ADVAPI32.dll
0x778b0000 - 0x7795c000 	C:\Windows\system32\msvcrt.dll
0x77890000 - 0x778a9000 	C:\Windows\SYSTEM32\sechost.dll
0x76ba0000 - 0x76c42000 	C:\Windows\system32\RPCRT4.dll
0x77030000 - 0x770f9000 	C:\Windows\system32\USER32.dll
0x76d20000 - 0x76d6e000 	C:\Windows\system32\GDI32.dll
0x77870000 - 0x7787a000 	C:\Windows\system32\LPK.dll
0x76f10000 - 0x76fad000 	C:\Windows\system32\USP10.dll
0x745e0000 - 0x7477e000 	C:\Windows\WinSxS\x86_microsoft.windows.common-controls_6595b64144ccf1df_6.0.7601.17514_none_41e6975e2bd6f2b2\COMCTL32.dll
0x76fd0000 - 0x77027000 	C:\Windows\system32\SHLWAPI.dll
0x76fb0000 - 0x76fcf000 	C:\Windows\system32\IMM32.DLL
0x76c50000 - 0x76d1c000 	C:\Windows\system32\MSCTF.dll
0x61360000 - 0x6141e000 	C:\Program Files\Java\jre7\bin\msvcr100.dll
0x58110000 - 0x58452000 	C:\Program Files\Java\jre7\bin\client\jvm.dll
0x714b0000 - 0x714b7000 	C:\Windows\system32\WSOCK32.dll
0x76ed0000 - 0x76f05000 	C:\Windows\system32\WS2_32.dll
0x77880000 - 0x77886000 	C:\Windows\system32\NSI.dll
0x71010000 - 0x71042000 	C:\Windows\system32\WINMM.dll
0x76b60000 - 0x76b65000 	C:\Windows\system32\PSAPI.DLL
0x719f0000 - 0x719fc000 	C:\Program Files\Java\jre7\bin\verify.dll
0x68b10000 - 0x68b30000 	C:\Program Files\Java\jre7\bin\java.dll
0x71660000 - 0x71673000 	C:\Program Files\Java\jre7\bin\zip.dll
0x61250000 - 0x612b9000 	C:\Windows\System32\msvcp100.dll
0x61040000 - 0x61244000 	C:\opencv\build\x86\vc10\bin\opencv_core246.dll
0x615e0000 - 0x61655000 	C:\Users\USER\AppData\Local\Temp\javacpp25080645002251\jniopencv_core.dll
0x5ff80000 - 0x600c4000 	C:\Program Files\Java\jre7\bin\awt.dll
0x775c0000 - 0x7764f000 	C:\Windows\system32\OLEAUT32.dll
0x76d70000 - 0x76ecc000 	C:\Windows\system32\ole32.dll
0x74130000 - 0x74143000 	C:\Windows\system32\DWMAPI.DLL
0x74460000 - 0x744a0000 	C:\Windows\system32\uxtheme.dll
0x756f0000 - 0x756fc000 	C:\Windows\system32\CRYPTBASE.dll
0x75ad0000 - 0x7671a000 	C:\Windows\system32\SHELL32.dll
0x61000000 - 0x61031000 	C:\Program Files\Java\jre7\bin\fontmanager.dll
0x10000000 - 0x10038000 	C:\Program Files\Lenovo\Bluetooth Software\btmmhook.dll
0x71a00000 - 0x71a19000 	C:\Users\USER\AppData\Local\Temp\javacpp25080645002251\jnivideoInputLib.dll
0x776a0000 - 0x77723000 	C:\Windows\system32\CLBCatQ.DLL
0x6f8e0000 - 0x6f8f4000 	C:\Windows\system32\devenum.dll
0x77420000 - 0x775bd000 	C:\Windows\system32\setupapi.dll
0x75840000 - 0x75867000 	C:\Windows\system32\CFGMGR32.dll
0x75ab0000 - 0x75ac2000 	C:\Windows\system32\DEVOBJ.dll
0x74a40000 - 0x74a61000 	C:\Windows\system32\ntmarta.dll
0x77650000 - 0x77695000 	C:\Windows\system32\WLDAP32.dll
0x75930000 - 0x7595e000 	C:\Windows\system32\WINTRUST.dll
0x75960000 - 0x75a80000 	C:\Windows\system32\CRYPT32.dll
0x757e0000 - 0x757ec000 	C:\Windows\system32\MSASN1.dll
0x71ea0000 - 0x71eab000 	C:\Windows\system32\msdmo.dll
0x71570000 - 0x715a2000 	C:\Windows\system32\qcap.dll
0x6daf0000 - 0x6db11000 	C:\Windows\system32\MSVFW32.dll
0x74c60000 - 0x74c69000 	C:\Windows\system32\VERSION.dll
0x60e50000 - 0x60fc7000 	C:\Windows\system32\quartz.dll
0x68ce0000 - 0x68d13000 	C:\Windows\system32\ksproxy.ax
0x71e90000 - 0x71e94000 	C:\Windows\system32\ksuser.dll
0x6dc40000 - 0x6de03000 	C:\Windows\system32\d3d9.dll
0x6f0d0000 - 0x6f0d6000 	C:\Windows\system32\d3d8thk.dll
0x72270000 - 0x72279000 	C:\Windows\system32\vidcap.ax
0x72030000 - 0x7204d000 	C:\Windows\system32\kswdmcap.ax
0x61be0000 - 0x61cfc000 	C:\Windows\system32\MFC42.dll
0x61fd0000 - 0x6205c000 	C:\Windows\system32\ODBC32.dll
0x68ca0000 - 0x68cd8000 	C:\Windows\system32\odbcint.dll
0x01740000 - 0x01777000 	C:\Windows\system32\370prop.ax
0x77100000 - 0x7717b000 	C:\Windows\system32\COMDLG32.dll
0x60980000 - 0x60a00000 	C:\Windows\System32\qedit.dll
0x742d0000 - 0x74460000 	C:\Windows\WinSxS\x86_microsoft.windows.gdiplus_6595b64144ccf1df_1.1.7601.18120_none_72d2e82386681b36\gdiplus.dll
0x6de10000 - 0x6def7000 	C:\Windows\system32\DDRAW.dll
0x6f0e0000 - 0x6f0e6000 	C:\Windows\system32\DCIMAN32.dll
0x60580000 - 0x6064c000 	C:\Windows\system32\D3DIM700.DLL
0x716c0000 - 0x716c9000 	C:\Windows\system32\msyuv.dll
0x5a550000 - 0x5a7ba000 	C:\opencv\build\x86\vc10\bin\opencv_imgproc246.dll
0x61700000 - 0x61739000 	C:\Users\USER\AppData\Local\Temp\javacpp25080645002251\jniopencv_imgproc.dll
0x6a2a0000 - 0x6a38b000 	C:\Windows\system32\dbghelp.dll

VM Arguments:
jvm_args: -Dfile.encoding=Cp1252 -Xbootclasspath:C:\Program Files\Java\jre7\lib\resources.jar;C:\Program Files\Java\jre7\lib\rt.jar;C:\Program Files\Java\jre7\lib\jsse.jar;C:\Program Files\Java\jre7\lib\jce.jar;C:\Program Files\Java\jre7\lib\charsets.jar;C:\Program Files\Java\jre7\lib\jfr.jar;C:\Users\USER\Downloads\google-api-services-drive-v2-rev89-java-1.15.0-rc\drive\google-api-services-drive-v2-rev89-1.15.0-rc.jar;C:\Users\USER\Downloads\google-api-services-drive-v2-rev89-java-1.15.0-rc\drive\google-api-services-drive-v2-rev89-1.15.0-rc-javadoc.jar;C:\Users\USER\Downloads\google-api-services-drive-v2-rev89-java-1.15.0-rc\drive\google-api-services-drive-v2-rev89-1.15.0-rc-sources.jar;C:\Users\USER\Downloads\google-api-services-drive-v2-rev89-java-1.15.0-rc\drive\libs-sources\commons-logging-1.1.1-sources.jar;C:\Users\USER\Downloads\google-api-services-drive-v2-rev89-java-1.15.0-rc\drive\libs-sources\google-api-client-1.15.0-rc-sources.jar;C:\Users\USER\Downloads\google-api-services-drive-v2-rev89-java-1.15.0-rc\drive\libs-sources\google-api-client-android-1.15.0-rc-sources.jar;C:\Users\USER\Downloads\google-api-services-drive-v2-rev89-java-1.15.0-rc\drive\libs-sources\google-api-client-appengine-1.15.0-rc-sources.jar;C:\Users\USER\Downloads\google-api-services-drive-v2-rev89-java-1.15.0-rc\drive\libs-sources\google-api-client-java6-1.15.0-rc-sources.jar;C:\Users\USER\Downloads\google-api-services-drive-v2-rev89-java-1.15.0-rc\drive\libs-sources\google-api-client-servlet-1.15.0-rc-sources.jar;C:\Users\USER\Downloads\google-api-services-drive-v2-rev89-java-1.15.0-rc\drive\libs-sources\google-http-client-1.15.0-rc-sources.jar;C:\Users\USER\Downloads\google-api-services-drive-v2-rev89-java-1.15.0-rc\drive\libs-sources\google-http-client-android-1.15.0-rc-sources.jar;C:\Users\USER\Downloads\google-api-services-drive-v2-rev89-java-1.15.0-rc\drive\libs-sources\google-http-client-appengine-1.15.0-rc-sources.jar;C:\Users\USER\Downloads\google-api-services-drive-v2-rev89-java-1.15.0-rc\drive\libs-source
java_command: com.futurecam.abe.ColoredObjectTrack
Launcher Type: SUN_STANDARD

Environment Variables:
PATH=C:/Program Files/Java/jre7/bin/client;C:/Program Files/Java/jre7/bin;C:/Program Files/Java/jre7/lib/i386;C:\Windows\system32;C:\Windows;C:\Windows\System32\Wbem;C:\Windows\System32\WindowsPowerShell\v1.0\;C:\Program Files\Lenovo\Bluetooth Software\;C:\Eclipse\adt-bundle-windows-x86-20130522\eclipse;
USERNAME=USER
OS=Windows_NT
PROCESSOR_IDENTIFIER=x86 Family 6 Model 23 Stepping 10, GenuineIntel



---------------  S Y S T E M  ---------------

OS: Windows 7 Build 7601 Service Pack 1

CPU:total 2 (2 cores per cpu, 1 threads per core) family 6 model 23 stepping 10, cmov, cx8, fxsr, mmx, sse, sse2, sse3, ssse3, tsc

Memory: 4k page, physical 3105384k(1136640k free), swap 6209016k(3093868k free)

vm_info: Java HotSpot(TM) Client VM (23.25-b01) for windows-x86 JRE (1.7.0_25-b17), built on Jun 21 2013 13:06:48 by "java_re" with unknown MS VC++:1600

time: Sat Oct 12 00:21:07 2013
elapsed time: 2 seconds

