#
# A fatal error has been detected by the Java Runtime Environment:
#
#  EXCEPTION_ACCESS_VIOLATION (0xc0000005) at pc=0x6c420a85, pid=1488, tid=5168
#
# JRE version: 7.0_25-b17
# Java VM: Java HotSpot(TM) Client VM (23.25-b01 mixed mode, sharing windows-x86 )
# Problematic frame:
# C  [msvcr100.dll+0x10a85]  wcspbrk+0x77
#
# Failed to write core dump. Minidumps are not enabled by default on client versions of Windows
#
# If you would like to submit a bug report, please visit:
#   http://bugreport.sun.com/bugreport/crash.jsp
# The crash happened outside the Java Virtual Machine in native code.
# See problematic frame for where to report the bug.
#

---------------  T H R E A D  ---------------

Current thread (0x03f2cc00):  JavaThread "Thread-3" [_thread_in_native, id=5168, stack(0x04230000,0x04280000)]

siginfo: ExceptionCode=0xc0000005, writing address 0x00000000

Registers:
EAX=0x00000000, EBX=0x00000000, ECX=0x00000000, EDX=0x0000000f
ESP=0x0427f5a4, EBP=0x0427f5b0, ESI=0x06e808a0, EDI=0x00000000
EIP=0x6c420a85, EFLAGS=0x00010206

Top of Stack: (sp=0x0427f5a4)
0x0427f5a4:   00000000 06e808a0 00000780 0427f5d0
0x0427f5b4:   6271ca98 00000000 06e808a0 00000780
0x0427f5c4:   00000000 628f3860 00000000 0427f5fc
0x0427f5d4:   6271dfc1 06da0020 00000000 00000280
0x0427f5e4:   000001e0 fffff880 000001e0 03f58674
0x0427f5f4:   03f58658 00000001 0427f628 6271ed30
0x0427f604:   00000000 00000000 00000000 00000001
0x0427f614:   00000000 03f2cd28 33e3cf78 62701095 

Instructions: (pc=0x6c420a85)
0x6c420a65:   00 00 00 8b d1 83 e1 7f c1 ea 07 74 5d 66 0f 6f
0x6c420a75:   06 66 0f 6f 4e 10 66 0f 6f 56 20 66 0f 6f 5e 30
0x6c420a85:   66 0f 7f 07 66 0f 7f 4f 10 66 0f 7f 57 20 66 0f
0x6c420a95:   7f 5f 30 66 0f 6f 66 40 66 0f 6f 6e 50 66 0f 6f 


Register to memory mapping:

EAX=0x00000000 is an unknown value
EBX=0x00000000 is an unknown value
ECX=0x00000000 is an unknown value
EDX=0x0000000f is an unknown value
ESP=0x0427f5a4 is pointing into the stack for thread: 0x03f2cc00
EBP=0x0427f5b0 is pointing into the stack for thread: 0x03f2cc00
ESI=0x06e808a0 is an unknown value
EDI=0x00000000 is an unknown value


Stack: [0x04230000,0x04280000],  sp=0x0427f5a4,  free space=317k
Native frames: (J=compiled Java code, j=interpreted, Vv=VM code, C=native code)
C  [msvcr100.dll+0x10a85]  wcspbrk+0x77
C  [opencv_highgui246.dll+0x1ca98]  cvShowImage+0xcd8
C  [opencv_highgui246.dll+0x1dfc1]  cvShowImage+0x2201
C  [opencv_highgui246.dll+0x1ed30]  cvShowImage+0x2f70
C  [jniopencv_highgui.dll+0x5a6d]  Java_com_googlecode_javacv_cpp_opencv_1highgui_cvRetrieveFrame+0x5d
j  com.googlecode.javacv.cpp.opencv_highgui.cvRetrieveFrame(Lcom/googlecode/javacv/cpp/opencv_highgui$CvCapture;I)Lcom/googlecode/javacv/cpp/opencv_core$IplImage;+0
j  com.googlecode.javacv.cpp.opencv_highgui.cvRetrieveFrame(Lcom/googlecode/javacv/cpp/opencv_highgui$CvCapture;)Lcom/googlecode/javacv/cpp/opencv_core$IplImage;+2
j  com.googlecode.javacv.OpenCVFrameGrabber.grab()Lcom/googlecode/javacv/cpp/opencv_core$IplImage;+4
j  com.futurecam.abe.ColoredObjectTrack.run()V+19
j  java.lang.Thread.run()V+11
v  ~StubRoutines::call_stub
V  [jvm.dll+0x124afa]
V  [jvm.dll+0x1d224e]
V  [jvm.dll+0x124caf]
V  [jvm.dll+0x124d17]
V  [jvm.dll+0xcf06f]
V  [jvm.dll+0x144447]
V  [jvm.dll+0x1445b0]
V  [jvm.dll+0x177bb9]
C  [msvcr100.dll+0x5c6de]  endthreadex+0x3a
C  [msvcr100.dll+0x5c788]  endthreadex+0xe4
C  [kernel32.dll+0x4ed5c]  BaseThreadInitThunk+0x12
C  [ntdll.dll+0x637eb]  RtlInitializeExceptionChain+0xef
C  [ntdll.dll+0x637be]  RtlInitializeExceptionChain+0xc2

Java frames: (J=compiled Java code, j=interpreted, Vv=VM code)
j  com.googlecode.javacv.cpp.opencv_highgui.cvRetrieveFrame(Lcom/googlecode/javacv/cpp/opencv_highgui$CvCapture;I)Lcom/googlecode/javacv/cpp/opencv_core$IplImage;+0
j  com.googlecode.javacv.cpp.opencv_highgui.cvRetrieveFrame(Lcom/googlecode/javacv/cpp/opencv_highgui$CvCapture;)Lcom/googlecode/javacv/cpp/opencv_core$IplImage;+2
j  com.googlecode.javacv.OpenCVFrameGrabber.grab()Lcom/googlecode/javacv/cpp/opencv_core$IplImage;+4
j  com.futurecam.abe.ColoredObjectTrack.run()V+19
j  java.lang.Thread.run()V+11
v  ~StubRoutines::call_stub

---------------  P R O C E S S  ---------------

Java Threads: ( => current thread )
  0x005fdc00 JavaThread "DestroyJavaVM" [_thread_blocked, id=5372, stack(0x00480000,0x004d0000)]
=>0x03f2cc00 JavaThread "Thread-3" [_thread_in_native, id=5168, stack(0x04230000,0x04280000)]
  0x03f1e000 JavaThread "AWT-EventQueue-0" [_thread_blocked, id=5748, stack(0x046d0000,0x04720000)]
  0x03f04000 JavaThread "AWT-Windows" daemon [_thread_in_native, id=3988, stack(0x03fc0000,0x04010000)]
  0x03f02800 JavaThread "AWT-Shutdown" [_thread_blocked, id=1936, stack(0x040d0000,0x04120000)]
  0x03f11400 JavaThread "Java2D Disposer" daemon [_thread_blocked, id=5996, stack(0x04040000,0x04090000)]
  0x005b9400 JavaThread "Service Thread" daemon [_thread_blocked, id=5600, stack(0x01040000,0x01090000)]
  0x005aec00 JavaThread "C1 CompilerThread0" daemon [_thread_blocked, id=2056, stack(0x00d50000,0x00da0000)]
  0x005adc00 JavaThread "Attach Listener" daemon [_thread_blocked, id=5936, stack(0x00f80000,0x00fd0000)]
  0x005aa800 JavaThread "Signal Dispatcher" daemon [_thread_blocked, id=5248, stack(0x00e20000,0x00e70000)]
  0x00595800 JavaThread "Finalizer" daemon [_thread_blocked, id=3628, stack(0x00dd0000,0x00e20000)]
  0x00594400 JavaThread "Reference Handler" daemon [_thread_blocked, id=5332, stack(0x00ce0000,0x00d30000)]

Other Threads:
  0x00593000 VMThread [stack: 0x00c20000,0x00c70000] [id=1592]
  0x005cb000 WatcherThread [stack: 0x00ea0000,0x00ef0000] [id=1264]

VM state:not at safepoint (normal execution)

VM Mutex/Monitor currently owned by a thread: None

Heap
 def new generation   total 4928K, used 1684K [0x23cc0000, 0x24210000, 0x29210000)
  eden space 4416K,  29% used [0x23cc0000, 0x23e02390, 0x24110000)
  from space 512K,  77% used [0x24190000, 0x241f2f38, 0x24210000)
  to   space 512K,   0% used [0x24110000, 0x24110000, 0x24190000)
 tenured generation   total 10944K, used 4534K [0x29210000, 0x29cc0000, 0x33cc0000)
   the space 10944K,  41% used [0x29210000, 0x2967daa0, 0x2967dc00, 0x29cc0000)
 compacting perm gen  total 12288K, used 1690K [0x33cc0000, 0x348c0000, 0x37cc0000)
   the space 12288K,  13% used [0x33cc0000, 0x33e66860, 0x33e66a00, 0x348c0000)
    ro space 10240K,  42% used [0x37cc0000, 0x38104240, 0x38104400, 0x386c0000)
    rw space 12288K,  54% used [0x386c0000, 0x38d44d58, 0x38d44e00, 0x392c0000)

Card table byte_map: [0x00aa0000,0x00b50000] byte_map_base: 0x00981a00

Polling page: 0x00360000

Code Cache  [0x01db0000, 0x01e90000, 0x03db0000)
 total_blobs=414 nmethods=180 adapters=169 free_code_cache=31897Kb largest_free_block=32662784

Compilation events (10 events):
Event: 2.642 Thread 0x005aec00  175             java.nio.Buffer::position (43 bytes)
Event: 2.642 Thread 0x005aec00 nmethod 175 0x01e88248 code [0x01e88350, 0x01e8845c]
Event: 2.665 Thread 0x005aec00  176             java.awt.Component::getTreeLock (4 bytes)
Event: 2.665 Thread 0x005aec00 nmethod 176 0x01e884c8 code [0x01e885c0, 0x01e88640]
Event: 2.685 Thread 0x005aec00  177             sun.java2d.loops.GraphicsPrimitiveMgr::locate (104 bytes)
Event: 2.686 Thread 0x005aec00 nmethod 177 0x01e88688 code [0x01e887f0, 0x01e88b30]
Event: 2.686 Thread 0x005aec00  178             java.util.Arrays::binarySearch (10 bytes)
Event: 2.686 Thread 0x005aec00 nmethod 178 0x01e88e88 code [0x01e88f80, 0x01e8901c]
Event: 2.691 Thread 0x005aec00  179             java.lang.String::regionMatches (149 bytes)
Event: 2.692 Thread 0x005aec00 nmethod 179 0x01e890c8 code [0x01e89250, 0x01e89550]

GC Heap History (6 events):
Event: 0.811 GC heap before
{Heap before GC invocations=0 (full 0):
 def new generation   total 4928K, used 4416K [0x23cc0000, 0x24210000, 0x29210000)
  eden space 4416K, 100% used [0x23cc0000, 0x24110000, 0x24110000)
  from space 512K,   0% used [0x24110000, 0x24110000, 0x24190000)
  to   space 512K,   0% used [0x24190000, 0x24190000, 0x24210000)
 tenured generation   total 10944K, used 0K [0x29210000, 0x29cc0000, 0x33cc0000)
   the space 10944K,   0% used [0x29210000, 0x29210000, 0x29210200, 0x29cc0000)
 compacting perm gen  total 12288K, used 875K [0x33cc0000, 0x348c0000, 0x37cc0000)
   the space 12288K,   7% used [0x33cc0000, 0x33d9ada0, 0x33d9ae00, 0x348c0000)
    ro space 10240K,  42% used [0x37cc0000, 0x38104240, 0x38104400, 0x386c0000)
    rw space 12288K,  54% used [0x386c0000, 0x38d44d58, 0x38d44e00, 0x392c0000)
Event: 0.817 GC heap after
Heap after GC invocations=1 (full 0):
 def new generation   total 4928K, used 512K [0x23cc0000, 0x24210000, 0x29210000)
  eden space 4416K,   0% used [0x23cc0000, 0x23cc0000, 0x24110000)
  from space 512K, 100% used [0x24190000, 0x24210000, 0x24210000)
  to   space 512K,   0% used [0x24110000, 0x24110000, 0x24190000)
 tenured generation   total 10944K, used 379K [0x29210000, 0x29cc0000, 0x33cc0000)
   the space 10944K,   3% used [0x29210000, 0x2926ef00, 0x2926f000, 0x29cc0000)
 compacting perm gen  total 12288K, used 875K [0x33cc0000, 0x348c0000, 0x37cc0000)
   the space 12288K,   7% used [0x33cc0000, 0x33d9ada0, 0x33d9ae00, 0x348c0000)
    ro space 10240K,  42% used [0x37cc0000, 0x38104240, 0x38104400, 0x386c0000)
    rw space 12288K,  54% used [0x386c0000, 0x38d44d58, 0x38d44e00, 0x392c0000)
}
Event: 2.285 GC heap before
{Heap before GC invocations=1 (full 0):
 def new generation   total 4928K, used 4360K [0x23cc0000, 0x24210000, 0x29210000)
  eden space 4416K,  87% used [0x23cc0000, 0x240822b0, 0x24110000)
  from space 512K, 100% used [0x24190000, 0x24210000, 0x24210000)
  to   space 512K,   0% used [0x24110000, 0x24110000, 0x24190000)
 tenured generation   total 10944K, used 379K [0x29210000, 0x29cc0000, 0x33cc0000)
   the space 10944K,   3% used [0x29210000, 0x2926ef00, 0x2926f000, 0x29cc0000)
 compacting perm gen  total 12288K, used 1580K [0x33cc0000, 0x348c0000, 0x37cc0000)
   the space 12288K,  12% used [0x33cc0000, 0x33e4b198, 0x33e4b200, 0x348c0000)
    ro space 10240K,  42% used [0x37cc0000, 0x38104240, 0x38104400, 0x386c0000)
    rw space 12288K,  54% used [0x386c0000, 0x38d44d58, 0x38d44e00, 0x392c0000)
Event: 2.296 GC heap after
Heap after GC invocations=2 (full 0):
 def new generation   total 4928K, used 495K [0x23cc0000, 0x24210000, 0x29210000)
  eden space 4416K,   0% used [0x23cc0000, 0x23cc0000, 0x24110000)
  from space 512K,  96% used [0x24110000, 0x2418bc80, 0x24190000)
  to   space 512K,   0% used [0x24190000, 0x24190000, 0x24210000)
 tenured generation   total 10944K, used 1760K [0x29210000, 0x29cc0000, 0x33cc0000)
   the space 10944K,  16% used [0x29210000, 0x293c8290, 0x293c8400, 0x29cc0000)
 compacting perm gen  total 12288K, used 1580K [0x33cc0000, 0x348c0000, 0x37cc0000)
   the space 12288K,  12% used [0x33cc0000, 0x33e4b198, 0x33e4b200, 0x348c0000)
    ro space 10240K,  42% used [0x37cc0000, 0x38104240, 0x38104400, 0x386c0000)
    rw space 12288K,  54% used [0x386c0000, 0x38d44d58, 0x38d44e00, 0x392c0000)
}
Event: 2.666 GC heap before
{Heap before GC invocations=2 (full 0):
 def new generation   total 4928K, used 3873K [0x23cc0000, 0x24210000, 0x29210000)
  eden space 4416K,  76% used [0x23cc0000, 0x2400c9c0, 0x24110000)
  from space 512K,  96% used [0x24110000, 0x2418bc80, 0x24190000)
  to   space 512K,   0% used [0x24190000, 0x24190000, 0x24210000)
 tenured generation   total 10944K, used 1760K [0x29210000, 0x29cc0000, 0x33cc0000)
   the space 10944K,  16% used [0x29210000, 0x293c8290, 0x293c8400, 0x29cc0000)
 compacting perm gen  total 12288K, used 1688K [0x33cc0000, 0x348c0000, 0x37cc0000)
   the space 12288K,  13% used [0x33cc0000, 0x33e66360, 0x33e66400, 0x348c0000)
    ro space 10240K,  42% used [0x37cc0000, 0x38104240, 0x38104400, 0x386c0000)
    rw space 12288K,  54% used [0x386c0000, 0x38d44d58, 0x38d44e00, 0x392c0000)
Event: 2.676 GC heap after
Heap after GC invocations=3 (full 0):
 def new generation   total 4928K, used 395K [0x23cc0000, 0x24210000, 0x29210000)
  eden space 4416K,   0% used [0x23cc0000, 0x23cc0000, 0x24110000)
  from space 512K,  77% used [0x24190000, 0x241f2f38, 0x24210000)
  to   space 512K,   0% used [0x24110000, 0x24110000, 0x24190000)
 tenured generation   total 10944K, used 4534K [0x29210000, 0x29cc0000, 0x33cc0000)
   the space 10944K,  41% used [0x29210000, 0x2967daa0, 0x2967dc00, 0x29cc0000)
 compacting perm gen  total 12288K, used 1688K [0x33cc0000, 0x348c0000, 0x37cc0000)
   the space 12288K,  13% used [0x33cc0000, 0x33e66360, 0x33e66400, 0x348c0000)
    ro space 10240K,  42% used [0x37cc0000, 0x38104240, 0x38104400, 0x386c0000)
    rw space 12288K,  54% used [0x386c0000, 0x38d44d58, 0x38d44e00, 0x392c0000)
}

Deoptimization events (0 events):
No events

Internal exceptions (10 events):
Event: 2.492 Thread 0x03f2cc00 Threw 0x23f8f430 at C:\jdk7u2_32P\jdk7u25\hotspot\src\share\vm\prims\jvm.cpp:1235
Event: 2.494 Thread 0x03f2cc00 Threw 0x23f94468 at C:\jdk7u2_32P\jdk7u25\hotspot\src\share\vm\prims\jvm.cpp:1235
Event: 2.495 Thread 0x03f2cc00 Threw 0x23f99460 at C:\jdk7u2_32P\jdk7u25\hotspot\src\share\vm\prims\jvm.cpp:1235
Event: 2.498 Thread 0x03f2cc00 Threw 0x23f9f8b8 at C:\jdk7u2_32P\jdk7u25\hotspot\src\share\vm\prims\jvm.cpp:1235
Event: 2.499 Thread 0x03f2cc00 Threw 0x23fa4ca8 at C:\jdk7u2_32P\jdk7u25\hotspot\src\share\vm\prims\jvm.cpp:1235
Event: 2.500 Thread 0x03f2cc00 Threw 0x23fa8b60 at C:\jdk7u2_32P\jdk7u25\hotspot\src\share\vm\prims\jvm.cpp:1235
Event: 2.501 Thread 0x03f2cc00 Threw 0x23fad8c0 at C:\jdk7u2_32P\jdk7u25\hotspot\src\share\vm\prims\jvm.cpp:1235
Event: 2.503 Thread 0x03f2cc00 Threw 0x23fb1d80 at C:\jdk7u2_32P\jdk7u25\hotspot\src\share\vm\prims\jvm.cpp:1235
Event: 2.504 Thread 0x03f2cc00 Threw 0x23fb59f0 at C:\jdk7u2_32P\jdk7u25\hotspot\src\share\vm\prims\jvm.cpp:1235
Event: 2.690 Thread 0x03f2cc00 Threw 0x23df1748 at C:\jdk7u2_32P\jdk7u25\hotspot\src\share\vm\prims\jvm.cpp:1235

Events (10 events):
Event: 2.506 loading class 0x392f4158
Event: 2.507 loading class 0x392f4158 done
Event: 2.629 loading class 0x3934c030
Event: 2.629 loading class 0x3934c030 done
Event: 2.629 loading class 0x393495a8
Event: 2.629 loading class 0x393495a8 done
Event: 2.666 Executing VM operation: GenCollectForAllocation
Event: 2.676 Executing VM operation: GenCollectForAllocation done
Event: 2.690 loading class 0x03eba488
Event: 2.690 loading class 0x03eba488 done


Dynamic libraries:
0x01180000 - 0x011af000 	C:\Program Files\Java\jre7\bin\javaw.exe
0x77b50000 - 0x77c8c000 	C:\Windows\SYSTEM32\ntdll.dll
0x779a0000 - 0x77a74000 	C:\Windows\system32\kernel32.dll
0x75e30000 - 0x75e7b000 	C:\Windows\system32\KERNELBASE.dll
0x76510000 - 0x765b0000 	C:\Windows\system32\ADVAPI32.dll
0x76460000 - 0x7650c000 	C:\Windows\system32\msvcrt.dll
0x77c90000 - 0x77ca9000 	C:\Windows\SYSTEM32\sechost.dll
0x76ca0000 - 0x76d42000 	C:\Windows\system32\RPCRT4.dll
0x76650000 - 0x76719000 	C:\Windows\system32\USER32.dll
0x75fa0000 - 0x75fee000 	C:\Windows\system32\GDI32.dll
0x77cb0000 - 0x77cba000 	C:\Windows\system32\LPK.dll
0x75ef0000 - 0x75f8d000 	C:\Windows\system32\USP10.dll
0x74a00000 - 0x74b9e000 	C:\Windows\WinSxS\x86_microsoft.windows.common-controls_6595b64144ccf1df_6.0.7601.17514_none_41e6975e2bd6f2b2\COMCTL32.dll
0x76920000 - 0x76977000 	C:\Windows\system32\SHLWAPI.dll
0x76220000 - 0x7623f000 	C:\Windows\system32\IMM32.DLL
0x76150000 - 0x7621c000 	C:\Windows\system32\MSCTF.dll
0x6c410000 - 0x6c4ce000 	C:\Program Files\Java\jre7\bin\msvcr100.dll
0x61e60000 - 0x621a2000 	C:\Program Files\Java\jre7\bin\client\jvm.dll
0x74100000 - 0x74107000 	C:\Windows\system32\WSOCK32.dll
0x77a80000 - 0x77ab5000 	C:\Windows\system32\WS2_32.dll
0x77d70000 - 0x77d76000 	C:\Windows\system32\NSI.dll
0x71270000 - 0x712a2000 	C:\Windows\system32\WINMM.dll
0x75f90000 - 0x75f95000 	C:\Windows\system32\PSAPI.DLL
0x676b0000 - 0x676bc000 	C:\Program Files\Java\jre7\bin\verify.dll
0x67690000 - 0x676b0000 	C:\Program Files\Java\jre7\bin\java.dll
0x67410000 - 0x67423000 	C:\Program Files\Java\jre7\bin\zip.dll
0x6fb40000 - 0x6fba9000 	C:\Windows\System32\msvcp100.dll
0x62b80000 - 0x62d84000 	C:\opencv\build\x86\vc10\bin\opencv_core246.dll
0x64e00000 - 0x64e75000 	C:\Users\USER\AppData\Local\Temp\javacpp12740528338405\jniopencv_core.dll
0x62f10000 - 0x63054000 	C:\Program Files\Java\jre7\bin\awt.dll
0x765c0000 - 0x7664f000 	C:\Windows\system32\OLEAUT32.dll
0x75ff0000 - 0x7614c000 	C:\Windows\system32\ole32.dll
0x74550000 - 0x74563000 	C:\Windows\system32\DWMAPI.DLL
0x74880000 - 0x748c0000 	C:\Windows\system32\uxtheme.dll
0x75b10000 - 0x75b1c000 	C:\Windows\system32\CRYPTBASE.dll
0x76d50000 - 0x7799a000 	C:\Windows\system32\SHELL32.dll
0x6fb00000 - 0x6fb31000 	C:\Program Files\Java\jre7\bin\fontmanager.dll
0x10000000 - 0x10038000 	C:\Program Files\Lenovo\Bluetooth Software\btmmhook.dll
0x055a0000 - 0x06339000 	C:\opencv\build\x86\vc10\bin\opencv_ffmpeg246.dll
0x62910000 - 0x62b7a000 	C:\opencv\build\x86\vc10\bin\opencv_imgproc246.dll
0x62700000 - 0x6290a000 	C:\opencv\build\x86\vc10\bin\opencv_highgui246.dll
0x71c30000 - 0x71c49000 	C:\Windows\system32\AVIFIL32.dll
0x70010000 - 0x70024000 	C:\Windows\system32\MSACM32.dll
0x72180000 - 0x721a1000 	C:\Windows\system32\MSVFW32.dll
0x71720000 - 0x71733000 	C:\Windows\system32\AVICAP32.dll
0x74f50000 - 0x74f59000 	C:\Windows\system32\VERSION.dll
0x6fed0000 - 0x6fedf000 	C:\Users\USER\AppData\Local\Temp\javacpp12740528338405\jniopencv_highgui.dll
0x77ac0000 - 0x77b43000 	C:\Windows\system32\CLBCatQ.DLL
0x6b760000 - 0x6b774000 	C:\Windows\system32\devenum.dll
0x76240000 - 0x763dd000 	C:\Windows\system32\setupapi.dll
0x75e90000 - 0x75eb7000 	C:\Windows\system32\CFGMGR32.dll
0x75ec0000 - 0x75ed2000 	C:\Windows\system32\DEVOBJ.dll
0x74ca0000 - 0x74cc1000 	C:\Windows\system32\ntmarta.dll
0x77cc0000 - 0x77d05000 	C:\Windows\system32\WLDAP32.dll
0x75dc0000 - 0x75dee000 	C:\Windows\system32\WINTRUST.dll
0x75c10000 - 0x75d30000 	C:\Windows\system32\CRYPT32.dll
0x75c00000 - 0x75c0c000 	C:\Windows\system32\MSASN1.dll
0x6b750000 - 0x6b75b000 	C:\Windows\system32\msdmo.dll
0x652a0000 - 0x652d2000 	C:\Windows\system32\qcap.dll
0x62580000 - 0x626f7000 	C:\Windows\system32\quartz.dll
0x64d80000 - 0x64db3000 	C:\Windows\system32\ksproxy.ax
0x6f140000 - 0x6f144000 	C:\Windows\system32\ksuser.dll
0x6ed30000 - 0x6eef3000 	C:\Windows\system32\d3d9.dll
0x71790000 - 0x71796000 	C:\Windows\system32\d3d8thk.dll
0x6ff20000 - 0x6ff29000 	C:\Windows\system32\vidcap.ax
0x6fd50000 - 0x6fd6d000 	C:\Windows\system32\kswdmcap.ax
0x61d40000 - 0x61e5c000 	C:\Windows\system32\MFC42.dll
0x62e80000 - 0x62f0c000 	C:\Windows\system32\ODBC32.dll
0x64a50000 - 0x64a88000 	C:\Windows\system32\odbcint.dll
0x00fd0000 - 0x01007000 	C:\Windows\system32\370prop.ax
0x763e0000 - 0x7645b000 	C:\Windows\system32\COMDLG32.dll
0x62500000 - 0x62580000 	C:\Windows\System32\qedit.dll
0x746f0000 - 0x74880000 	C:\Windows\WinSxS\x86_microsoft.windows.gdiplus_6595b64144ccf1df_1.1.7601.18120_none_72d2e82386681b36\gdiplus.dll
0x6f880000 - 0x6f967000 	C:\Windows\system32\DDRAW.dll
0x717a0000 - 0x717a6000 	C:\Windows\system32\DCIMAN32.dll
0x62330000 - 0x623fc000 	C:\Windows\system32\D3DIM700.DLL
0x6ff30000 - 0x6ff39000 	C:\Windows\system32\msyuv.dll
0x66fe0000 - 0x67019000 	C:\Users\USER\AppData\Local\Temp\javacpp12740528338405\jniopencv_imgproc.dll
0x650f0000 - 0x651db000 	C:\Windows\system32\dbghelp.dll

VM Arguments:
jvm_args: -Dfile.encoding=Cp1252 -Xbootclasspath:C:\Program Files\Java\jre7\lib\resources.jar;C:\Program Files\Java\jre7\lib\rt.jar;C:\Program Files\Java\jre7\lib\jsse.jar;C:\Program Files\Java\jre7\lib\jce.jar;C:\Program Files\Java\jre7\lib\charsets.jar;C:\Program Files\Java\jre7\lib\jfr.jar;C:\Users\USER\Downloads\google-api-services-drive-v2-rev89-java-1.15.0-rc\drive\google-api-services-drive-v2-rev89-1.15.0-rc.jar;C:\Users\USER\Downloads\google-api-services-drive-v2-rev89-java-1.15.0-rc\drive\google-api-services-drive-v2-rev89-1.15.0-rc-javadoc.jar;C:\Users\USER\Downloads\google-api-services-drive-v2-rev89-java-1.15.0-rc\drive\google-api-services-drive-v2-rev89-1.15.0-rc-sources.jar;C:\Users\USER\Downloads\google-api-services-drive-v2-rev89-java-1.15.0-rc\drive\libs-sources\commons-logging-1.1.1-sources.jar;C:\Users\USER\Downloads\google-api-services-drive-v2-rev89-java-1.15.0-rc\drive\libs-sources\google-api-client-1.15.0-rc-sources.jar;C:\Users\USER\Downloads\google-api-services-drive-v2-rev89-java-1.15.0-rc\drive\libs-sources\google-api-client-android-1.15.0-rc-sources.jar;C:\Users\USER\Downloads\google-api-services-drive-v2-rev89-java-1.15.0-rc\drive\libs-sources\google-api-client-appengine-1.15.0-rc-sources.jar;C:\Users\USER\Downloads\google-api-services-drive-v2-rev89-java-1.15.0-rc\drive\libs-sources\google-api-client-java6-1.15.0-rc-sources.jar;C:\Users\USER\Downloads\google-api-services-drive-v2-rev89-java-1.15.0-rc\drive\libs-sources\google-api-client-servlet-1.15.0-rc-sources.jar;C:\Users\USER\Downloads\google-api-services-drive-v2-rev89-java-1.15.0-rc\drive\libs-sources\google-http-client-1.15.0-rc-sources.jar;C:\Users\USER\Downloads\google-api-services-drive-v2-rev89-java-1.15.0-rc\drive\libs-sources\google-http-client-android-1.15.0-rc-sources.jar;C:\Users\USER\Downloads\google-api-services-drive-v2-rev89-java-1.15.0-rc\drive\libs-sources\google-http-client-appengine-1.15.0-rc-sources.jar;C:\Users\USER\Downloads\google-api-services-drive-v2-rev89-java-1.15.0-rc\drive\libs-source
java_command: com.futurecam.abe.ColoredObjectTrack
Launcher Type: SUN_STANDARD

Environment Variables:
PATH=C:/Program Files/Java/jre7/bin/client;C:/Program Files/Java/jre7/bin;C:/Program Files/Java/jre7/lib/i386;C:\Windows\system32;C:\Windows;C:\Windows\System32\Wbem;C:\Windows\System32\WindowsPowerShell\v1.0\;C:\Program Files\Lenovo\Bluetooth Software\;C:\Eclipse\adt-bundle-windows-x86-20130522\eclipse;
USERNAME=USER
OS=Windows_NT
PROCESSOR_IDENTIFIER=x86 Family 6 Model 23 Stepping 10, GenuineIntel



---------------  S Y S T E M  ---------------

OS: Windows 7 Build 7601 Service Pack 1

CPU:total 2 (2 cores per cpu, 1 threads per core) family 6 model 23 stepping 10, cmov, cx8, fxsr, mmx, sse, sse2, sse3, ssse3, tsc

Memory: 4k page, physical 3105384k(1587156k free), swap 6209016k(3853396k free)

vm_info: Java HotSpot(TM) Client VM (23.25-b01) for windows-x86 JRE (1.7.0_25-b17), built on Jun 21 2013 13:06:48 by "java_re" with unknown MS VC++:1600

time: Tue Oct 15 00:06:27 2013
elapsed time: 2 seconds

