#
# A fatal error has been detected by the Java Runtime Environment:
#
#  EXCEPTION_UNCAUGHT_CXX_EXCEPTION (0xe06d7363) at pc=0x759f812f, pid=4660, tid=6616
#
# JRE version: Java(TM) SE Runtime Environment (7.0_45-b18) (build 1.7.0_45-b18)
# Java VM: Java HotSpot(TM) Client VM (24.45-b08 mixed mode, sharing windows-x86 )
# Problematic frame:
# C  [KERNELBASE.dll+0x812f]
#
# Failed to write core dump. Minidumps are not enabled by default on client versions of Windows
#
# If you would like to submit a bug report, please visit:
#   http://bugreport.sun.com/bugreport/crash.jsp
# The crash happened outside the Java Virtual Machine in native code.
# See problematic frame for where to report the bug.
#

---------------  T H R E A D  ---------------

Current thread (0x03b57c00):  JavaThread "Thread-3" [_thread_in_native, id=6616, stack(0x04330000,0x04380000)]

siginfo: ExceptionCode=0xe06d7363, ExceptionInformation=0x19930520 0x0436f210 0x5c3b4a88 

Registers:
EAX=0x0436f16c, EBX=0x00000671, ECX=0x00000003, EDX=0x00000000
ESP=0x0436f16c, EBP=0x0436f1bc, ESI=0x0437f32c, EDI=0x73593a30
EIP=0x759f812f, EFLAGS=0x00000206

Top of Stack: (sp=0x0436f16c)
0x0436f16c:   e06d7363 00000001 00000000 759f812f
0x0436f17c:   00000003 19930520 0436f210 5c3b4a88
0x0436f18c:   00000000 03b9a990 0436f274 0436f180
0x0436f19c:   0436f274 00000032 0436f1c4 5c1e40fe
0x0436f1ac:   03b9a990 03b9a900 00000032 0437f32c
0x0436f1bc:   0436f1f4 735a872d e06d7363 00000001
0x0436f1cc:   00000003 0436f1e8 e06d7363 00000001
0x0436f1dc:   00000000 00000000 00000003 19930520 

Instructions: (pc=0x759f812f)
0x759f810f:   89 45 c0 c1 e0 02 50 ff 75 14 8d 45 c4 50 e8 18
0x759f811f:   e7 ff ff 83 c4 0c 8d 45 b0 50 ff 15 5c 11 9f 75
0x759f812f:   c9 c2 10 00 89 45 c0 eb ed 3d 01 01 00 00 0f 85
0x759f813f:   6d 96 ff ff e9 49 96 ff ff 8d 4d b8 ff 15 4c 10 


Register to memory mapping:

EAX=0x0436f16c is pointing into the stack for thread: 0x03b57c00
EBX=0x00000671 is an unknown value
ECX=0x00000003 is an unknown value
EDX=0x00000000 is an unknown value
ESP=0x0436f16c is pointing into the stack for thread: 0x03b57c00
EBP=0x0436f1bc is pointing into the stack for thread: 0x03b57c00
ESI=0x0437f32c is pointing into the stack for thread: 0x03b57c00
EDI=0x73593a30 is an unknown value


Stack: [0x04330000,0x04380000],  sp=0x0436f16c,  free space=252k
Native frames: (J=compiled Java code, j=interpreted, Vv=VM code, C=native code)
C  [KERNELBASE.dll+0x812f]
C  [msvcr100.dll+0x2872d]

Java frames: (J=compiled Java code, j=interpreted, Vv=VM code)
j  com.googlecode.javacv.cpp.opencv_imgproc.cvSmooth(Lcom/googlecode/javacv/cpp/opencv_core$CvArr;Lcom/googlecode/javacv/cpp/opencv_core$CvArr;IIIDD)V+0
j  com.googlecode.javacv.cpp.opencv_imgproc.cvSmooth(Lcom/googlecode/javacv/cpp/opencv_core$CvArr;Lcom/googlecode/javacv/cpp/opencv_core$CvArr;II)V+7
j  com.futurecam.here.ColoredObjectTrack.getThresholdImage(Lcom/googlecode/javacv/cpp/opencv_core$IplImage;)Lcom/googlecode/javacv/cpp/opencv_core$IplImage;+27
j  com.futurecam.here.ColoredObjectTrack.run()V+69
j  java.lang.Thread.run()V+11
v  ~StubRoutines::call_stub

---------------  P R O C E S S  ---------------

Java Threads: ( => current thread )
  0x0127bc00 JavaThread "DestroyJavaVM" [_thread_blocked, id=7324, stack(0x015c0000,0x01610000)]
=>0x03b57c00 JavaThread "Thread-3" [_thread_in_native, id=6616, stack(0x04330000,0x04380000)]
  0x03b4d800 JavaThread "AWT-EventQueue-0" [_thread_blocked, id=7648, stack(0x043c0000,0x04410000)]
  0x03b31400 JavaThread "AWT-Windows" daemon [_thread_in_native, id=7580, stack(0x03d90000,0x03de0000)]
  0x03b30c00 JavaThread "AWT-Shutdown" [_thread_blocked, id=7364, stack(0x037d0000,0x03820000)]
  0x03b39400 JavaThread "Java2D Disposer" daemon [_thread_blocked, id=2844, stack(0x038c0000,0x03910000)]
  0x013fd400 JavaThread "Service Thread" daemon [_thread_blocked, id=7316, stack(0x03840000,0x03890000)]
  0x013f2c00 JavaThread "C1 CompilerThread0" daemon [_thread_blocked, id=6156, stack(0x03960000,0x039b0000)]
  0x013f1c00 JavaThread "Attach Listener" daemon [_thread_blocked, id=6472, stack(0x03910000,0x03960000)]
  0x013ee800 JavaThread "Signal Dispatcher" daemon [_thread_blocked, id=6240, stack(0x012a0000,0x012f0000)]
  0x01385800 JavaThread "Finalizer" daemon [_thread_blocked, id=6940, stack(0x01220000,0x01270000)]
  0x01380800 JavaThread "Reference Handler" daemon [_thread_blocked, id=6292, stack(0x01550000,0x015a0000)]

Other Threads:
  0x0137f000 VMThread [stack: 0x03740000,0x03790000] [id=7932]
  0x01417400 WatcherThread [stack: 0x03a40000,0x03a90000] [id=7620]

VM state:not at safepoint (normal execution)

VM Mutex/Monitor currently owned by a thread: None

Heap
 def new generation   total 4928K, used 3531K [0x238f0000, 0x23e40000, 0x28e40000)
  eden space 4416K,  68% used [0x238f0000, 0x23be56c8, 0x23d40000)
  from space 512K,  98% used [0x23d40000, 0x23dbd8d0, 0x23dc0000)
  to   space 512K,   0% used [0x23dc0000, 0x23dc0000, 0x23e40000)
 tenured generation   total 10944K, used 2752K [0x28e40000, 0x298f0000, 0x338f0000)
   the space 10944K,  25% used [0x28e40000, 0x290f0378, 0x290f0400, 0x298f0000)
 compacting perm gen  total 12288K, used 1640K [0x338f0000, 0x344f0000, 0x378f0000)
   the space 12288K,  13% used [0x338f0000, 0x33a8a0d8, 0x33a8a200, 0x344f0000)
    ro space 10240K,  41% used [0x378f0000, 0x37d21a78, 0x37d21c00, 0x382f0000)
    rw space 12288K,  52% used [0x382f0000, 0x389362c0, 0x38936400, 0x38ef0000)

Card table byte_map: [0x03610000,0x036c0000] byte_map_base: 0x034f3880

Polling page: 0x00100000

Code Cache  [0x01610000, 0x016e8000, 0x03610000)
 total_blobs=399 nmethods=171 adapters=165 free_code_cache=31919Kb largest_free_block=32685888

Compilation events (10 events):
Event: 2.333 Thread 0x013f2c00  167             java.io.Win32FileSystem::prefixLength (91 bytes)
Event: 2.335 Thread 0x013f2c00 nmethod 167 0x016e2808 code [0x016e2950, 0x016e2ce4]
Event: 2.514 Thread 0x013f2c00  168             java.lang.String::indexOf (7 bytes)
Event: 2.515 Thread 0x013f2c00 nmethod 168 0x016e3188 code [0x016e3290, 0x016e335c]
Event: 2.531 Thread 0x013f2c00  169             java.util.jar.JarFile::getEntry (22 bytes)
Event: 2.531 Thread 0x013f2c00 nmethod 169 0x016e3488 code [0x016e35a0, 0x016e36c8]
Event: 2.531 Thread 0x013f2c00  170   !         java.util.zip.ZipFile::getEntry (86 bytes)
Event: 2.532 Thread 0x013f2c00 nmethod 170 0x016e3788 code [0x016e38d0, 0x016e3c78]
Event: 2.533 Thread 0x013f2c00  171             java.lang.ref.Reference::get (5 bytes)
Event: 2.533 Thread 0x013f2c00 nmethod 171 0x016e3f08 code [0x016e4000, 0x016e4080]

GC Heap History (4 events):
Event: 0.829 GC heap before
{Heap before GC invocations=0 (full 0):
 def new generation   total 4928K, used 4415K [0x238f0000, 0x23e40000, 0x28e40000)
  eden space 4416K,  99% used [0x238f0000, 0x23d3fea8, 0x23d40000)
  from space 512K,   0% used [0x23d40000, 0x23d40000, 0x23dc0000)
  to   space 512K,   0% used [0x23dc0000, 0x23dc0000, 0x23e40000)
 tenured generation   total 10944K, used 0K [0x28e40000, 0x298f0000, 0x338f0000)
   the space 10944K,   0% used [0x28e40000, 0x28e40000, 0x28e40200, 0x298f0000)
 compacting perm gen  total 12288K, used 886K [0x338f0000, 0x344f0000, 0x378f0000)
   the space 12288K,   7% used [0x338f0000, 0x339cdbd0, 0x339cdc00, 0x344f0000)
    ro space 10240K,  41% used [0x378f0000, 0x37d21a78, 0x37d21c00, 0x382f0000)
    rw space 12288K,  52% used [0x382f0000, 0x389362c0, 0x38936400, 0x38ef0000)
Event: 0.835 GC heap after
Heap after GC invocations=1 (full 0):
 def new generation   total 4928K, used 511K [0x238f0000, 0x23e40000, 0x28e40000)
  eden space 4416K,   0% used [0x238f0000, 0x238f0000, 0x23d40000)
  from space 512K,  99% used [0x23dc0000, 0x23e3fff8, 0x23e40000)
  to   space 512K,   0% used [0x23d40000, 0x23d40000, 0x23dc0000)
 tenured generation   total 10944K, used 297K [0x28e40000, 0x298f0000, 0x338f0000)
   the space 10944K,   2% used [0x28e40000, 0x28e8a4f8, 0x28e8a600, 0x298f0000)
 compacting perm gen  total 12288K, used 886K [0x338f0000, 0x344f0000, 0x378f0000)
   the space 12288K,   7% used [0x338f0000, 0x339cdbd0, 0x339cdc00, 0x344f0000)
    ro space 10240K,  41% used [0x378f0000, 0x37d21a78, 0x37d21c00, 0x382f0000)
    rw space 12288K,  52% used [0x382f0000, 0x389362c0, 0x38936400, 0x38ef0000)
}
Event: 2.264 GC heap before
{Heap before GC invocations=1 (full 0):
 def new generation   total 4928K, used 4614K [0x238f0000, 0x23e40000, 0x28e40000)
  eden space 4416K,  92% used [0x238f0000, 0x23cf18d0, 0x23d40000)
  from space 512K,  99% used [0x23dc0000, 0x23e3fff8, 0x23e40000)
  to   space 512K,   0% used [0x23d40000, 0x23d40000, 0x23dc0000)
 tenured generation   total 10944K, used 297K [0x28e40000, 0x298f0000, 0x338f0000)
   the space 10944K,   2% used [0x28e40000, 0x28e8a4f8, 0x28e8a600, 0x298f0000)
 compacting perm gen  total 12288K, used 1540K [0x338f0000, 0x344f0000, 0x378f0000)
   the space 12288K,  12% used [0x338f0000, 0x33a710c0, 0x33a71200, 0x344f0000)
    ro space 10240K,  41% used [0x378f0000, 0x37d21a78, 0x37d21c00, 0x382f0000)
    rw space 12288K,  52% used [0x382f0000, 0x389362c0, 0x38936400, 0x38ef0000)
Event: 2.297 GC heap after
Heap after GC invocations=2 (full 0):
 def new generation   total 4928K, used 502K [0x238f0000, 0x23e40000, 0x28e40000)
  eden space 4416K,   0% used [0x238f0000, 0x238f0000, 0x23d40000)
  from space 512K,  98% used [0x23d40000, 0x23dbd8d0, 0x23dc0000)
  to   space 512K,   0% used [0x23dc0000, 0x23dc0000, 0x23e40000)
 tenured generation   total 10944K, used 2752K [0x28e40000, 0x298f0000, 0x338f0000)
   the space 10944K,  25% used [0x28e40000, 0x290f0378, 0x290f0400, 0x298f0000)
 compacting perm gen  total 12288K, used 1540K [0x338f0000, 0x344f0000, 0x378f0000)
   the space 12288K,  12% used [0x338f0000, 0x33a710c0, 0x33a71200, 0x344f0000)
    ro space 10240K,  41% used [0x378f0000, 0x37d21a78, 0x37d21c00, 0x382f0000)
    rw space 12288K,  52% used [0x382f0000, 0x389362c0, 0x38936400, 0x38ef0000)
}

Deoptimization events (0 events):
No events

Internal exceptions (10 events):
Event: 2.523 Thread 0x03b57c00 Threw 0x23baa8d0 at C:\re\jdk7u45\229\hotspot\src\share\vm\prims\jvm.cpp:1244
Event: 2.524 Thread 0x03b57c00 Threw 0x23baff88 at C:\re\jdk7u45\229\hotspot\src\share\vm\prims\jvm.cpp:1244
Event: 2.525 Thread 0x03b57c00 Threw 0x23bb4fc0 at C:\re\jdk7u45\229\hotspot\src\share\vm\prims\jvm.cpp:1244
Event: 2.526 Thread 0x03b57c00 Threw 0x23bb9fa0 at C:\re\jdk7u45\229\hotspot\src\share\vm\prims\jvm.cpp:1244
Event: 2.528 Thread 0x03b57c00 Threw 0x23bc0400 at C:\re\jdk7u45\229\hotspot\src\share\vm\prims\jvm.cpp:1244
Event: 2.530 Thread 0x03b57c00 Threw 0x23bc5d00 at C:\re\jdk7u45\229\hotspot\src\share\vm\prims\jvm.cpp:1244
Event: 2.531 Thread 0x03b57c00 Threw 0x23bc9b98 at C:\re\jdk7u45\229\hotspot\src\share\vm\prims\jvm.cpp:1244
Event: 2.533 Thread 0x03b57c00 Threw 0x23bce3f8 at C:\re\jdk7u45\229\hotspot\src\share\vm\prims\jvm.cpp:1244
Event: 2.535 Thread 0x03b57c00 Threw 0x23bd2848 at C:\re\jdk7u45\229\hotspot\src\share\vm\prims\jvm.cpp:1244
Event: 2.536 Thread 0x03b57c00 Threw 0x23bd6540 at C:\re\jdk7u45\229\hotspot\src\share\vm\prims\jvm.cpp:1244

Events (10 events):
Event: 2.531 loading class 0x03b2a8c8
Event: 2.531 loading class 0x03b2a8c8 done
Event: 2.533 loading class 0x03b84e00
Event: 2.533 loading class 0x03b84e00 done
Event: 2.535 loading class 0x03b84c20
Event: 2.535 loading class 0x03b84c20 done
Event: 2.536 loading class 0x03b84db0
Event: 2.536 loading class 0x03b84db0 done
Event: 2.539 loading class 0x38f238e8
Event: 2.539 loading class 0x38f238e8 done


Dynamic libraries:
0x01320000 - 0x0134f000 	C:\Program Files\Java\jre7\bin\javaw.exe
0x778e0000 - 0x77a1c000 	C:\Windows\SYSTEM32\ntdll.dll
0x75d20000 - 0x75df4000 	C:\Windows\system32\kernel32.dll
0x759f0000 - 0x75a3b000 	C:\Windows\system32\KERNELBASE.dll
0x77230000 - 0x772d0000 	C:\Windows\system32\ADVAPI32.dll
0x76300000 - 0x763ac000 	C:\Windows\system32\msvcrt.dll
0x75c90000 - 0x75ca9000 	C:\Windows\SYSTEM32\sechost.dll
0x77310000 - 0x773b2000 	C:\Windows\system32\RPCRT4.dll
0x77600000 - 0x776c9000 	C:\Windows\system32\USER32.dll
0x776d0000 - 0x7771e000 	C:\Windows\system32\GDI32.dll
0x75e00000 - 0x75e0a000 	C:\Windows\system32\LPK.dll
0x75f00000 - 0x75f9d000 	C:\Windows\system32\USP10.dll
0x747a0000 - 0x7493e000 	C:\Windows\WinSxS\x86_microsoft.windows.common-controls_6595b64144ccf1df_6.0.7601.17514_none_41e6975e2bd6f2b2\COMCTL32.dll
0x77ab0000 - 0x77b07000 	C:\Windows\system32\SHLWAPI.dll
0x75cb0000 - 0x75ccf000 	C:\Windows\system32\IMM32.DLL
0x75e10000 - 0x75edc000 	C:\Windows\system32\MSCTF.dll
0x73580000 - 0x7363f000 	C:\Program Files\Java\jre7\bin\msvcr100.dll
0x5c3f0000 - 0x5c770000 	C:\Program Files\Java\jre7\bin\client\jvm.dll
0x73e10000 - 0x73e17000 	C:\Windows\system32\WSOCK32.dll
0x772d0000 - 0x77305000 	C:\Windows\system32\WS2_32.dll
0x75ef0000 - 0x75ef6000 	C:\Windows\system32\NSI.dll
0x726f0000 - 0x72722000 	C:\Windows\system32\WINMM.dll
0x77a20000 - 0x77a25000 	C:\Windows\system32\PSAPI.DLL
0x73a90000 - 0x73a9c000 	C:\Program Files\Java\jre7\bin\verify.dll
0x73a70000 - 0x73a90000 	C:\Program Files\Java\jre7\bin\java.dll
0x73a50000 - 0x73a63000 	C:\Program Files\Java\jre7\bin\zip.dll
0x73760000 - 0x737c9000 	C:\Windows\System32\msvcp100.dll
0x5c1e0000 - 0x5c3e4000 	C:\opencv\build\x86\vc10\bin\opencv_core246.dll
0x60630000 - 0x606a5000 	C:\Users\USER\AppData\Local\Temp\javacpp19311035331736\jniopencv_core.dll
0x6ac80000 - 0x6adc3000 	C:\Program Files\Java\jre7\bin\awt.dll
0x77450000 - 0x774df000 	C:\Windows\system32\OLEAUT32.dll
0x761a0000 - 0x762fc000 	C:\Windows\system32\ole32.dll
0x742f0000 - 0x74303000 	C:\Windows\system32\DWMAPI.DLL
0x74620000 - 0x74660000 	C:\Windows\system32\uxtheme.dll
0x758b0000 - 0x758bc000 	C:\Windows\system32\CRYPTBASE.dll
0x76550000 - 0x7719a000 	C:\Windows\system32\SHELL32.dll
0x736a0000 - 0x736d8000 	C:\Program Files\Java\jre7\bin\fontmanager.dll
0x10000000 - 0x10038000 	C:\Program Files\Lenovo\Bluetooth Software\btmmhook.dll
0x70fc0000 - 0x71d59000 	C:\opencv\build\x86\vc10\bin\opencv_ffmpeg246.dll
0x5bf70000 - 0x5c1da000 	C:\opencv\build\x86\vc10\bin\opencv_imgproc246.dll
0x5bd60000 - 0x5bf6a000 	C:\opencv\build\x86\vc10\bin\opencv_highgui246.dll
0x6f9b0000 - 0x6f9c9000 	C:\Windows\system32\AVIFIL32.dll
0x6e170000 - 0x6e184000 	C:\Windows\system32\MSACM32.dll
0x012f0000 - 0x01311000 	C:\Windows\system32\MSVFW32.dll
0x69310000 - 0x69323000 	C:\Windows\system32\AVICAP32.dll
0x74e20000 - 0x74e29000 	C:\Windows\system32\VERSION.dll
0x73910000 - 0x7391f000 	C:\Users\USER\AppData\Local\Temp\javacpp19311035331736\jniopencv_highgui.dll
0x771a0000 - 0x77223000 	C:\Windows\system32\CLBCatQ.DLL
0x638e0000 - 0x638f4000 	C:\Windows\system32\devenum.dll
0x763b0000 - 0x7654d000 	C:\Windows\system32\setupapi.dll
0x759c0000 - 0x759e7000 	C:\Windows\system32\CFGMGR32.dll
0x75c40000 - 0x75c52000 	C:\Windows\system32\DEVOBJ.dll
0x74a40000 - 0x74a61000 	C:\Windows\system32\ntmarta.dll
0x75cd0000 - 0x75d15000 	C:\Windows\system32\WLDAP32.dll
0x75a40000 - 0x75a6e000 	C:\Windows\system32\WINTRUST.dll
0x75a70000 - 0x75b90000 	C:\Windows\system32\CRYPT32.dll
0x759a0000 - 0x759ac000 	C:\Windows\system32\MSASN1.dll
0x64040000 - 0x6404b000 	C:\Windows\system32\msdmo.dll
0x73540000 - 0x73572000 	C:\Windows\system32\qcap.dll
0x6ab00000 - 0x6ac77000 	C:\Windows\system32\quartz.dll
0x73500000 - 0x73533000 	C:\Windows\system32\ksproxy.ax
0x6f280000 - 0x6f284000 	C:\Windows\system32\ksuser.dll
0x695e0000 - 0x697a3000 	C:\Windows\system32\d3d9.dll
0x697b0000 - 0x697b6000 	C:\Windows\system32\d3d8thk.dll
0x73690000 - 0x73699000 	C:\Windows\system32\vidcap.ax
0x73670000 - 0x7368d000 	C:\Windows\system32\kswdmcap.ax
0x73360000 - 0x7347c000 	C:\Windows\system32\MFC42.dll
0x6e0d0000 - 0x6e15c000 	C:\Windows\system32\ODBC32.dll
0x734c0000 - 0x734f8000 	C:\Windows\system32\odbcint.dll
0x039b0000 - 0x039e7000 	C:\Windows\system32\370prop.ax
0x77a30000 - 0x77aab000 	C:\Windows\system32\COMDLG32.dll
0x6b450000 - 0x6b4d0000 	C:\Windows\System32\qedit.dll
0x74490000 - 0x74620000 	C:\Windows\WinSxS\x86_microsoft.windows.gdiplus_6595b64144ccf1df_1.1.7601.18120_none_72d2e82386681b36\gdiplus.dll
0x697c0000 - 0x698a7000 	C:\Windows\system32\DDRAW.dll
0x698b0000 - 0x698b6000 	C:\Windows\system32\DCIMAN32.dll
0x62c30000 - 0x62cfc000 	C:\Windows\system32\D3DIM700.DLL
0x734b0000 - 0x734b9000 	C:\Windows\system32\msyuv.dll
0x63b80000 - 0x63bb9000 	C:\Users\USER\AppData\Local\Temp\javacpp19311035331736\jniopencv_imgproc.dll
0x63690000 - 0x6377b000 	C:\Windows\system32\dbghelp.dll

VM Arguments:
jvm_args: -Dfile.encoding=Cp1252 
java_command: com.futurecam.here.ColoredObjectTrack
Launcher Type: SUN_STANDARD

Environment Variables:
PATH=C:/Program Files/Java/jre7/bin/client;C:/Program Files/Java/jre7/bin;C:/Program Files/Java/jre7/lib/i386;C:\Windows\system32;C:\Windows;C:\Windows\System32\Wbem;C:\Windows\System32\WindowsPowerShell\v1.0\;C:\Program Files\Lenovo\Bluetooth Software\;C:\Program Files\Tesseract-OCR;C:\Eclipse\adt-bundle-windows-x86-20130522\eclipse;
USERNAME=USER
OS=Windows_NT
PROCESSOR_IDENTIFIER=x86 Family 6 Model 23 Stepping 10, GenuineIntel



---------------  S Y S T E M  ---------------

OS: Windows 7 Build 7601 Service Pack 1

CPU:total 2 (2 cores per cpu, 1 threads per core) family 6 model 23 stepping 10, cmov, cx8, fxsr, mmx, sse, sse2, sse3, ssse3, tsc

Memory: 4k page, physical 3105384k(1070384k free), swap 6209016k(2959612k free)

vm_info: Java HotSpot(TM) Client VM (24.45-b08) for windows-x86 JRE (1.7.0_45-b18), built on Oct  8 2013 06:02:43 by "java_re" with unknown MS VC++:1600

time: Sat Nov 16 19:56:23 2013
elapsed time: 2 seconds

