#
# A fatal error has been detected by the Java Runtime Environment:
#
#  EXCEPTION_UNCAUGHT_CXX_EXCEPTION (0xe06d7363) at pc=0x75b2812f, pid=4680, tid=4184
#
# JRE version: 7.0_25-b17
# Java VM: Java HotSpot(TM) Client VM (23.25-b01 mixed mode, sharing windows-x86 )
# Problematic frame:
# C  [KERNELBASE.dll+0x812f]  RaiseException+0x54
#
# Failed to write core dump. Minidumps are not enabled by default on client versions of Windows
#
# If you would like to submit a bug report, please visit:
#   http://bugreport.sun.com/bugreport/crash.jsp
# The crash happened outside the Java Virtual Machine in native code.
# See problematic frame for where to report the bug.
#

---------------  T H R E A D  ---------------

Current thread (0x03f0f000):  JavaThread "Thread-3" [_thread_in_native, id=4184, stack(0x054d0000,0x05520000)]

siginfo: ExceptionCode=0xe06d7363, ExceptionInformation=0x19930520 0x0550f33c 0x621b4a88 

Registers:
EAX=0x0550f298, EBX=0x00000330, ECX=0x00000003, EDX=0x00000000
ESP=0x0550f298, EBP=0x0550f2e8, ESI=0x0551f410, EDI=0x661a1ec6
EIP=0x75b2812f, EFLAGS=0x00000212

Top of Stack: (sp=0x0550f298)
0x0550f298:   e06d7363 00000001 00000000 75b2812f
0x0550f2a8:   00000003 19930520 0550f33c 621b4a88
0x0550f2b8:   00000000 03f0cc58 0550f3a0 0550f2ac
0x0550f2c8:   0550f3a0 00000032 0550f2f0 61fe40fe
0x0550f2d8:   03f0cc58 03f0cc10 00000032 0551f410
0x0550f2e8:   0550f320 661b7819 e06d7363 00000001
0x0550f2f8:   00000003 0550f314 e06d7363 00000001
0x0550f308:   00000000 00000000 00000003 19930520 

Instructions: (pc=0x75b2812f)
0x75b2810f:   89 45 c0 c1 e0 02 50 ff 75 14 8d 45 c4 50 e8 18
0x75b2811f:   e7 ff ff 83 c4 0c 8d 45 b0 50 ff 15 5c 11 b2 75
0x75b2812f:   c9 c2 10 00 89 45 c0 eb ed 3d 01 01 00 00 0f 85
0x75b2813f:   6d 96 ff ff e9 49 96 ff ff 8d 4d b8 ff 15 4c 10 


Register to memory mapping:

EAX=0x0550f298 is pointing into the stack for thread: 0x03f0f000
EBX=0x00000330 is an unknown value
ECX=0x00000003 is an unknown value
EDX=0x00000000 is an unknown value
ESP=0x0550f298 is pointing into the stack for thread: 0x03f0f000
EBP=0x0550f2e8 is pointing into the stack for thread: 0x03f0f000
ESI=0x0551f410 is pointing into the stack for thread: 0x03f0f000
EDI=0x661a1ec6 is an unknown value


Stack: [0x054d0000,0x05520000],  sp=0x0550f298,  free space=252k
Native frames: (J=compiled Java code, j=interpreted, Vv=VM code, C=native code)
C  [KERNELBASE.dll+0x812f]  RaiseException+0x54
C  [msvcr100.dll+0x27819]  CxxThrowException+0x45

Java frames: (J=compiled Java code, j=interpreted, Vv=VM code)
j  com.googlecode.javacv.cpp.opencv_imgproc.cvSmooth(Lcom/googlecode/javacv/cpp/opencv_core$CvArr;Lcom/googlecode/javacv/cpp/opencv_core$CvArr;IIIDD)V+0
j  com.googlecode.javacv.cpp.opencv_imgproc.cvSmooth(Lcom/googlecode/javacv/cpp/opencv_core$CvArr;Lcom/googlecode/javacv/cpp/opencv_core$CvArr;II)V+7
j  com.futurecam.abe.ColoredObjectTrack.getThresholdImage(Lcom/googlecode/javacv/cpp/opencv_core$IplImage;)Lcom/googlecode/javacv/cpp/opencv_core$IplImage;+27
j  com.futurecam.abe.ColoredObjectTrack.run()V+43
j  java.lang.Thread.run()V+11
v  ~StubRoutines::call_stub

---------------  P R O C E S S  ---------------

Java Threads: ( => current thread )
  0x001cdc00 JavaThread "DestroyJavaVM" [_thread_blocked, id=7308, stack(0x017d0000,0x01820000)]
=>0x03f0f000 JavaThread "Thread-3" [_thread_in_native, id=4184, stack(0x054d0000,0x05520000)]
  0x03effc00 JavaThread "AWT-EventQueue-0" [_thread_blocked, id=3656, stack(0x04610000,0x04660000)]
  0x03ef1800 JavaThread "AWT-Windows" daemon [_thread_in_native, id=7576, stack(0x04190000,0x041e0000)]
  0x03ef0c00 JavaThread "AWT-Shutdown" [_thread_blocked, id=6480, stack(0x03ff0000,0x04040000)]
  0x03eeb000 JavaThread "Java2D Disposer" daemon [_thread_blocked, id=7516, stack(0x03f90000,0x03fe0000)]
  0x0190c400 JavaThread "Service Thread" daemon [_thread_blocked, id=7000, stack(0x03d40000,0x03d90000)]
  0x018fec00 JavaThread "C1 CompilerThread0" daemon [_thread_blocked, id=2016, stack(0x01240000,0x01290000)]
  0x018fd800 JavaThread "Attach Listener" daemon [_thread_blocked, id=7252, stack(0x03bd0000,0x03c20000)]
  0x018fc800 JavaThread "Signal Dispatcher" daemon [_thread_blocked, id=6648, stack(0x03b60000,0x03bb0000)]
  0x018e9000 JavaThread "Finalizer" daemon [_thread_blocked, id=7420, stack(0x039a0000,0x039f0000)]
  0x018e4400 JavaThread "Reference Handler" daemon [_thread_blocked, id=4152, stack(0x03a40000,0x03a90000)]

Other Threads:
  0x018e3000 VMThread [stack: 0x03aa0000,0x03af0000] [id=1880]
  0x03d98c00 WatcherThread [stack: 0x03af0000,0x03b40000] [id=6904]

VM state:not at safepoint (normal execution)

VM Mutex/Monitor currently owned by a thread: None

Heap
 def new generation   total 4928K, used 3560K [0x23cc0000, 0x24210000, 0x29210000)
  eden space 4416K,  69% used [0x23cc0000, 0x23fbe658, 0x24110000)
  from space 512K,  96% used [0x24110000, 0x2418bb48, 0x24190000)
  to   space 512K,   0% used [0x24190000, 0x24190000, 0x24210000)
 tenured generation   total 10944K, used 1761K [0x29210000, 0x29cc0000, 0x33cc0000)
   the space 10944K,  16% used [0x29210000, 0x293c8420, 0x293c8600, 0x29cc0000)
 compacting perm gen  total 12288K, used 1686K [0x33cc0000, 0x348c0000, 0x37cc0000)
   the space 12288K,  13% used [0x33cc0000, 0x33e659e8, 0x33e65a00, 0x348c0000)
    ro space 10240K,  42% used [0x37cc0000, 0x38104240, 0x38104400, 0x386c0000)
    rw space 12288K,  54% used [0x386c0000, 0x38d44d58, 0x38d44e00, 0x392c0000)

Card table byte_map: [0x016e0000,0x01790000] byte_map_base: 0x015c1a00

Polling page: 0x00180000

Code Cache  [0x01920000, 0x019f8000, 0x03920000)
 total_blobs=404 nmethods=174 adapters=165 free_code_cache=31911Kb largest_free_block=32677824

Compilation events (10 events):
Event: 2.008 Thread 0x018fec00  169  s          sun.java2d.loops.GraphicsPrimitiveMgr::locatePrim (96 bytes)
Event: 2.009 Thread 0x018fec00 nmethod 169 0x019f3388 code [0x019f34c0, 0x019f397c]
Event: 2.215 Thread 0x018fec00  170             java.lang.String::indexOf (7 bytes)
Event: 2.215 Thread 0x018fec00 nmethod 170 0x019f5708 code [0x019f5810, 0x019f58dc]
Event: 2.219 Thread 0x018fec00  171             java.net.URL::getFile (5 bytes)
Event: 2.219 Thread 0x018fec00 nmethod 171 0x019f5a08 code [0x019f5b00, 0x019f5b80]
Event: 2.225 Thread 0x018fec00  172             java.util.zip.Inflater::ensureOpen (47 bytes)
Event: 2.226 Thread 0x018fec00 nmethod 172 0x019f5bc8 code [0x019f5cd0, 0x019f5ddc]
Event: 2.231 Thread 0x018fec00  173             java.lang.ref.Reference::get (5 bytes)
Event: 2.231 Thread 0x018fec00 nmethod 173 0x019f5e88 code [0x019f5f80, 0x019f6000]

GC Heap History (4 events):
Event: 0.652 GC heap before
{Heap before GC invocations=0 (full 0):
 def new generation   total 4928K, used 4416K [0x23cc0000, 0x24210000, 0x29210000)
  eden space 4416K, 100% used [0x23cc0000, 0x24110000, 0x24110000)
  from space 512K,   0% used [0x24110000, 0x24110000, 0x24190000)
  to   space 512K,   0% used [0x24190000, 0x24190000, 0x24210000)
 tenured generation   total 10944K, used 0K [0x29210000, 0x29cc0000, 0x33cc0000)
   the space 10944K,   0% used [0x29210000, 0x29210000, 0x29210200, 0x29cc0000)
 compacting perm gen  total 12288K, used 875K [0x33cc0000, 0x348c0000, 0x37cc0000)
   the space 12288K,   7% used [0x33cc0000, 0x33d9ae50, 0x33d9b000, 0x348c0000)
    ro space 10240K,  42% used [0x37cc0000, 0x38104240, 0x38104400, 0x386c0000)
    rw space 12288K,  54% used [0x386c0000, 0x38d44d58, 0x38d44e00, 0x392c0000)
Event: 0.657 GC heap after
Heap after GC invocations=1 (full 0):
 def new generation   total 4928K, used 512K [0x23cc0000, 0x24210000, 0x29210000)
  eden space 4416K,   0% used [0x23cc0000, 0x23cc0000, 0x24110000)
  from space 512K, 100% used [0x24190000, 0x24210000, 0x24210000)
  to   space 512K,   0% used [0x24110000, 0x24110000, 0x24190000)
 tenured generation   total 10944K, used 379K [0x29210000, 0x29cc0000, 0x33cc0000)
   the space 10944K,   3% used [0x29210000, 0x2926ef58, 0x2926f000, 0x29cc0000)
 compacting perm gen  total 12288K, used 875K [0x33cc0000, 0x348c0000, 0x37cc0000)
   the space 12288K,   7% used [0x33cc0000, 0x33d9ae50, 0x33d9b000, 0x348c0000)
    ro space 10240K,  42% used [0x37cc0000, 0x38104240, 0x38104400, 0x386c0000)
    rw space 12288K,  54% used [0x386c0000, 0x38d44d58, 0x38d44e00, 0x392c0000)
}
Event: 1.970 GC heap before
{Heap before GC invocations=1 (full 0):
 def new generation   total 4928K, used 4349K [0x23cc0000, 0x24210000, 0x29210000)
  eden space 4416K,  86% used [0x23cc0000, 0x2407f790, 0x24110000)
  from space 512K, 100% used [0x24190000, 0x24210000, 0x24210000)
  to   space 512K,   0% used [0x24110000, 0x24110000, 0x24190000)
 tenured generation   total 10944K, used 379K [0x29210000, 0x29cc0000, 0x33cc0000)
   the space 10944K,   3% used [0x29210000, 0x2926ef58, 0x2926f000, 0x29cc0000)
 compacting perm gen  total 12288K, used 1582K [0x33cc0000, 0x348c0000, 0x37cc0000)
   the space 12288K,  12% used [0x33cc0000, 0x33e4b878, 0x33e4ba00, 0x348c0000)
    ro space 10240K,  42% used [0x37cc0000, 0x38104240, 0x38104400, 0x386c0000)
    rw space 12288K,  54% used [0x386c0000, 0x38d44d58, 0x38d44e00, 0x392c0000)
Event: 1.988 GC heap after
Heap after GC invocations=2 (full 0):
 def new generation   total 4928K, used 494K [0x23cc0000, 0x24210000, 0x29210000)
  eden space 4416K,   0% used [0x23cc0000, 0x23cc0000, 0x24110000)
  from space 512K,  96% used [0x24110000, 0x2418bb48, 0x24190000)
  to   space 512K,   0% used [0x24190000, 0x24190000, 0x24210000)
 tenured generation   total 10944K, used 1761K [0x29210000, 0x29cc0000, 0x33cc0000)
   the space 10944K,  16% used [0x29210000, 0x293c8420, 0x293c8600, 0x29cc0000)
 compacting perm gen  total 12288K, used 1582K [0x33cc0000, 0x348c0000, 0x37cc0000)
   the space 12288K,  12% used [0x33cc0000, 0x33e4b878, 0x33e4ba00, 0x348c0000)
    ro space 10240K,  42% used [0x37cc0000, 0x38104240, 0x38104400, 0x386c0000)
    rw space 12288K,  54% used [0x386c0000, 0x38d44d58, 0x38d44e00, 0x392c0000)
}

Deoptimization events (0 events):
No events

Internal exceptions (10 events):
Event: 2.225 Thread 0x03f0f000 Threw 0x23f83ee8 at C:\jdk7u2_32P\jdk7u25\hotspot\src\share\vm\prims\jvm.cpp:1235
Event: 2.226 Thread 0x03f0f000 Threw 0x23f895a0 at C:\jdk7u2_32P\jdk7u25\hotspot\src\share\vm\prims\jvm.cpp:1235
Event: 2.227 Thread 0x03f0f000 Threw 0x23f8e5d8 at C:\jdk7u2_32P\jdk7u25\hotspot\src\share\vm\prims\jvm.cpp:1235
Event: 2.228 Thread 0x03f0f000 Threw 0x23f93650 at C:\jdk7u2_32P\jdk7u25\hotspot\src\share\vm\prims\jvm.cpp:1235
Event: 2.229 Thread 0x03f0f000 Threw 0x23f99a40 at C:\jdk7u2_32P\jdk7u25\hotspot\src\share\vm\prims\jvm.cpp:1235
Event: 2.230 Thread 0x03f0f000 Threw 0x23f9ee40 at C:\jdk7u2_32P\jdk7u25\hotspot\src\share\vm\prims\jvm.cpp:1235
Event: 2.232 Thread 0x03f0f000 Threw 0x23fa31d0 at C:\jdk7u2_32P\jdk7u25\hotspot\src\share\vm\prims\jvm.cpp:1235
Event: 2.233 Thread 0x03f0f000 Threw 0x23fa7a78 at C:\jdk7u2_32P\jdk7u25\hotspot\src\share\vm\prims\jvm.cpp:1235
Event: 2.234 Thread 0x03f0f000 Threw 0x23fabec8 at C:\jdk7u2_32P\jdk7u25\hotspot\src\share\vm\prims\jvm.cpp:1235
Event: 2.235 Thread 0x03f0f000 Threw 0x23fafbb8 at C:\jdk7u2_32P\jdk7u25\hotspot\src\share\vm\prims\jvm.cpp:1235

Events (10 events):
Event: 2.232 loading class 0x03f0c7d8
Event: 2.232 loading class 0x03f0c7d8 done
Event: 2.233 loading class 0x03f53d50
Event: 2.233 loading class 0x03f53d50 done
Event: 2.234 loading class 0x03f53b20
Event: 2.234 loading class 0x03f53b20 done
Event: 2.235 loading class 0x03f53d00
Event: 2.235 loading class 0x03f53d00 done
Event: 2.237 loading class 0x392f4158
Event: 2.237 loading class 0x392f4158 done


Dynamic libraries:
0x012b0000 - 0x012df000 	C:\Program Files\Java\jre7\bin\javaw.exe
0x77970000 - 0x77aac000 	C:\Windows\SYSTEM32\ntdll.dll
0x75df0000 - 0x75ec4000 	C:\Windows\system32\kernel32.dll
0x75b20000 - 0x75b6b000 	C:\Windows\system32\KERNELBASE.dll
0x76580000 - 0x76620000 	C:\Windows\system32\ADVAPI32.dll
0x77af0000 - 0x77b9c000 	C:\Windows\system32\msvcrt.dll
0x77ac0000 - 0x77ad9000 	C:\Windows\SYSTEM32\sechost.dll
0x76b50000 - 0x76bf2000 	C:\Windows\system32\RPCRT4.dll
0x75ed0000 - 0x75f99000 	C:\Windows\system32\USER32.dll
0x76160000 - 0x761ae000 	C:\Windows\system32\GDI32.dll
0x77ae0000 - 0x77aea000 	C:\Windows\system32\LPK.dll
0x76850000 - 0x768ed000 	C:\Windows\system32\USP10.dll
0x74820000 - 0x749be000 	C:\Windows\WinSxS\x86_microsoft.windows.common-controls_6595b64144ccf1df_6.0.7601.17514_none_41e6975e2bd6f2b2\COMCTL32.dll
0x76af0000 - 0x76b47000 	C:\Windows\system32\SHLWAPI.dll
0x76c30000 - 0x76c4f000 	C:\Windows\system32\IMM32.DLL
0x76c50000 - 0x76d1c000 	C:\Windows\system32\MSCTF.dll
0x66190000 - 0x6624e000 	C:\Program Files\Java\jre7\bin\msvcr100.dll
0x626e0000 - 0x62a22000 	C:\Program Files\Java\jre7\bin\client\jvm.dll
0x6fad0000 - 0x6fad7000 	C:\Windows\system32\WSOCK32.dll
0x75d20000 - 0x75d55000 	C:\Windows\system32\WS2_32.dll
0x77ab0000 - 0x77ab6000 	C:\Windows\system32\NSI.dll
0x724f0000 - 0x72522000 	C:\Windows\system32\WINMM.dll
0x761b0000 - 0x761b5000 	C:\Windows\system32\PSAPI.DLL
0x73430000 - 0x7343c000 	C:\Program Files\Java\jre7\bin\verify.dll
0x73410000 - 0x73430000 	C:\Program Files\Java\jre7\bin\java.dll
0x733f0000 - 0x73403000 	C:\Program Files\Java\jre7\bin\zip.dll
0x72f40000 - 0x72fa9000 	C:\Windows\System32\msvcp100.dll
0x61fe0000 - 0x621e4000 	C:\opencv\build\x86\vc10\bin\opencv_core246.dll
0x64a70000 - 0x64ae5000 	C:\Users\USER\AppData\Local\Temp\javacpp43829735508372\jniopencv_core.dll
0x62c30000 - 0x62d74000 	C:\Program Files\Java\jre7\bin\awt.dll
0x75d60000 - 0x75def000 	C:\Windows\system32\OLEAUT32.dll
0x76620000 - 0x7677c000 	C:\Windows\system32\ole32.dll
0x74370000 - 0x74383000 	C:\Windows\system32\DWMAPI.DLL
0x746a0000 - 0x746e0000 	C:\Windows\system32\uxtheme.dll
0x75930000 - 0x7593c000 	C:\Windows\system32\CRYPTBASE.dll
0x76d20000 - 0x7796a000 	C:\Windows\system32\SHELL32.dll
0x6ecb0000 - 0x6ece1000 	C:\Program Files\Java\jre7\bin\fontmanager.dll
0x10000000 - 0x10038000 	C:\Program Files\Lenovo\Bluetooth Software\btmmhook.dll
0x70fc0000 - 0x71d59000 	C:\opencv\build\x86\vc10\bin\opencv_ffmpeg246.dll
0x60c40000 - 0x60eaa000 	C:\opencv\build\x86\vc10\bin\opencv_imgproc246.dll
0x61b30000 - 0x61d3a000 	C:\opencv\build\x86\vc10\bin\opencv_highgui246.dll
0x6f770000 - 0x6f789000 	C:\Windows\system32\AVIFIL32.dll
0x6f4b0000 - 0x6f4c4000 	C:\Windows\system32\MSACM32.dll
0x6e650000 - 0x6e671000 	C:\Windows\system32\MSVFW32.dll
0x6be10000 - 0x6be23000 	C:\Windows\system32\AVICAP32.dll
0x74d70000 - 0x74d79000 	C:\Windows\system32\VERSION.dll
0x73210000 - 0x7321f000 	C:\Users\USER\AppData\Local\Temp\javacpp43829735508372\jniopencv_highgui.dll
0x761c0000 - 0x76243000 	C:\Windows\system32\CLBCatQ.DLL
0x699f0000 - 0x69a04000 	C:\Windows\system32\devenum.dll
0x762b0000 - 0x7644d000 	C:\Windows\system32\setupapi.dll
0x75cd0000 - 0x75cf7000 	C:\Windows\system32\CFGMGR32.dll
0x75a60000 - 0x75a72000 	C:\Windows\system32\DEVOBJ.dll
0x74ac0000 - 0x74ae1000 	C:\Windows\system32\ntmarta.dll
0x76780000 - 0x767c5000 	C:\Windows\system32\WLDAP32.dll
0x75a30000 - 0x75a5e000 	C:\Windows\system32\WINTRUST.dll
0x75b70000 - 0x75c90000 	C:\Windows\system32\CRYPT32.dll
0x75a20000 - 0x75a2c000 	C:\Windows\system32\MSASN1.dll
0x699e0000 - 0x699eb000 	C:\Windows\system32\msdmo.dll
0x735f0000 - 0x73622000 	C:\Windows\system32\qcap.dll
0x65f10000 - 0x66087000 	C:\Windows\system32\quartz.dll
0x73530000 - 0x73563000 	C:\Windows\system32\ksproxy.ax
0x6f4a0000 - 0x6f4a4000 	C:\Windows\system32\ksuser.dll
0x6be30000 - 0x6bff3000 	C:\Windows\system32\d3d9.dll
0x70d60000 - 0x70d66000 	C:\Windows\system32\d3d8thk.dll
0x735e0000 - 0x735e9000 	C:\Windows\system32\vidcap.ax
0x73510000 - 0x7352d000 	C:\Windows\system32\kswdmcap.ax
0x72fb0000 - 0x730cc000 	C:\Windows\system32\MFC42.dll
0x73480000 - 0x7350c000 	C:\Windows\system32\ODBC32.dll
0x73440000 - 0x73478000 	C:\Windows\system32\odbcint.dll
0x039f0000 - 0x03a27000 	C:\Windows\system32\370prop.ax
0x767d0000 - 0x7684b000 	C:\Windows\system32\COMDLG32.dll
0x732b0000 - 0x73330000 	C:\Windows\System32\qedit.dll
0x74510000 - 0x746a0000 	C:\Windows\WinSxS\x86_microsoft.windows.gdiplus_6595b64144ccf1df_1.1.7601.18120_none_72d2e82386681b36\gdiplus.dll
0x70d70000 - 0x70e57000 	C:\Windows\system32\DDRAW.dll
0x70e60000 - 0x70e66000 	C:\Windows\system32\DCIMAN32.dll
0x66a00000 - 0x66acc000 	C:\Windows\system32\D3DIM700.DLL
0x70490000 - 0x70499000 	C:\Windows\system32\msyuv.dll
0x65e50000 - 0x65e89000 	C:\Users\USER\AppData\Local\Temp\javacpp43829735508372\jniopencv_imgproc.dll
0x69420000 - 0x6950b000 	C:\Windows\system32\dbghelp.dll

VM Arguments:
jvm_args: -Dfile.encoding=Cp1252 -Xbootclasspath:C:\Program Files\Java\jre7\lib\resources.jar;C:\Program Files\Java\jre7\lib\rt.jar;C:\Program Files\Java\jre7\lib\jsse.jar;C:\Program Files\Java\jre7\lib\jce.jar;C:\Program Files\Java\jre7\lib\charsets.jar;C:\Program Files\Java\jre7\lib\jfr.jar;C:\Users\USER\Downloads\google-api-services-drive-v2-rev89-java-1.15.0-rc\drive\google-api-services-drive-v2-rev89-1.15.0-rc.jar;C:\Users\USER\Downloads\google-api-services-drive-v2-rev89-java-1.15.0-rc\drive\google-api-services-drive-v2-rev89-1.15.0-rc-javadoc.jar;C:\Users\USER\Downloads\google-api-services-drive-v2-rev89-java-1.15.0-rc\drive\google-api-services-drive-v2-rev89-1.15.0-rc-sources.jar;C:\Users\USER\Downloads\google-api-services-drive-v2-rev89-java-1.15.0-rc\drive\libs-sources\commons-logging-1.1.1-sources.jar;C:\Users\USER\Downloads\google-api-services-drive-v2-rev89-java-1.15.0-rc\drive\libs-sources\google-api-client-1.15.0-rc-sources.jar;C:\Users\USER\Downloads\google-api-services-drive-v2-rev89-java-1.15.0-rc\drive\libs-sources\google-api-client-android-1.15.0-rc-sources.jar;C:\Users\USER\Downloads\google-api-services-drive-v2-rev89-java-1.15.0-rc\drive\libs-sources\google-api-client-appengine-1.15.0-rc-sources.jar;C:\Users\USER\Downloads\google-api-services-drive-v2-rev89-java-1.15.0-rc\drive\libs-sources\google-api-client-java6-1.15.0-rc-sources.jar;C:\Users\USER\Downloads\google-api-services-drive-v2-rev89-java-1.15.0-rc\drive\libs-sources\google-api-client-servlet-1.15.0-rc-sources.jar;C:\Users\USER\Downloads\google-api-services-drive-v2-rev89-java-1.15.0-rc\drive\libs-sources\google-http-client-1.15.0-rc-sources.jar;C:\Users\USER\Downloads\google-api-services-drive-v2-rev89-java-1.15.0-rc\drive\libs-sources\google-http-client-android-1.15.0-rc-sources.jar;C:\Users\USER\Downloads\google-api-services-drive-v2-rev89-java-1.15.0-rc\drive\libs-sources\google-http-client-appengine-1.15.0-rc-sources.jar;C:\Users\USER\Downloads\google-api-services-drive-v2-rev89-java-1.15.0-rc\drive\libs-source
java_command: com.futurecam.abe.ColoredObjectTrack
Launcher Type: SUN_STANDARD

Environment Variables:
PATH=C:/Program Files/Java/jre7/bin/client;C:/Program Files/Java/jre7/bin;C:/Program Files/Java/jre7/lib/i386;C:\Windows\system32;C:\Windows;C:\Windows\System32\Wbem;C:\Windows\System32\WindowsPowerShell\v1.0\;C:\Program Files\Lenovo\Bluetooth Software\;C:\Program Files\Tesseract-OCR;C:\Eclipse\adt-bundle-windows-x86-20130522\eclipse;
USERNAME=USER
OS=Windows_NT
PROCESSOR_IDENTIFIER=x86 Family 6 Model 23 Stepping 10, GenuineIntel



---------------  S Y S T E M  ---------------

OS: Windows 7 Build 7601 Service Pack 1

CPU:total 2 (2 cores per cpu, 1 threads per core) family 6 model 23 stepping 10, cmov, cx8, fxsr, mmx, sse, sse2, sse3, ssse3, tsc

Memory: 4k page, physical 3105384k(929788k free), swap 6209016k(3082196k free)

vm_info: Java HotSpot(TM) Client VM (23.25-b01) for windows-x86 JRE (1.7.0_25-b17), built on Jun 21 2013 13:06:48 by "java_re" with unknown MS VC++:1600

time: Tue Oct 15 22:39:28 2013
elapsed time: 2 seconds

