#
# A fatal error has been detected by the Java Runtime Environment:
#
#  EXCEPTION_UNCAUGHT_CXX_EXCEPTION (0xe06d7363) at pc=0x7594812f, pid=204, tid=2320
#
# JRE version: 7.0_25-b17
# Java VM: Java HotSpot(TM) Client VM (23.25-b01 mixed mode, sharing windows-x86 )
# Problematic frame:
# C  [KERNELBASE.dll+0x812f]  RaiseException+0x54
#
# Failed to write core dump. Minidumps are not enabled by default on client versions of Windows
#
# If you would like to submit a bug report, please visit:
#   http://bugreport.sun.com/bugreport/crash.jsp
# The crash happened outside the Java Virtual Machine in native code.
# See problematic frame for where to report the bug.
#

---------------  T H R E A D  ---------------

Current thread (0x03abd000):  JavaThread "Thread-3" [_thread_in_native, id=2320, stack(0x03c20000,0x03c70000)]

siginfo: ExceptionCode=0xe06d7363, ExceptionInformation=0x19930520 0x03c5f44c 0x65cb4a88 

Registers:
EAX=0x03c5f3a8, EBX=0x00000f48, ECX=0x00000003, EDX=0x00000000
ESP=0x03c5f3a8, EBP=0x03c5f3f8, ESI=0x03c6f560, EDI=0x71ec1ec6
EIP=0x7594812f, EFLAGS=0x00000212

Top of Stack: (sp=0x03c5f3a8)
0x03c5f3a8:   e06d7363 00000001 00000000 7594812f
0x03c5f3b8:   00000003 19930520 03c5f44c 65cb4a88
0x03c5f3c8:   00000000 03b3d490 03c5f4b0 03c5f3bc
0x03c5f3d8:   03c5f4b0 00000031 03c5f400 65ae40fe
0x03c5f3e8:   03b3d490 03b3d448 00000031 03c6f560
0x03c5f3f8:   03c5f430 71ed7819 e06d7363 00000001
0x03c5f408:   00000003 03c5f424 e06d7363 00000001
0x03c5f418:   00000000 00000000 00000003 19930520 

Instructions: (pc=0x7594812f)
0x7594810f:   89 45 c0 c1 e0 02 50 ff 75 14 8d 45 c4 50 e8 18
0x7594811f:   e7 ff ff 83 c4 0c 8d 45 b0 50 ff 15 5c 11 94 75
0x7594812f:   c9 c2 10 00 89 45 c0 eb ed 3d 01 01 00 00 0f 85
0x7594813f:   6d 96 ff ff e9 49 96 ff ff 8d 4d b8 ff 15 4c 10 


Register to memory mapping:

EAX=0x03c5f3a8 is pointing into the stack for thread: 0x03abd000
EBX=0x00000f48 is an unknown value
ECX=0x00000003 is an unknown value
EDX=0x00000000 is an unknown value
ESP=0x03c5f3a8 is pointing into the stack for thread: 0x03abd000
EBP=0x03c5f3f8 is pointing into the stack for thread: 0x03abd000
ESI=0x03c6f560 is pointing into the stack for thread: 0x03abd000
EDI=0x71ec1ec6 is an unknown value


Stack: [0x03c20000,0x03c70000],  sp=0x03c5f3a8,  free space=252k
Native frames: (J=compiled Java code, j=interpreted, Vv=VM code, C=native code)
C  [KERNELBASE.dll+0x812f]  RaiseException+0x54
C  [msvcr100.dll+0x27819]  CxxThrowException+0x45

Java frames: (J=compiled Java code, j=interpreted, Vv=VM code)
j  com.googlecode.javacv.cpp.opencv_imgproc.cvCvtColor(Lcom/googlecode/javacv/cpp/opencv_core$CvArr;Lcom/googlecode/javacv/cpp/opencv_core$CvArr;I)V+0
j  com.futurecam.abe.ColoredObjectTrack.getThresholdImage(Lcom/googlecode/javacv/cpp/opencv_core$IplImage;)Lcom/googlecode/javacv/cpp/opencv_core$IplImage;+30
j  com.futurecam.abe.ColoredObjectTrack.run()V+43
j  java.lang.Thread.run()V+11
v  ~StubRoutines::call_stub

---------------  P R O C E S S  ---------------

Java Threads: ( => current thread )
  0x012bdc00 JavaThread "DestroyJavaVM" [_thread_blocked, id=2280, stack(0x01390000,0x013e0000)]
=>0x03abd000 JavaThread "Thread-3" [_thread_in_native, id=2320, stack(0x03c20000,0x03c70000)]
  0x03aafc00 JavaThread "AWT-EventQueue-0" [_thread_blocked, id=624, stack(0x04320000,0x04370000)]
  0x03a95c00 JavaThread "AWT-Windows" daemon [_thread_in_native, id=2204, stack(0x03cf0000,0x03d40000)]
  0x03a94000 JavaThread "AWT-Shutdown" [_thread_blocked, id=2920, stack(0x03b40000,0x03b90000)]
  0x03a8f400 JavaThread "Java2D Disposer" daemon [_thread_blocked, id=3932, stack(0x034e0000,0x03530000)]
  0x014c9400 JavaThread "Service Thread" daemon [_thread_blocked, id=2472, stack(0x038f0000,0x03940000)]
  0x014bec00 JavaThread "C1 CompilerThread0" daemon [_thread_blocked, id=1076, stack(0x038a0000,0x038f0000)]
  0x014bdc00 JavaThread "Attach Listener" daemon [_thread_blocked, id=3168, stack(0x03620000,0x03670000)]
  0x014ba800 JavaThread "Signal Dispatcher" daemon [_thread_blocked, id=208, stack(0x037e0000,0x03830000)]
  0x014a9000 JavaThread "Finalizer" daemon [_thread_blocked, id=1288, stack(0x035a0000,0x035f0000)]
  0x014a4400 JavaThread "Reference Handler" daemon [_thread_blocked, id=2820, stack(0x03690000,0x036e0000)]

Other Threads:
  0x014a3000 VMThread [stack: 0x03550000,0x035a0000] [id=2776]
  0x014db000 WatcherThread [stack: 0x03bd0000,0x03c20000] [id=2072]

VM state:not at safepoint (normal execution)

VM Mutex/Monitor currently owned by a thread: None

Heap
 def new generation   total 4928K, used 1340K [0x23cc0000, 0x24210000, 0x29210000)
  eden space 4416K,  20% used [0x23cc0000, 0x23da0c98, 0x24110000)
  from space 512K,  86% used [0x24110000, 0x2417e720, 0x24190000)
  to   space 512K,   0% used [0x24190000, 0x24190000, 0x24210000)
 tenured generation   total 10944K, used 3566K [0x29210000, 0x29cc0000, 0x33cc0000)
   the space 10944K,  32% used [0x29210000, 0x2958ba58, 0x2958bc00, 0x29cc0000)
 compacting perm gen  total 12288K, used 1686K [0x33cc0000, 0x348c0000, 0x37cc0000)
   the space 12288K,  13% used [0x33cc0000, 0x33e65bf0, 0x33e65c00, 0x348c0000)
    ro space 10240K,  42% used [0x37cc0000, 0x38104240, 0x38104400, 0x386c0000)
    rw space 12288K,  54% used [0x386c0000, 0x38d44d58, 0x38d44e00, 0x392c0000)

Card table byte_map: [0x011b0000,0x01260000] byte_map_base: 0x01091a00

Polling page: 0x00200000

Code Cache  [0x014e0000, 0x015b8000, 0x034e0000)
 total_blobs=409 nmethods=174 adapters=170 free_code_cache=31910Kb largest_free_block=32675840

Compilation events (10 events):
Event: 2.467 Thread 0x014bec00  169             java.lang.String::indexOf (7 bytes)
Event: 2.467 Thread 0x014bec00 nmethod 169 0x015b5c08 code [0x015b5d10, 0x015b5ddc]
Event: 2.471 Thread 0x014bec00  170             java.net.URL::getFile (5 bytes)
Event: 2.471 Thread 0x014bec00 nmethod 170 0x015b5f08 code [0x015b6000, 0x015b6080]
Event: 2.476 Thread 0x014bec00  171             java.lang.ref.Reference::get (5 bytes)
Event: 2.476 Thread 0x014bec00 nmethod 171 0x015b60c8 code [0x015b61c0, 0x015b6240]
Event: 2.476 Thread 0x014bec00  172             java.lang.Integer::valueOf (54 bytes)
Event: 2.477 Thread 0x014bec00 nmethod 172 0x015b6288 code [0x015b6380, 0x015b6470]
Event: 2.484 Thread 0x014bec00  173             java.util.Hashtable$Enumerator::hasMoreElements (53 bytes)
Event: 2.485 Thread 0x014bec00 nmethod 173 0x015b6548 code [0x015b6640, 0x015b6720]

GC Heap History (4 events):
Event: 0.871 GC heap before
{Heap before GC invocations=0 (full 0):
 def new generation   total 4928K, used 4416K [0x23cc0000, 0x24210000, 0x29210000)
  eden space 4416K, 100% used [0x23cc0000, 0x24110000, 0x24110000)
  from space 512K,   0% used [0x24110000, 0x24110000, 0x24190000)
  to   space 512K,   0% used [0x24190000, 0x24190000, 0x24210000)
 tenured generation   total 10944K, used 0K [0x29210000, 0x29cc0000, 0x33cc0000)
   the space 10944K,   0% used [0x29210000, 0x29210000, 0x29210200, 0x29cc0000)
 compacting perm gen  total 12288K, used 873K [0x33cc0000, 0x348c0000, 0x37cc0000)
   the space 12288K,   7% used [0x33cc0000, 0x33d9a7e8, 0x33d9a800, 0x348c0000)
    ro space 10240K,  42% used [0x37cc0000, 0x38104240, 0x38104400, 0x386c0000)
    rw space 12288K,  54% used [0x386c0000, 0x38d44d58, 0x38d44e00, 0x392c0000)
Event: 0.878 GC heap after
Heap after GC invocations=1 (full 0):
 def new generation   total 4928K, used 512K [0x23cc0000, 0x24210000, 0x29210000)
  eden space 4416K,   0% used [0x23cc0000, 0x23cc0000, 0x24110000)
  from space 512K, 100% used [0x24190000, 0x24210000, 0x24210000)
  to   space 512K,   0% used [0x24110000, 0x24110000, 0x24190000)
 tenured generation   total 10944K, used 379K [0x29210000, 0x29cc0000, 0x33cc0000)
   the space 10944K,   3% used [0x29210000, 0x2926edb8, 0x2926ee00, 0x29cc0000)
 compacting perm gen  total 12288K, used 873K [0x33cc0000, 0x348c0000, 0x37cc0000)
   the space 12288K,   7% used [0x33cc0000, 0x33d9a7e8, 0x33d9a800, 0x348c0000)
    ro space 10240K,  42% used [0x37cc0000, 0x38104240, 0x38104400, 0x386c0000)
    rw space 12288K,  54% used [0x386c0000, 0x38d44d58, 0x38d44e00, 0x392c0000)
}
Event: 2.236 GC heap before
{Heap before GC invocations=1 (full 0):
 def new generation   total 4928K, used 4633K [0x23cc0000, 0x24210000, 0x29210000)
  eden space 4416K,  93% used [0x23cc0000, 0x240c65a0, 0x24110000)
  from space 512K, 100% used [0x24190000, 0x24210000, 0x24210000)
  to   space 512K,   0% used [0x24110000, 0x24110000, 0x24190000)
 tenured generation   total 10944K, used 1379K [0x29210000, 0x29cc0000, 0x33cc0000)
   the space 10944K,  12% used [0x29210000, 0x29368dc8, 0x29368e00, 0x29cc0000)
 compacting perm gen  total 12288K, used 1560K [0x33cc0000, 0x348c0000, 0x37cc0000)
   the space 12288K,  12% used [0x33cc0000, 0x33e46288, 0x33e46400, 0x348c0000)
    ro space 10240K,  42% used [0x37cc0000, 0x38104240, 0x38104400, 0x386c0000)
    rw space 12288K,  54% used [0x386c0000, 0x38d44d58, 0x38d44e00, 0x392c0000)
Event: 2.248 GC heap after
Heap after GC invocations=2 (full 0):
 def new generation   total 4928K, used 441K [0x23cc0000, 0x24210000, 0x29210000)
  eden space 4416K,   0% used [0x23cc0000, 0x23cc0000, 0x24110000)
  from space 512K,  86% used [0x24110000, 0x2417e720, 0x24190000)
  to   space 512K,   0% used [0x24190000, 0x24190000, 0x24210000)
 tenured generation   total 10944K, used 3566K [0x29210000, 0x29cc0000, 0x33cc0000)
   the space 10944K,  32% used [0x29210000, 0x2958ba58, 0x2958bc00, 0x29cc0000)
 compacting perm gen  total 12288K, used 1560K [0x33cc0000, 0x348c0000, 0x37cc0000)
   the space 12288K,  12% used [0x33cc0000, 0x33e46288, 0x33e46400, 0x348c0000)
    ro space 10240K,  42% used [0x37cc0000, 0x38104240, 0x38104400, 0x386c0000)
    rw space 12288K,  54% used [0x386c0000, 0x38d44d58, 0x38d44e00, 0x392c0000)
}

Deoptimization events (0 events):
No events

Internal exceptions (10 events):
Event: 2.472 Thread 0x03abd000 Threw 0x23d657b8 at C:\jdk7u2_32P\jdk7u25\hotspot\src\share\vm\prims\jvm.cpp:1235
Event: 2.473 Thread 0x03abd000 Threw 0x23d6ae98 at C:\jdk7u2_32P\jdk7u25\hotspot\src\share\vm\prims\jvm.cpp:1235
Event: 2.474 Thread 0x03abd000 Threw 0x23d6fed0 at C:\jdk7u2_32P\jdk7u25\hotspot\src\share\vm\prims\jvm.cpp:1235
Event: 2.475 Thread 0x03abd000 Threw 0x23d74f20 at C:\jdk7u2_32P\jdk7u25\hotspot\src\share\vm\prims\jvm.cpp:1235
Event: 2.477 Thread 0x03abd000 Threw 0x23d7b330 at C:\jdk7u2_32P\jdk7u25\hotspot\src\share\vm\prims\jvm.cpp:1235
Event: 2.479 Thread 0x03abd000 Threw 0x23d80b30 at C:\jdk7u2_32P\jdk7u25\hotspot\src\share\vm\prims\jvm.cpp:1235
Event: 2.480 Thread 0x03abd000 Threw 0x23d849c0 at C:\jdk7u2_32P\jdk7u25\hotspot\src\share\vm\prims\jvm.cpp:1235
Event: 2.481 Thread 0x03abd000 Threw 0x23d88f50 at C:\jdk7u2_32P\jdk7u25\hotspot\src\share\vm\prims\jvm.cpp:1235
Event: 2.482 Thread 0x03abd000 Threw 0x23d8d408 at C:\jdk7u2_32P\jdk7u25\hotspot\src\share\vm\prims\jvm.cpp:1235
Event: 2.483 Thread 0x03abd000 Threw 0x23d91078 at C:\jdk7u2_32P\jdk7u25\hotspot\src\share\vm\prims\jvm.cpp:1235

Events (10 events):
Event: 2.480 loading class 0x03abc210
Event: 2.480 loading class 0x03abc210 done
Event: 2.481 loading class 0x03adf7f0
Event: 2.481 loading class 0x03adf7f0 done
Event: 2.482 loading class 0x03adf5c0
Event: 2.482 loading class 0x03adf5c0 done
Event: 2.483 loading class 0x03adf7a0
Event: 2.483 loading class 0x03adf7a0 done
Event: 2.486 loading class 0x392f4158
Event: 2.486 loading class 0x392f4158 done


Dynamic libraries:
0x01180000 - 0x011af000 	C:\Program Files\Java\jre7\bin\javaw.exe
0x77800000 - 0x7793c000 	C:\Windows\SYSTEM32\ntdll.dll
0x76ee0000 - 0x76fb4000 	C:\Windows\system32\kernel32.dll
0x75940000 - 0x7598b000 	C:\Windows\system32\KERNELBASE.dll
0x75b90000 - 0x75c30000 	C:\Windows\system32\ADVAPI32.dll
0x76910000 - 0x769bc000 	C:\Windows\system32\msvcrt.dll
0x77970000 - 0x77989000 	C:\Windows\SYSTEM32\sechost.dll
0x77380000 - 0x77422000 	C:\Windows\system32\RPCRT4.dll
0x77070000 - 0x77139000 	C:\Windows\system32\USER32.dll
0x76cb0000 - 0x76cfe000 	C:\Windows\system32\GDI32.dll
0x77990000 - 0x7799a000 	C:\Windows\system32\LPK.dll
0x77430000 - 0x774cd000 	C:\Windows\system32\USP10.dll
0x746b0000 - 0x7484e000 	C:\Windows\WinSxS\x86_microsoft.windows.common-controls_6595b64144ccf1df_6.0.7601.17514_none_41e6975e2bd6f2b2\COMCTL32.dll
0x774d0000 - 0x77527000 	C:\Windows\system32\SHLWAPI.dll
0x77a10000 - 0x77a2f000 	C:\Windows\system32\IMM32.DLL
0x77530000 - 0x775fc000 	C:\Windows\system32\MSCTF.dll
0x71eb0000 - 0x71f6e000 	C:\Program Files\Java\jre7\bin\msvcr100.dll
0x64ed0000 - 0x65212000 	C:\Program Files\Java\jre7\bin\client\jvm.dll
0x6fad0000 - 0x6fad7000 	C:\Windows\system32\WSOCK32.dll
0x76ea0000 - 0x76ed5000 	C:\Windows\system32\WS2_32.dll
0x77950000 - 0x77956000 	C:\Windows\system32\NSI.dll
0x721a0000 - 0x721d2000 	C:\Windows\system32\WINMM.dll
0x779a0000 - 0x779a5000 	C:\Windows\system32\PSAPI.DLL
0x6b180000 - 0x6b18c000 	C:\Program Files\Java\jre7\bin\verify.dll
0x6b160000 - 0x6b180000 	C:\Program Files\Java\jre7\bin\java.dll
0x6b140000 - 0x6b153000 	C:\Program Files\Java\jre7\bin\zip.dll
0x71fc0000 - 0x72029000 	C:\Windows\System32\msvcp100.dll
0x65ae0000 - 0x65ce4000 	C:\opencv\build\x86\vc10\bin\opencv_core246.dll
0x735d0000 - 0x73645000 	C:\Users\USER\AppData\Local\Temp\javacpp2112976419727\jniopencv_core.dll
0x6b200000 - 0x6b344000 	C:\Program Files\Java\jre7\bin\awt.dll
0x77140000 - 0x771cf000 	C:\Windows\system32\OLEAUT32.dll
0x771d0000 - 0x7732c000 	C:\Windows\system32\ole32.dll
0x74200000 - 0x74213000 	C:\Windows\system32\DWMAPI.DLL
0x74530000 - 0x74570000 	C:\Windows\system32\uxtheme.dll
0x75790000 - 0x7579c000 	C:\Windows\system32\CRYPTBASE.dll
0x75cc0000 - 0x7690a000 	C:\Windows\system32\SHELL32.dll
0x71f80000 - 0x71fb1000 	C:\Program Files\Java\jre7\bin\fontmanager.dll
0x10000000 - 0x10038000 	C:\Program Files\Lenovo\Bluetooth Software\btmmhook.dll
0x74690000 - 0x746a9000 	C:\Users\USER\AppData\Local\Temp\javacpp2112976419727\jnivideoInputLib.dll
0x75c30000 - 0x75cb3000 	C:\Windows\system32\CLBCatQ.DLL
0x6b530000 - 0x6b544000 	C:\Windows\system32\devenum.dll
0x76d00000 - 0x76e9d000 	C:\Windows\system32\setupapi.dll
0x75900000 - 0x75927000 	C:\Windows\system32\CFGMGR32.dll
0x75b50000 - 0x75b62000 	C:\Windows\system32\DEVOBJ.dll
0x74b10000 - 0x74b31000 	C:\Windows\system32\ntmarta.dll
0x77330000 - 0x77375000 	C:\Windows\system32\WLDAP32.dll
0x758d0000 - 0x758fe000 	C:\Windows\system32\WINTRUST.dll
0x75a30000 - 0x75b50000 	C:\Windows\system32\CRYPT32.dll
0x758b0000 - 0x758bc000 	C:\Windows\system32\MSASN1.dll
0x70a40000 - 0x70a4b000 	C:\Windows\system32\msdmo.dll
0x72e80000 - 0x72eb2000 	C:\Windows\system32\qcap.dll
0x70f30000 - 0x70f51000 	C:\Windows\system32\MSVFW32.dll
0x74bc0000 - 0x74bc9000 	C:\Windows\system32\VERSION.dll
0x66520000 - 0x66697000 	C:\Windows\system32\quartz.dll
0x71e70000 - 0x71ea3000 	C:\Windows\system32\ksproxy.ax
0x6e4a0000 - 0x6e4a4000 	C:\Windows\system32\ksuser.dll
0x71150000 - 0x71313000 	C:\Windows\system32\d3d9.dll
0x719f0000 - 0x719f6000 	C:\Windows\system32\d3d8thk.dll
0x739c0000 - 0x739c9000 	C:\Windows\system32\vidcap.ax
0x71e50000 - 0x71e6d000 	C:\Windows\system32\kswdmcap.ax
0x66400000 - 0x6651c000 	C:\Windows\system32\MFC42.dll
0x71dc0000 - 0x71e4c000 	C:\Windows\system32\ODBC32.dll
0x71d80000 - 0x71db8000 	C:\Windows\system32\odbcint.dll
0x037a0000 - 0x037d7000 	C:\Windows\system32\370prop.ax
0x76fc0000 - 0x7703b000 	C:\Windows\system32\COMDLG32.dll
0x667b0000 - 0x66830000 	C:\Windows\System32\qedit.dll
0x743a0000 - 0x74530000 	C:\Windows\WinSxS\x86_microsoft.windows.gdiplus_6595b64144ccf1df_1.1.7601.18120_none_72d2e82386681b36\gdiplus.dll
0x71320000 - 0x71407000 	C:\Windows\system32\DDRAW.dll
0x71a00000 - 0x71a06000 	C:\Windows\system32\DCIMAN32.dll
0x66330000 - 0x663fc000 	C:\Windows\system32\D3DIM700.DLL
0x739b0000 - 0x739b9000 	C:\Windows\system32\msyuv.dll
0x649f0000 - 0x64c5a000 	C:\opencv\build\x86\vc10\bin\opencv_imgproc246.dll
0x709a0000 - 0x709d9000 	C:\Users\USER\AppData\Local\Temp\javacpp2112976419727\jniopencv_imgproc.dll
0x72030000 - 0x7211b000 	C:\Windows\system32\dbghelp.dll

VM Arguments:
jvm_args: -Dfile.encoding=Cp1252 -Xbootclasspath:C:\Program Files\Java\jre7\lib\resources.jar;C:\Program Files\Java\jre7\lib\rt.jar;C:\Program Files\Java\jre7\lib\jsse.jar;C:\Program Files\Java\jre7\lib\jce.jar;C:\Program Files\Java\jre7\lib\charsets.jar;C:\Program Files\Java\jre7\lib\jfr.jar;C:\Users\USER\Downloads\google-api-services-drive-v2-rev89-java-1.15.0-rc\drive\google-api-services-drive-v2-rev89-1.15.0-rc.jar;C:\Users\USER\Downloads\google-api-services-drive-v2-rev89-java-1.15.0-rc\drive\google-api-services-drive-v2-rev89-1.15.0-rc-javadoc.jar;C:\Users\USER\Downloads\google-api-services-drive-v2-rev89-java-1.15.0-rc\drive\google-api-services-drive-v2-rev89-1.15.0-rc-sources.jar;C:\Users\USER\Downloads\google-api-services-drive-v2-rev89-java-1.15.0-rc\drive\libs-sources\commons-logging-1.1.1-sources.jar;C:\Users\USER\Downloads\google-api-services-drive-v2-rev89-java-1.15.0-rc\drive\libs-sources\google-api-client-1.15.0-rc-sources.jar;C:\Users\USER\Downloads\google-api-services-drive-v2-rev89-java-1.15.0-rc\drive\libs-sources\google-api-client-android-1.15.0-rc-sources.jar;C:\Users\USER\Downloads\google-api-services-drive-v2-rev89-java-1.15.0-rc\drive\libs-sources\google-api-client-appengine-1.15.0-rc-sources.jar;C:\Users\USER\Downloads\google-api-services-drive-v2-rev89-java-1.15.0-rc\drive\libs-sources\google-api-client-java6-1.15.0-rc-sources.jar;C:\Users\USER\Downloads\google-api-services-drive-v2-rev89-java-1.15.0-rc\drive\libs-sources\google-api-client-servlet-1.15.0-rc-sources.jar;C:\Users\USER\Downloads\google-api-services-drive-v2-rev89-java-1.15.0-rc\drive\libs-sources\google-http-client-1.15.0-rc-sources.jar;C:\Users\USER\Downloads\google-api-services-drive-v2-rev89-java-1.15.0-rc\drive\libs-sources\google-http-client-android-1.15.0-rc-sources.jar;C:\Users\USER\Downloads\google-api-services-drive-v2-rev89-java-1.15.0-rc\drive\libs-sources\google-http-client-appengine-1.15.0-rc-sources.jar;C:\Users\USER\Downloads\google-api-services-drive-v2-rev89-java-1.15.0-rc\drive\libs-source
java_command: com.futurecam.abe.ColoredObjectTrack
Launcher Type: SUN_STANDARD

Environment Variables:
PATH=C:/Program Files/Java/jre7/bin/client;C:/Program Files/Java/jre7/bin;C:/Program Files/Java/jre7/lib/i386;C:\Windows\system32;C:\Windows;C:\Windows\System32\Wbem;C:\Windows\System32\WindowsPowerShell\v1.0\;C:\Program Files\Lenovo\Bluetooth Software\;C:\Eclipse\adt-bundle-windows-x86-20130522\eclipse;
USERNAME=USER
OS=Windows_NT
PROCESSOR_IDENTIFIER=x86 Family 6 Model 23 Stepping 10, GenuineIntel



---------------  S Y S T E M  ---------------

OS: Windows 7 Build 7601 Service Pack 1

CPU:total 2 (2 cores per cpu, 1 threads per core) family 6 model 23 stepping 10, cmov, cx8, fxsr, mmx, sse, sse2, sse3, ssse3, tsc

Memory: 4k page, physical 3105384k(1753204k free), swap 6209016k(4728720k free)

vm_info: Java HotSpot(TM) Client VM (23.25-b01) for windows-x86 JRE (1.7.0_25-b17), built on Jun 21 2013 13:06:48 by "java_re" with unknown MS VC++:1600

time: Sat Oct 12 08:52:10 2013
elapsed time: 2 seconds

