#
# A fatal error has been detected by the Java Runtime Environment:
#
#  EXCEPTION_ACCESS_VIOLATION (0xc0000005) at pc=0x72b90a85, pid=4916, tid=6880
#
# JRE version: 7.0_25-b17
# Java VM: Java HotSpot(TM) Client VM (23.25-b01 mixed mode, sharing windows-x86 )
# Problematic frame:
# C  [msvcr100.dll+0x10a85]  wcspbrk+0x77
#
# Failed to write core dump. Minidumps are not enabled by default on client versions of Windows
#
# If you would like to submit a bug report, please visit:
#   http://bugreport.sun.com/bugreport/crash.jsp
# The crash happened outside the Java Virtual Machine in native code.
# See problematic frame for where to report the bug.
#

---------------  T H R E A D  ---------------

Current thread (0x03e61400):  JavaThread "Thread-3" [_thread_in_native, id=6880, stack(0x04890000,0x048e0000)]

siginfo: ExceptionCode=0xc0000005, writing address 0x00000000

Registers:
EAX=0x00000000, EBX=0x00000000, ECX=0x00000000, EDX=0x0000000f
ESP=0x048df464, EBP=0x048df470, ESI=0x064e08a0, EDI=0x00000000
EIP=0x72b90a85, EFLAGS=0x00010206

Top of Stack: (sp=0x048df464)
0x048df464:   00000000 064e08a0 00000780 048df490
0x048df474:   5fe9ca98 00000000 064e08a0 00000780
0x048df484:   00000000 60073860 00000000 048df4bc
0x048df494:   5fe9dfc1 06400020 00000000 00000280
0x048df4a4:   000001e0 fffff880 000001e0 03e8d814
0x048df4b4:   03e8d7f8 00000001 048df4e8 5fe9ed30
0x048df4c4:   00000000 00000000 00000000 00000001
0x048df4d4:   00000000 03e61528 33e3cf68 5fe81095 

Instructions: (pc=0x72b90a85)
0x72b90a65:   00 00 00 8b d1 83 e1 7f c1 ea 07 74 5d 66 0f 6f
0x72b90a75:   06 66 0f 6f 4e 10 66 0f 6f 56 20 66 0f 6f 5e 30
0x72b90a85:   66 0f 7f 07 66 0f 7f 4f 10 66 0f 7f 57 20 66 0f
0x72b90a95:   7f 5f 30 66 0f 6f 66 40 66 0f 6f 6e 50 66 0f 6f 


Register to memory mapping:

EAX=0x00000000 is an unknown value
EBX=0x00000000 is an unknown value
ECX=0x00000000 is an unknown value
EDX=0x0000000f is an unknown value
ESP=0x048df464 is pointing into the stack for thread: 0x03e61400
EBP=0x048df470 is pointing into the stack for thread: 0x03e61400
ESI=0x064e08a0 is an unknown value
EDI=0x00000000 is an unknown value


Stack: [0x04890000,0x048e0000],  sp=0x048df464,  free space=317k
Native frames: (J=compiled Java code, j=interpreted, Vv=VM code, C=native code)
C  [msvcr100.dll+0x10a85]  wcspbrk+0x77
C  [opencv_highgui246.dll+0x1ca98]  cvShowImage+0xcd8
C  [opencv_highgui246.dll+0x1dfc1]  cvShowImage+0x2201
C  [opencv_highgui246.dll+0x1ed30]  cvShowImage+0x2f70
C  [jniopencv_highgui.dll+0x5a6d]  Java_com_googlecode_javacv_cpp_opencv_1highgui_cvRetrieveFrame+0x5d
j  com.googlecode.javacv.cpp.opencv_highgui.cvRetrieveFrame(Lcom/googlecode/javacv/cpp/opencv_highgui$CvCapture;I)Lcom/googlecode/javacv/cpp/opencv_core$IplImage;+0
j  com.googlecode.javacv.cpp.opencv_highgui.cvRetrieveFrame(Lcom/googlecode/javacv/cpp/opencv_highgui$CvCapture;)Lcom/googlecode/javacv/cpp/opencv_core$IplImage;+2
j  com.googlecode.javacv.OpenCVFrameGrabber.grab()Lcom/googlecode/javacv/cpp/opencv_core$IplImage;+4
j  com.futurecam.abe.ColoredObjectTrack.run()V+19
j  java.lang.Thread.run()V+11
v  ~StubRoutines::call_stub
V  [jvm.dll+0x124afa]
V  [jvm.dll+0x1d224e]
V  [jvm.dll+0x124caf]
V  [jvm.dll+0x124d17]
V  [jvm.dll+0xcf06f]
V  [jvm.dll+0x144447]
V  [jvm.dll+0x1445b0]
V  [jvm.dll+0x177bb9]
C  [msvcr100.dll+0x5c6de]  endthreadex+0x3a
C  [msvcr100.dll+0x5c788]  endthreadex+0xe4
C  [kernel32.dll+0x4ed5c]  BaseThreadInitThunk+0x12
C  [ntdll.dll+0x637eb]  RtlInitializeExceptionChain+0xef
C  [ntdll.dll+0x637be]  RtlInitializeExceptionChain+0xc2

Java frames: (J=compiled Java code, j=interpreted, Vv=VM code)
j  com.googlecode.javacv.cpp.opencv_highgui.cvRetrieveFrame(Lcom/googlecode/javacv/cpp/opencv_highgui$CvCapture;I)Lcom/googlecode/javacv/cpp/opencv_core$IplImage;+0
j  com.googlecode.javacv.cpp.opencv_highgui.cvRetrieveFrame(Lcom/googlecode/javacv/cpp/opencv_highgui$CvCapture;)Lcom/googlecode/javacv/cpp/opencv_core$IplImage;+2
j  com.googlecode.javacv.OpenCVFrameGrabber.grab()Lcom/googlecode/javacv/cpp/opencv_core$IplImage;+4
j  com.futurecam.abe.ColoredObjectTrack.run()V+19
j  java.lang.Thread.run()V+11
v  ~StubRoutines::call_stub

---------------  P R O C E S S  ---------------

Java Threads: ( => current thread )
  0x0012dc00 JavaThread "DestroyJavaVM" [_thread_blocked, id=4452, stack(0x006e0000,0x00730000)]
=>0x03e61400 JavaThread "Thread-3" [_thread_in_native, id=6880, stack(0x04890000,0x048e0000)]
  0x03e4f400 JavaThread "AWT-EventQueue-0" [_thread_blocked, id=5516, stack(0x04290000,0x042e0000)]
  0x03e34c00 JavaThread "AWT-Windows" daemon [_thread_in_native, id=4952, stack(0x04200000,0x04250000)]
  0x03e33400 JavaThread "AWT-Shutdown" [_thread_blocked, id=1904, stack(0x040c0000,0x04110000)]
  0x03e2f000 JavaThread "Java2D Disposer" daemon [_thread_blocked, id=7192, stack(0x03fc0000,0x04010000)]
  0x00821800 JavaThread "Service Thread" daemon [_thread_blocked, id=7748, stack(0x039d0000,0x03a20000)]
  0x0080f000 JavaThread "C1 CompilerThread0" daemon [_thread_blocked, id=7504, stack(0x03b60000,0x03bb0000)]
  0x0080dc00 JavaThread "Attach Listener" daemon [_thread_blocked, id=4668, stack(0x03c80000,0x03cd0000)]
  0x0080a800 JavaThread "Signal Dispatcher" daemon [_thread_blocked, id=6996, stack(0x03be0000,0x03c30000)]
  0x007f9000 JavaThread "Finalizer" daemon [_thread_blocked, id=7004, stack(0x03a70000,0x03ac0000)]
  0x007f4400 JavaThread "Reference Handler" daemon [_thread_blocked, id=5388, stack(0x03900000,0x03950000)]

Other Threads:
  0x007f3000 VMThread [stack: 0x03970000,0x039c0000] [id=6280]
  0x03ce1000 WatcherThread [stack: 0x03ad0000,0x03b20000] [id=8004]

VM state:not at safepoint (normal execution)

VM Mutex/Monitor currently owned by a thread: None

Heap
 def new generation   total 4928K, used 1665K [0x23cc0000, 0x24210000, 0x29210000)
  eden space 4416K,  28% used [0x23cc0000, 0x23dfe938, 0x24110000)
  from space 512K,  76% used [0x24190000, 0x241f1db8, 0x24210000)
  to   space 512K,   0% used [0x24110000, 0x24110000, 0x24190000)
 tenured generation   total 10944K, used 4534K [0x29210000, 0x29cc0000, 0x33cc0000)
   the space 10944K,  41% used [0x29210000, 0x2967da60, 0x2967dc00, 0x29cc0000)
 compacting perm gen  total 12288K, used 1688K [0x33cc0000, 0x348c0000, 0x37cc0000)
   the space 12288K,  13% used [0x33cc0000, 0x33e66350, 0x33e66400, 0x348c0000)
    ro space 10240K,  42% used [0x37cc0000, 0x38104240, 0x38104400, 0x386c0000)
    rw space 12288K,  54% used [0x386c0000, 0x38d44d58, 0x38d44e00, 0x392c0000)

Card table byte_map: [0x00600000,0x006b0000] byte_map_base: 0x004e1a00

Polling page: 0x00100000

Code Cache  [0x018f0000, 0x019d0000, 0x038f0000)
 total_blobs=411 nmethods=181 adapters=165 free_code_cache=31898Kb largest_free_block=32663744

Compilation events (10 events):
Event: 4.390 Thread 0x0080f000  176             java.nio.Buffer::position (43 bytes)
Event: 4.390 Thread 0x0080f000 nmethod 176 0x019c7e88 code [0x019c7f90, 0x019c809c]
Event: 4.410 Thread 0x0080f000  177             java.awt.Component::getTreeLock (4 bytes)
Event: 4.410 Thread 0x0080f000 nmethod 177 0x019c8108 code [0x019c8200, 0x019c8280]
Event: 4.428 Thread 0x0080f000  178             sun.java2d.loops.GraphicsPrimitiveMgr::locate (104 bytes)
Event: 4.431 Thread 0x0080f000 nmethod 178 0x019c82c8 code [0x019c8430, 0x019c8770]
Event: 4.432 Thread 0x0080f000  179             java.util.Arrays::binarySearch (10 bytes)
Event: 4.432 Thread 0x0080f000 nmethod 179 0x019c8ac8 code [0x019c8bc0, 0x019c8c5c]
Event: 4.436 Thread 0x0080f000  180             java.lang.String::regionMatches (149 bytes)
Event: 4.437 Thread 0x0080f000 nmethod 180 0x019c8d08 code [0x019c8e90, 0x019c9190]

GC Heap History (6 events):
Event: 1.717 GC heap before
{Heap before GC invocations=0 (full 0):
 def new generation   total 4928K, used 4416K [0x23cc0000, 0x24210000, 0x29210000)
  eden space 4416K, 100% used [0x23cc0000, 0x24110000, 0x24110000)
  from space 512K,   0% used [0x24110000, 0x24110000, 0x24190000)
  to   space 512K,   0% used [0x24190000, 0x24190000, 0x24210000)
 tenured generation   total 10944K, used 0K [0x29210000, 0x29cc0000, 0x33cc0000)
   the space 10944K,   0% used [0x29210000, 0x29210000, 0x29210200, 0x29cc0000)
 compacting perm gen  total 12288K, used 875K [0x33cc0000, 0x348c0000, 0x37cc0000)
   the space 12288K,   7% used [0x33cc0000, 0x33d9ad80, 0x33d9ae00, 0x348c0000)
    ro space 10240K,  42% used [0x37cc0000, 0x38104240, 0x38104400, 0x386c0000)
    rw space 12288K,  54% used [0x386c0000, 0x38d44d58, 0x38d44e00, 0x392c0000)
Event: 1.725 GC heap after
Heap after GC invocations=1 (full 0):
 def new generation   total 4928K, used 512K [0x23cc0000, 0x24210000, 0x29210000)
  eden space 4416K,   0% used [0x23cc0000, 0x23cc0000, 0x24110000)
  from space 512K, 100% used [0x24190000, 0x24210000, 0x24210000)
  to   space 512K,   0% used [0x24110000, 0x24110000, 0x24190000)
 tenured generation   total 10944K, used 379K [0x29210000, 0x29cc0000, 0x33cc0000)
   the space 10944K,   3% used [0x29210000, 0x2926ef00, 0x2926f000, 0x29cc0000)
 compacting perm gen  total 12288K, used 875K [0x33cc0000, 0x348c0000, 0x37cc0000)
   the space 12288K,   7% used [0x33cc0000, 0x33d9ad80, 0x33d9ae00, 0x348c0000)
    ro space 10240K,  42% used [0x37cc0000, 0x38104240, 0x38104400, 0x386c0000)
    rw space 12288K,  54% used [0x386c0000, 0x38d44d58, 0x38d44e00, 0x392c0000)
}
Event: 3.925 GC heap before
{Heap before GC invocations=1 (full 0):
 def new generation   total 4928K, used 4401K [0x23cc0000, 0x24210000, 0x29210000)
  eden space 4416K,  88% used [0x23cc0000, 0x2408c490, 0x24110000)
  from space 512K, 100% used [0x24190000, 0x24210000, 0x24210000)
  to   space 512K,   0% used [0x24110000, 0x24110000, 0x24190000)
 tenured generation   total 10944K, used 379K [0x29210000, 0x29cc0000, 0x33cc0000)
   the space 10944K,   3% used [0x29210000, 0x2926ef00, 0x2926f000, 0x29cc0000)
 compacting perm gen  total 12288K, used 1580K [0x33cc0000, 0x348c0000, 0x37cc0000)
   the space 12288K,  12% used [0x33cc0000, 0x33e4b188, 0x33e4b200, 0x348c0000)
    ro space 10240K,  42% used [0x37cc0000, 0x38104240, 0x38104400, 0x386c0000)
    rw space 12288K,  54% used [0x386c0000, 0x38d44d58, 0x38d44e00, 0x392c0000)
Event: 3.939 GC heap after
Heap after GC invocations=2 (full 0):
 def new generation   total 4928K, used 494K [0x23cc0000, 0x24210000, 0x29210000)
  eden space 4416K,   0% used [0x23cc0000, 0x23cc0000, 0x24110000)
  from space 512K,  96% used [0x24110000, 0x2418b8e0, 0x24190000)
  to   space 512K,   0% used [0x24190000, 0x24190000, 0x24210000)
 tenured generation   total 10944K, used 1760K [0x29210000, 0x29cc0000, 0x33cc0000)
   the space 10944K,  16% used [0x29210000, 0x293c8290, 0x293c8400, 0x29cc0000)
 compacting perm gen  total 12288K, used 1580K [0x33cc0000, 0x348c0000, 0x37cc0000)
   the space 12288K,  12% used [0x33cc0000, 0x33e4b188, 0x33e4b200, 0x348c0000)
    ro space 10240K,  42% used [0x37cc0000, 0x38104240, 0x38104400, 0x386c0000)
    rw space 12288K,  54% used [0x386c0000, 0x38d44d58, 0x38d44e00, 0x392c0000)
}
Event: 4.411 GC heap before
{Heap before GC invocations=2 (full 0):
 def new generation   total 4928K, used 3865K [0x23cc0000, 0x24210000, 0x29210000)
  eden space 4416K,  76% used [0x23cc0000, 0x2400acf0, 0x24110000)
  from space 512K,  96% used [0x24110000, 0x2418b8e0, 0x24190000)
  to   space 512K,   0% used [0x24190000, 0x24190000, 0x24210000)
 tenured generation   total 10944K, used 1760K [0x29210000, 0x29cc0000, 0x33cc0000)
   the space 10944K,  16% used [0x29210000, 0x293c8290, 0x293c8400, 0x29cc0000)
 compacting perm gen  total 12288K, used 1687K [0x33cc0000, 0x348c0000, 0x37cc0000)
   the space 12288K,  13% used [0x33cc0000, 0x33e65e50, 0x33e66000, 0x348c0000)
    ro space 10240K,  42% used [0x37cc0000, 0x38104240, 0x38104400, 0x386c0000)
    rw space 12288K,  54% used [0x386c0000, 0x38d44d58, 0x38d44e00, 0x392c0000)
Event: 4.424 GC heap after
Heap after GC invocations=3 (full 0):
 def new generation   total 4928K, used 391K [0x23cc0000, 0x24210000, 0x29210000)
  eden space 4416K,   0% used [0x23cc0000, 0x23cc0000, 0x24110000)
  from space 512K,  76% used [0x24190000, 0x241f1db8, 0x24210000)
  to   space 512K,   0% used [0x24110000, 0x24110000, 0x24190000)
 tenured generation   total 10944K, used 4534K [0x29210000, 0x29cc0000, 0x33cc0000)
   the space 10944K,  41% used [0x29210000, 0x2967da60, 0x2967dc00, 0x29cc0000)
 compacting perm gen  total 12288K, used 1687K [0x33cc0000, 0x348c0000, 0x37cc0000)
   the space 12288K,  13% used [0x33cc0000, 0x33e65e50, 0x33e66000, 0x348c0000)
    ro space 10240K,  42% used [0x37cc0000, 0x38104240, 0x38104400, 0x386c0000)
    rw space 12288K,  54% used [0x386c0000, 0x38d44d58, 0x38d44e00, 0x392c0000)
}

Deoptimization events (0 events):
No events

Internal exceptions (10 events):
Event: 4.245 Thread 0x03e61400 Threw 0x23f89c48 at C:\jdk7u2_32P\jdk7u25\hotspot\src\share\vm\prims\jvm.cpp:1235
Event: 4.246 Thread 0x03e61400 Threw 0x23f8eea8 at C:\jdk7u2_32P\jdk7u25\hotspot\src\share\vm\prims\jvm.cpp:1235
Event: 4.247 Thread 0x03e61400 Threw 0x23f93e30 at C:\jdk7u2_32P\jdk7u25\hotspot\src\share\vm\prims\jvm.cpp:1235
Event: 4.249 Thread 0x03e61400 Threw 0x23f9a2d0 at C:\jdk7u2_32P\jdk7u25\hotspot\src\share\vm\prims\jvm.cpp:1235
Event: 4.250 Thread 0x03e61400 Threw 0x23f9f6d8 at C:\jdk7u2_32P\jdk7u25\hotspot\src\share\vm\prims\jvm.cpp:1235
Event: 4.251 Thread 0x03e61400 Threw 0x23fa3558 at C:\jdk7u2_32P\jdk7u25\hotspot\src\share\vm\prims\jvm.cpp:1235
Event: 4.252 Thread 0x03e61400 Threw 0x23fa82b8 at C:\jdk7u2_32P\jdk7u25\hotspot\src\share\vm\prims\jvm.cpp:1235
Event: 4.253 Thread 0x03e61400 Threw 0x23fac718 at C:\jdk7u2_32P\jdk7u25\hotspot\src\share\vm\prims\jvm.cpp:1235
Event: 4.255 Thread 0x03e61400 Threw 0x23fb0388 at C:\jdk7u2_32P\jdk7u25\hotspot\src\share\vm\prims\jvm.cpp:1235
Event: 4.435 Thread 0x03e61400 Threw 0x23ded388 at C:\jdk7u2_32P\jdk7u25\hotspot\src\share\vm\prims\jvm.cpp:1235

Events (10 events):
Event: 4.434 Executing VM operation: RevokeBias
Event: 4.434 Executing VM operation: RevokeBias done
Event: 4.435 Executing VM operation: RevokeBias
Event: 4.435 Executing VM operation: RevokeBias done
Event: 4.435 Executing VM operation: RevokeBias
Event: 4.435 Executing VM operation: RevokeBias done
Event: 4.435 loading class 0x03ded7b0
Event: 4.435 loading class 0x03ded7b0 done
Event: 4.435 Executing VM operation: BulkRevokeBias
Event: 4.435 Executing VM operation: BulkRevokeBias done


Dynamic libraries:
0x008c0000 - 0x008ef000 	C:\Program Files\Java\jre7\bin\javaw.exe
0x77000000 - 0x7713c000 	C:\Windows\SYSTEM32\ntdll.dll
0x76df0000 - 0x76ec4000 	C:\Windows\system32\kernel32.dll
0x75210000 - 0x7525b000 	C:\Windows\system32\KERNELBASE.dll
0x757a0000 - 0x75840000 	C:\Windows\system32\ADVAPI32.dll
0x766a0000 - 0x7674c000 	C:\Windows\system32\msvcrt.dll
0x75580000 - 0x75599000 	C:\Windows\SYSTEM32\sechost.dll
0x76990000 - 0x76a32000 	C:\Windows\system32\RPCRT4.dll
0x753a0000 - 0x75469000 	C:\Windows\system32\USER32.dll
0x76ba0000 - 0x76bee000 	C:\Windows\system32\GDI32.dll
0x754a0000 - 0x754aa000 	C:\Windows\system32\LPK.dll
0x76f60000 - 0x76ffd000 	C:\Windows\system32\USP10.dll
0x73ee0000 - 0x7407e000 	C:\Windows\WinSxS\x86_microsoft.windows.common-controls_6595b64144ccf1df_6.0.7601.17514_none_41e6975e2bd6f2b2\COMCTL32.dll
0x77140000 - 0x77197000 	C:\Windows\system32\SHLWAPI.dll
0x771a0000 - 0x771bf000 	C:\Windows\system32\IMM32.DLL
0x754b0000 - 0x7557c000 	C:\Windows\system32\MSCTF.dll
0x72b80000 - 0x72c3e000 	C:\Program Files\Java\jre7\bin\msvcr100.dll
0x611c0000 - 0x61502000 	C:\Program Files\Java\jre7\bin\client\jvm.dll
0x68a20000 - 0x68a27000 	C:\Windows\system32\WSOCK32.dll
0x75760000 - 0x75795000 	C:\Windows\system32\WS2_32.dll
0x75a30000 - 0x75a36000 	C:\Windows\system32\NSI.dll
0x708c0000 - 0x708f2000 	C:\Windows\system32\WINMM.dll
0x75a40000 - 0x75a45000 	C:\Windows\system32\PSAPI.DLL
0x6ba80000 - 0x6ba8c000 	C:\Program Files\Java\jre7\bin\verify.dll
0x6b7e0000 - 0x6b800000 	C:\Program Files\Java\jre7\bin\java.dll
0x6b800000 - 0x6b813000 	C:\Program Files\Java\jre7\bin\zip.dll
0x72f30000 - 0x72f99000 	C:\Windows\System32\msvcp100.dll
0x60300000 - 0x60504000 	C:\opencv\build\x86\vc10\bin\opencv_core246.dll
0x72dc0000 - 0x72e35000 	C:\Users\USER\AppData\Local\Temp\javacpp16188250925871\jniopencv_core.dll
0x605d0000 - 0x60714000 	C:\Program Files\Java\jre7\bin\awt.dll
0x76900000 - 0x7698f000 	C:\Windows\system32\OLEAUT32.dll
0x76a40000 - 0x76b9c000 	C:\Windows\system32\ole32.dll
0x73a00000 - 0x73a13000 	C:\Windows\system32\DWMAPI.DLL
0x73d30000 - 0x73d70000 	C:\Windows\system32\uxtheme.dll
0x74fc0000 - 0x74fcc000 	C:\Windows\system32\CRYPTBASE.dll
0x75a50000 - 0x7669a000 	C:\Windows\system32\SHELL32.dll
0x72ef0000 - 0x72f21000 	C:\Program Files\Java\jre7\bin\fontmanager.dll
0x10000000 - 0x10038000 	C:\Program Files\Lenovo\Bluetooth Software\btmmhook.dll
0x70fc0000 - 0x71d59000 	C:\opencv\build\x86\vc10\bin\opencv_ffmpeg246.dll
0x60090000 - 0x602fa000 	C:\opencv\build\x86\vc10\bin\opencv_imgproc246.dll
0x5fe80000 - 0x6008a000 	C:\opencv\build\x86\vc10\bin\opencv_highgui246.dll
0x69c30000 - 0x69c49000 	C:\Windows\system32\AVIFIL32.dll
0x00870000 - 0x00884000 	C:\Windows\system32\MSACM32.dll
0x03a20000 - 0x03a41000 	C:\Windows\system32\MSVFW32.dll
0x008a0000 - 0x008b3000 	C:\Windows\system32\AVICAP32.dll
0x74530000 - 0x74539000 	C:\Windows\system32\VERSION.dll
0x73180000 - 0x7318f000 	C:\Users\USER\AppData\Local\Temp\javacpp16188250925871\jniopencv_highgui.dll
0x76ed0000 - 0x76f53000 	C:\Windows\system32\CLBCatQ.DLL
0x68ce0000 - 0x68cf4000 	C:\Windows\system32\devenum.dll
0x75840000 - 0x759dd000 	C:\Windows\system32\setupapi.dll
0x751d0000 - 0x751f7000 	C:\Windows\system32\CFGMGR32.dll
0x75180000 - 0x75192000 	C:\Windows\system32\DEVOBJ.dll
0x73e70000 - 0x73e91000 	C:\Windows\system32\ntmarta.dll
0x759e0000 - 0x75a25000 	C:\Windows\system32\WLDAP32.dll
0x751a0000 - 0x751ce000 	C:\Windows\system32\WINTRUST.dll
0x75280000 - 0x753a0000 	C:\Windows\system32\CRYPT32.dll
0x750b0000 - 0x750bc000 	C:\Windows\system32\MSASN1.dll
0x68cd0000 - 0x68cdb000 	C:\Windows\system32\msdmo.dll
0x72b40000 - 0x72b72000 	C:\Windows\system32\qcap.dll
0x5d390000 - 0x5d507000 	C:\Windows\system32\quartz.dll
0x72b00000 - 0x72b33000 	C:\Windows\system32\ksproxy.ax
0x73870000 - 0x73874000 	C:\Windows\system32\ksuser.dll
0x05a00000 - 0x05bc3000 	C:\Windows\system32\d3d9.dll
0x73540000 - 0x73546000 	C:\Windows\system32\d3d8thk.dll
0x72ee0000 - 0x72ee9000 	C:\Windows\system32\vidcap.ax
0x72e80000 - 0x72e9d000 	C:\Windows\system32\kswdmcap.ax
0x72900000 - 0x72a1c000 	C:\Windows\system32\MFC42.dll
0x6f840000 - 0x6f8cc000 	C:\Windows\system32\ODBC32.dll
0x72ac0000 - 0x72af8000 	C:\Windows\system32\odbcint.dll
0x03b20000 - 0x03b57000 	C:\Windows\system32\370prop.ax
0x76880000 - 0x768fb000 	C:\Windows\system32\COMDLG32.dll
0x6bce0000 - 0x6bd60000 	C:\Windows\System32\qedit.dll
0x73ba0000 - 0x73d30000 	C:\Windows\WinSxS\x86_microsoft.windows.gdiplus_6595b64144ccf1df_1.1.7601.18120_none_72d2e82386681b36\gdiplus.dll
0x064f0000 - 0x065d7000 	C:\Windows\system32\DDRAW.dll
0x73550000 - 0x73556000 	C:\Windows\system32\DCIMAN32.dll
0x639a0000 - 0x63a6c000 	C:\Windows\system32\D3DIM700.DLL
0x72ed0000 - 0x72ed9000 	C:\Windows\system32\msyuv.dll
0x72a70000 - 0x72aa9000 	C:\Users\USER\AppData\Local\Temp\javacpp16188250925871\jniopencv_imgproc.dll
0x6c170000 - 0x6c25b000 	C:\Windows\system32\dbghelp.dll

VM Arguments:
jvm_args: -Dfile.encoding=Cp1252 -Xbootclasspath:C:\Program Files\Java\jre7\lib\resources.jar;C:\Program Files\Java\jre7\lib\rt.jar;C:\Program Files\Java\jre7\lib\jsse.jar;C:\Program Files\Java\jre7\lib\jce.jar;C:\Program Files\Java\jre7\lib\charsets.jar;C:\Program Files\Java\jre7\lib\jfr.jar;C:\Users\USER\Downloads\google-api-services-drive-v2-rev89-java-1.15.0-rc\drive\google-api-services-drive-v2-rev89-1.15.0-rc.jar;C:\Users\USER\Downloads\google-api-services-drive-v2-rev89-java-1.15.0-rc\drive\google-api-services-drive-v2-rev89-1.15.0-rc-javadoc.jar;C:\Users\USER\Downloads\google-api-services-drive-v2-rev89-java-1.15.0-rc\drive\google-api-services-drive-v2-rev89-1.15.0-rc-sources.jar;C:\Users\USER\Downloads\google-api-services-drive-v2-rev89-java-1.15.0-rc\drive\libs-sources\commons-logging-1.1.1-sources.jar;C:\Users\USER\Downloads\google-api-services-drive-v2-rev89-java-1.15.0-rc\drive\libs-sources\google-api-client-1.15.0-rc-sources.jar;C:\Users\USER\Downloads\google-api-services-drive-v2-rev89-java-1.15.0-rc\drive\libs-sources\google-api-client-android-1.15.0-rc-sources.jar;C:\Users\USER\Downloads\google-api-services-drive-v2-rev89-java-1.15.0-rc\drive\libs-sources\google-api-client-appengine-1.15.0-rc-sources.jar;C:\Users\USER\Downloads\google-api-services-drive-v2-rev89-java-1.15.0-rc\drive\libs-sources\google-api-client-java6-1.15.0-rc-sources.jar;C:\Users\USER\Downloads\google-api-services-drive-v2-rev89-java-1.15.0-rc\drive\libs-sources\google-api-client-servlet-1.15.0-rc-sources.jar;C:\Users\USER\Downloads\google-api-services-drive-v2-rev89-java-1.15.0-rc\drive\libs-sources\google-http-client-1.15.0-rc-sources.jar;C:\Users\USER\Downloads\google-api-services-drive-v2-rev89-java-1.15.0-rc\drive\libs-sources\google-http-client-android-1.15.0-rc-sources.jar;C:\Users\USER\Downloads\google-api-services-drive-v2-rev89-java-1.15.0-rc\drive\libs-sources\google-http-client-appengine-1.15.0-rc-sources.jar;C:\Users\USER\Downloads\google-api-services-drive-v2-rev89-java-1.15.0-rc\drive\libs-source
java_command: com.futurecam.abe.ColoredObjectTrack
Launcher Type: SUN_STANDARD

Environment Variables:
PATH=C:/Program Files/Java/jre7/bin/client;C:/Program Files/Java/jre7/bin;C:/Program Files/Java/jre7/lib/i386;C:\Windows\system32;C:\Windows;C:\Windows\System32\Wbem;C:\Windows\System32\WindowsPowerShell\v1.0\;C:\Program Files\Lenovo\Bluetooth Software\;C:\Eclipse\adt-bundle-windows-x86-20130522\eclipse;
USERNAME=USER
OS=Windows_NT
PROCESSOR_IDENTIFIER=x86 Family 6 Model 23 Stepping 10, GenuineIntel



---------------  S Y S T E M  ---------------

OS: Windows 7 Build 7601 Service Pack 1

CPU:total 2 (2 cores per cpu, 1 threads per core) family 6 model 23 stepping 10, cmov, cx8, fxsr, mmx, sse, sse2, sse3, ssse3, tsc

Memory: 4k page, physical 3105384k(1703148k free), swap 6209016k(3547780k free)

vm_info: Java HotSpot(TM) Client VM (23.25-b01) for windows-x86 JRE (1.7.0_25-b17), built on Jun 21 2013 13:06:48 by "java_re" with unknown MS VC++:1600

time: Mon Oct 14 17:10:43 2013
elapsed time: 4 seconds

